------------------------------------------------------------------------------------------------------------------------

[2025-05-09 17:43:45 #1 store] 
Database 'C:\Users\itxas\git\Rides24\src\main\resources\rides.temp' is opened by 984@Itxaso

------------------------------------------------------------------------------------------------------------------------

[2025-05-09 17:44:12 #1 store] 
Database 'C:\Users\itxas\git\Rides24\src\main\resources\rides.temp' has been recovered (tr. 1-2)

[2025-05-09 17:44:12 #2 store] 
Database 'C:\Users\itxas\git\Rides24\src\main\resources\rides.temp' is opened by 18552@Itxaso

------------------------------------------------------------------------------------------------------------------------

[2025-05-09 17:50:44 #1 store] 
Database 'C:\Users\itxas\git\Rides24\src\main\resources\rides.temp' is opened by 22488@Itxaso

------------------------------------------------------------------------------------------------------------------------

[2025-05-09 17:52:22 #1 store] 
Database 'C:\Users\itxas\git\Rides24\src\main\resources\rides.temp' is opened by 21168@Itxaso

------------------------------------------------------------------------------------------------------------------------

[2025-05-09 17:53:46 #1 store] 
Database 'C:\Users\itxas\git\Rides24\src\main\resources\rides.temp' is opened by 20768@Itxaso

[2025-05-09 17:58:33 #2 type.registry] 
New type domain.User

[2025-05-09 17:58:33 #3 type] 
Type domain.User is not enhanced.

[2025-05-09 17:58:33 #4 type.registry] 
New type domain.Erreklamazioa

[2025-05-09 17:58:33 #5 type.registry] 
New type java.util.ArrayList<domain.Erreklamazioa>

[2025-05-09 17:58:33 #6 type.registry] 
New type domain.Balorazio

[2025-05-09 17:58:33 #7 type.registry] 
New type java.util.ArrayList<domain.Balorazio>

[2025-05-09 17:58:33 #8 type.registry] 
New type domain.Alerta

[2025-05-09 17:58:33 #9 type.registry] 
New type java.util.ArrayList<domain.Alerta>

[2025-05-09 17:58:33 #10 type.registry] 
New type domain.Movement

[2025-05-09 17:58:33 #11 type.registry] 
New type java.util.ArrayList<domain.Movement>

[2025-05-09 17:58:33 #12 type] 
Type domain.Erreklamazioa is not enhanced.

[2025-05-09 17:58:33 #13 type.registry] 
New type domain.Erreklamazioa$ErrekLarri

[2025-05-09 17:58:33 #14 type.registry] 
New type domain.Erreklamazioa$ErrekMota

[2025-05-09 17:58:33 #15 type.registry] 
New type domain.Eskaera

[2025-05-09 17:58:33 #16 type] 
Type domain.Balorazio is not enhanced.

[2025-05-09 17:58:33 #17 type] 
Type domain.Alerta is not enhanced.

[2025-05-09 17:58:33 #18 type.registry] 
New type domain.Alerta$AlertMota

[2025-05-09 17:58:33 #19 type] 
Type domain.Movement is not enhanced.

[2025-05-09 17:58:33 #20 type] 
Type domain.Eskaera is not enhanced.

[2025-05-09 17:58:33 #21 type.registry] 
New type domain.Ride

[2025-05-09 17:58:33 #22 type.registry] 
New type domain.Eskaera$EskaeraEgoera

[2025-05-09 17:58:33 #23 type.registry] 
New type domain.Bidaiari

[2025-05-09 17:58:33 #24 type] 
Type domain.Ride is not enhanced.

[2025-05-09 17:58:33 #25 type.registry] 
New type domain.Driver

[2025-05-09 17:58:33 #26 type.registry] 
New type java.util.ArrayList<domain.Eskaera>

[2025-05-09 17:58:33 #27 type.registry] 
New type domain.Ride$RideEgoera

[2025-05-09 17:58:33 #28 type] 
Type domain.Bidaiari is not enhanced.

[2025-05-09 17:58:33 #29 type] 
Type domain.Driver is not enhanced.

[2025-05-09 17:58:33 #30 type.registry] 
New type domain.Car

[2025-05-09 17:58:33 #31 type] 
Type domain.Car is not enhanced.

[2025-05-09 17:58:33 #32 type.registry] 
New type java.util.ArrayList<java.lang.Object>

[2025-05-09 17:58:33 #33 type.registry] 
New type java.util.Vector<java.lang.Object>

[2025-05-09 17:58:33 #34 type.registry] 
New type java.util.Vector<domain.Ride>

[2025-05-09 17:58:33 #35 type.registry] 
New type java.util.Vector<domain.Car>

------------------------------------------------------------------------------------------------------------------------

[2025-05-09 18:11:42 #1 store] 
Database 'C:\Users\itxas\git\Rides24\src\main\resources\rides.temp' is opened by 14072@Itxaso

[2025-05-09 18:11:42 #2 type.registry] 
New type domain.User

[2025-05-09 18:11:42 #3 type.registry] 
New type domain.Admin

[2025-05-09 18:11:42 #4 type] 
Type domain.User is not enhanced.

[2025-05-09 18:11:42 #5 type.registry] 
New type domain.Erreklamazioa

[2025-05-09 18:11:42 #6 type.registry] 
New type java.util.ArrayList<domain.Erreklamazioa>

[2025-05-09 18:11:42 #7 type.registry] 
New type domain.Balorazio

[2025-05-09 18:11:42 #8 type.registry] 
New type java.util.ArrayList<domain.Balorazio>

[2025-05-09 18:11:42 #9 type.registry] 
New type domain.Alerta

[2025-05-09 18:11:42 #10 type.registry] 
New type java.util.ArrayList<domain.Alerta>

[2025-05-09 18:11:42 #11 type.registry] 
New type domain.Movement

[2025-05-09 18:11:42 #12 type.registry] 
New type java.util.ArrayList<domain.Movement>

[2025-05-09 18:11:42 #13 type] 
Type domain.Admin is not enhanced.

[2025-05-09 18:11:42 #14 type] 
Type domain.Erreklamazioa is not enhanced.

[2025-05-09 18:11:42 #15 type.registry] 
New type domain.Erreklamazioa$ErrekLarri

[2025-05-09 18:11:42 #16 type.registry] 
New type domain.Erreklamazioa$ErrekMota

[2025-05-09 18:11:42 #17 type.registry] 
New type domain.Eskaera

[2025-05-09 18:11:42 #18 type] 
Type domain.Balorazio is not enhanced.

[2025-05-09 18:11:42 #19 type] 
Type domain.Alerta is not enhanced.

[2025-05-09 18:11:42 #20 type.registry] 
New type domain.Alerta$AlertMota

[2025-05-09 18:11:42 #21 type] 
Type domain.Movement is not enhanced.

[2025-05-09 18:11:42 #22 type] 
Type domain.Eskaera is not enhanced.

[2025-05-09 18:11:42 #23 type.registry] 
New type domain.Ride

[2025-05-09 18:11:42 #24 type.registry] 
New type domain.Eskaera$EskaeraEgoera

[2025-05-09 18:11:42 #25 type.registry] 
New type domain.Bidaiari

[2025-05-09 18:11:42 #26 type] 
Type domain.Ride is not enhanced.

[2025-05-09 18:11:42 #27 type.registry] 
New type domain.Driver

[2025-05-09 18:11:42 #28 type.registry] 
New type java.util.ArrayList<domain.Eskaera>

[2025-05-09 18:11:42 #29 type.registry] 
New type domain.Ride$RideEgoera

[2025-05-09 18:11:42 #30 type] 
Type domain.Bidaiari is not enhanced.

[2025-05-09 18:11:42 #31 type] 
Type domain.Driver is not enhanced.

[2025-05-09 18:11:42 #32 type.registry] 
New type domain.Car

[2025-05-09 18:11:42 #33 type] 
Type domain.Car is not enhanced.

------------------------------------------------------------------------------------------------------------------------

[2025-05-09 18:12:16 #1 store] 
Database 'C:\Users\itxas\git\Rides24\src\main\resources\rides.temp' has been recovered (tr. 1-2)

[2025-05-09 18:12:16 #2 store] 
Database 'C:\Users\itxas\git\Rides24\src\main\resources\rides.temp' is opened by 10592@Itxaso

[2025-05-09 18:12:16 #3 type.registry] 
New type domain.User

[2025-05-09 18:12:16 #4 type.registry] 
New type domain.Admin

[2025-05-09 18:12:16 #5 type] 
Type domain.User is not enhanced.

[2025-05-09 18:12:16 #6 type.registry] 
New type domain.Erreklamazioa

[2025-05-09 18:12:16 #7 type.registry] 
New type java.util.ArrayList<domain.Erreklamazioa>

[2025-05-09 18:12:16 #8 type.registry] 
New type domain.Balorazio

[2025-05-09 18:12:16 #9 type.registry] 
New type java.util.ArrayList<domain.Balorazio>

[2025-05-09 18:12:16 #10 type.registry] 
New type domain.Alerta

[2025-05-09 18:12:16 #11 type.registry] 
New type java.util.ArrayList<domain.Alerta>

[2025-05-09 18:12:16 #12 type.registry] 
New type domain.Movement

[2025-05-09 18:12:16 #13 type.registry] 
New type java.util.ArrayList<domain.Movement>

[2025-05-09 18:12:16 #14 type] 
Type domain.Admin is not enhanced.

[2025-05-09 18:12:16 #15 type] 
Type domain.Erreklamazioa is not enhanced.

[2025-05-09 18:12:16 #16 type.registry] 
New type domain.Erreklamazioa$ErrekLarri

[2025-05-09 18:12:16 #17 type.registry] 
New type domain.Erreklamazioa$ErrekMota

[2025-05-09 18:12:16 #18 type.registry] 
New type domain.Eskaera

[2025-05-09 18:12:16 #19 type] 
Type domain.Balorazio is not enhanced.

[2025-05-09 18:12:16 #20 type] 
Type domain.Alerta is not enhanced.

[2025-05-09 18:12:16 #21 type.registry] 
New type domain.Alerta$AlertMota

[2025-05-09 18:12:16 #22 type] 
Type domain.Movement is not enhanced.

[2025-05-09 18:12:16 #23 type] 
Type domain.Eskaera is not enhanced.

[2025-05-09 18:12:16 #24 type.registry] 
New type domain.Ride

[2025-05-09 18:12:16 #25 type.registry] 
New type domain.Eskaera$EskaeraEgoera

[2025-05-09 18:12:16 #26 type.registry] 
New type domain.Bidaiari

[2025-05-09 18:12:16 #27 type] 
Type domain.Ride is not enhanced.

[2025-05-09 18:12:16 #28 type.registry] 
New type domain.Driver

[2025-05-09 18:12:16 #29 type.registry] 
New type java.util.ArrayList<domain.Eskaera>

[2025-05-09 18:12:16 #30 type.registry] 
New type domain.Ride$RideEgoera

[2025-05-09 18:12:16 #31 type] 
Type domain.Bidaiari is not enhanced.

[2025-05-09 18:12:16 #32 type] 
Type domain.Driver is not enhanced.

[2025-05-09 18:12:16 #33 type.registry] 
New type domain.Car

[2025-05-09 18:12:16 #34 type] 
Type domain.Car is not enhanced.

------------------------------------------------------------------------------------------------------------------------

[2025-05-09 18:37:18 #1 store] 
Database 'C:\Users\itxas\git\Rides24\src\main\resources\rides.temp' is opened by 10308@Itxaso

[2025-05-09 18:37:18 #2 type.registry] 
New type domain.User

[2025-05-09 18:37:18 #3 type.registry] 
New type domain.Admin

[2025-05-09 18:37:18 #4 type] 
Type domain.User is not enhanced.

[2025-05-09 18:37:18 #5 type.registry] 
New type domain.Erreklamazioa

[2025-05-09 18:37:18 #6 type.registry] 
New type java.util.ArrayList<domain.Erreklamazioa>

[2025-05-09 18:37:18 #7 type.registry] 
New type domain.Balorazio

[2025-05-09 18:37:18 #8 type.registry] 
New type java.util.ArrayList<domain.Balorazio>

[2025-05-09 18:37:18 #9 type.registry] 
New type domain.Alerta

[2025-05-09 18:37:18 #10 type.registry] 
New type java.util.ArrayList<domain.Alerta>

[2025-05-09 18:37:18 #11 type.registry] 
New type domain.Movement

[2025-05-09 18:37:18 #12 type.registry] 
New type java.util.ArrayList<domain.Movement>

[2025-05-09 18:37:18 #13 type] 
Type domain.Admin is not enhanced.

[2025-05-09 18:37:18 #14 type] 
Type domain.Erreklamazioa is not enhanced.

[2025-05-09 18:37:18 #15 type.registry] 
New type domain.Erreklamazioa$ErrekLarri

[2025-05-09 18:37:18 #16 type.registry] 
New type domain.Erreklamazioa$ErrekMota

[2025-05-09 18:37:18 #17 type.registry] 
New type domain.Eskaera

[2025-05-09 18:37:18 #18 type] 
Type domain.Balorazio is not enhanced.

[2025-05-09 18:37:18 #19 type] 
Type domain.Alerta is not enhanced.

[2025-05-09 18:37:18 #20 type.registry] 
New type domain.Alerta$AlertMota

[2025-05-09 18:37:18 #21 type] 
Type domain.Movement is not enhanced.

[2025-05-09 18:37:18 #22 type] 
Type domain.Eskaera is not enhanced.

[2025-05-09 18:37:18 #23 type.registry] 
New type domain.Ride

[2025-05-09 18:37:18 #24 type.registry] 
New type domain.Eskaera$EskaeraEgoera

[2025-05-09 18:37:18 #25 type.registry] 
New type domain.Bidaiari

[2025-05-09 18:37:18 #26 type] 
Type domain.Ride is not enhanced.

[2025-05-09 18:37:18 #27 type.registry] 
New type domain.Driver

[2025-05-09 18:37:18 #28 type.registry] 
New type java.util.ArrayList<domain.Eskaera>

[2025-05-09 18:37:18 #29 type.registry] 
New type domain.Ride$RideEgoera

[2025-05-09 18:37:18 #30 type] 
Type domain.Bidaiari is not enhanced.

[2025-05-09 18:37:18 #31 type] 
Type domain.Driver is not enhanced.

[2025-05-09 18:37:18 #32 type.registry] 
New type domain.Car

[2025-05-09 18:37:18 #33 type] 
Type domain.Car is not enhanced.

------------------------------------------------------------------------------------------------------------------------

[2025-05-09 18:42:07 #1 store] 
Database 'C:\Users\itxas\git\Rides24\src\main\resources\rides.temp' is opened by 2004@Itxaso

[2025-05-09 18:42:07 #2 type.registry] 
New type domain.User

[2025-05-09 18:42:07 #3 type.registry] 
New type domain.Admin

[2025-05-09 18:42:07 #4 type] 
Type domain.User is not enhanced.

[2025-05-09 18:42:07 #5 type.registry] 
New type domain.Erreklamazioa

[2025-05-09 18:42:07 #6 type.registry] 
New type java.util.ArrayList<domain.Erreklamazioa>

[2025-05-09 18:42:07 #7 type.registry] 
New type domain.Balorazio

[2025-05-09 18:42:07 #8 type.registry] 
New type java.util.ArrayList<domain.Balorazio>

[2025-05-09 18:42:07 #9 type.registry] 
New type domain.Alerta

[2025-05-09 18:42:07 #10 type.registry] 
New type java.util.ArrayList<domain.Alerta>

[2025-05-09 18:42:07 #11 type.registry] 
New type domain.Movement

[2025-05-09 18:42:07 #12 type.registry] 
New type java.util.ArrayList<domain.Movement>

[2025-05-09 18:42:07 #13 type] 
Type domain.Admin is not enhanced.

[2025-05-09 18:42:07 #14 type] 
Type domain.Erreklamazioa is not enhanced.

[2025-05-09 18:42:07 #15 type.registry] 
New type domain.Erreklamazioa$ErrekLarri

[2025-05-09 18:42:07 #16 type.registry] 
New type domain.Erreklamazioa$ErrekMota

[2025-05-09 18:42:07 #17 type.registry] 
New type domain.Eskaera

[2025-05-09 18:42:07 #18 type] 
Type domain.Balorazio is not enhanced.

[2025-05-09 18:42:07 #19 type] 
Type domain.Alerta is not enhanced.

[2025-05-09 18:42:07 #20 type.registry] 
New type domain.Alerta$AlertMota

[2025-05-09 18:42:07 #21 type] 
Type domain.Movement is not enhanced.

[2025-05-09 18:42:07 #22 type] 
Type domain.Eskaera is not enhanced.

[2025-05-09 18:42:07 #23 type.registry] 
New type domain.Ride

[2025-05-09 18:42:07 #24 type.registry] 
New type domain.Eskaera$EskaeraEgoera

[2025-05-09 18:42:07 #25 type.registry] 
New type domain.Bidaiari

[2025-05-09 18:42:07 #26 type] 
Type domain.Ride is not enhanced.

[2025-05-09 18:42:07 #27 type.registry] 
New type domain.Driver

[2025-05-09 18:42:07 #28 type.registry] 
New type java.util.ArrayList<domain.Eskaera>

[2025-05-09 18:42:07 #29 type.registry] 
New type domain.Ride$RideEgoera

[2025-05-09 18:42:07 #30 type] 
Type domain.Bidaiari is not enhanced.

[2025-05-09 18:42:07 #31 type] 
Type domain.Driver is not enhanced.

[2025-05-09 18:42:07 #32 type.registry] 
New type domain.Car

[2025-05-09 18:42:07 #33 type] 
Type domain.Car is not enhanced.

------------------------------------------------------------------------------------------------------------------------

[2025-05-09 18:51:22 #1 store] 
Database 'C:\Users\itxas\git\Rides24\src\main\resources\rides.temp' is opened by 8780@Itxaso

[2025-05-09 18:51:22 #2 type.registry] 
New type domain.User

[2025-05-09 18:51:22 #3 type.registry] 
New type domain.Admin

[2025-05-09 18:51:22 #4 type] 
Type domain.User is not enhanced.

[2025-05-09 18:51:22 #5 type.registry] 
New type domain.Erreklamazioa

[2025-05-09 18:51:22 #6 type.registry] 
New type java.util.ArrayList<domain.Erreklamazioa>

[2025-05-09 18:51:22 #7 type.registry] 
New type domain.Balorazio

[2025-05-09 18:51:22 #8 type.registry] 
New type java.util.ArrayList<domain.Balorazio>

[2025-05-09 18:51:22 #9 type.registry] 
New type domain.Alerta

[2025-05-09 18:51:22 #10 type.registry] 
New type java.util.ArrayList<domain.Alerta>

[2025-05-09 18:51:22 #11 type.registry] 
New type domain.Movement

[2025-05-09 18:51:22 #12 type.registry] 
New type java.util.ArrayList<domain.Movement>

[2025-05-09 18:51:22 #13 type] 
Type domain.Admin is not enhanced.

[2025-05-09 18:51:22 #14 type] 
Type domain.Erreklamazioa is not enhanced.

[2025-05-09 18:51:22 #15 type.registry] 
New type domain.Erreklamazioa$ErrekLarri

[2025-05-09 18:51:22 #16 type.registry] 
New type domain.Erreklamazioa$ErrekMota

[2025-05-09 18:51:22 #17 type.registry] 
New type domain.Eskaera

[2025-05-09 18:51:22 #18 type] 
Type domain.Balorazio is not enhanced.

[2025-05-09 18:51:22 #19 type] 
Type domain.Alerta is not enhanced.

[2025-05-09 18:51:22 #20 type.registry] 
New type domain.Alerta$AlertMota

[2025-05-09 18:51:22 #21 type] 
Type domain.Movement is not enhanced.

[2025-05-09 18:51:22 #22 type] 
Type domain.Eskaera is not enhanced.

[2025-05-09 18:51:22 #23 type.registry] 
New type domain.Ride

[2025-05-09 18:51:22 #24 type.registry] 
New type domain.Eskaera$EskaeraEgoera

[2025-05-09 18:51:22 #25 type.registry] 
New type domain.Bidaiari

[2025-05-09 18:51:22 #26 type] 
Type domain.Ride is not enhanced.

[2025-05-09 18:51:22 #27 type.registry] 
New type domain.Driver

[2025-05-09 18:51:22 #28 type.registry] 
New type java.util.ArrayList<domain.Eskaera>

[2025-05-09 18:51:22 #29 type.registry] 
New type domain.Ride$RideEgoera

[2025-05-09 18:51:22 #30 type] 
Type domain.Bidaiari is not enhanced.

[2025-05-09 18:51:22 #31 type] 
Type domain.Driver is not enhanced.

[2025-05-09 18:51:22 #32 type.registry] 
New type domain.Car

[2025-05-09 18:51:22 #33 type] 
Type domain.Car is not enhanced.

