------------------------------------------------------------------------------------------------------------------------

[2025-04-03 13:01:26 #1 store] 
Database 'C:\Users\itxas\git\Rides24\src\main\resources\rides.temp' has been recovered (tr. 43-43)

[2025-04-03 13:01:26 #2 store] 
Database 'C:\Users\itxas\git\Rides24\src\main\resources\rides.temp' is opened by 19804@Itxaso

[2025-04-03 13:01:26 #3 type] 
Type domain.User is not enhanced.

[2025-04-03 13:01:26 #4 type] 
Type domain.Driver is not enhanced.

[2025-04-03 13:01:26 #5 type] 
Type domain.Ride is not enhanced.

[2025-04-03 13:01:26 #6 type] 
Type domain.Bidaiari is not enhanced.

[2025-04-03 13:01:26 #7 type] 
Type domain.Eskaera is not enhanced.

------------------------------------------------------------------------------------------------------------------------

[2025-04-03 15:48:06 #1 store] 
Database 'C:\Users\itxas\git\Rides24\src\main\resources\rides.temp' is opened by 23376@Itxaso

[2025-04-03 15:48:06 #2 type] 
Type domain.User is not enhanced.

[2025-04-03 15:48:06 #3 type] 
Type domain.Driver is not enhanced.

[2025-04-03 15:48:06 #4 type] 
Type domain.Ride is not enhanced.

[2025-04-03 15:48:06 #5 type] 
Type domain.Bidaiari is not enhanced.

[2025-04-03 15:48:06 #6 type] 
Type domain.Eskaera is not enhanced.

------------------------------------------------------------------------------------------------------------------------

[2025-04-03 15:50:56 #1 store] 
Database 'C:\Users\itxas\git\Rides24\src\main\resources\rides.temp' is opened by 5752@Itxaso

[2025-04-03 15:50:56 #2 type] 
Type domain.User is not enhanced.

[2025-04-03 15:50:56 #3 type] 
Type domain.Driver is not enhanced.

[2025-04-03 15:50:56 #4 type] 
Type domain.Ride is not enhanced.

[2025-04-03 15:50:56 #5 type] 
Type domain.Bidaiari is not enhanced.

[2025-04-03 15:50:56 #6 type] 
Type domain.Eskaera is not enhanced.

------------------------------------------------------------------------------------------------------------------------

[2025-04-03 15:52:15 #1 store] 
Database 'C:\Users\itxas\git\Rides24\src\main\resources\rides.temp' is opened by 22536@Itxaso

[2025-04-03 15:52:15 #2 type] 
Type domain.User is not enhanced.

[2025-04-03 15:52:15 #3 type] 
Type domain.Driver is not enhanced.

[2025-04-03 15:52:15 #4 type] 
Type domain.Ride is not enhanced.

[2025-04-03 15:52:15 #5 type] 
Type domain.Bidaiari is not enhanced.

[2025-04-03 15:52:15 #6 type] 
Type domain.Eskaera is not enhanced.

------------------------------------------------------------------------------------------------------------------------

[2025-04-03 15:53:13 #1 store] 
Database 'C:\Users\itxas\git\Rides24\src\main\resources\rides.temp' is opened by 8232@Itxaso

[2025-04-03 15:53:13 #2 type] 
Type domain.User is not enhanced.

[2025-04-03 15:53:13 #3 type] 
Type domain.Driver is not enhanced.

[2025-04-03 15:53:13 #4 type] 
Type domain.Ride is not enhanced.

[2025-04-03 15:53:13 #5 type] 
Type domain.Bidaiari is not enhanced.

[2025-04-03 15:53:13 #6 type] 
Type domain.Eskaera is not enhanced.

------------------------------------------------------------------------------------------------------------------------

[2025-04-03 15:54:54 #1 store] 
Database 'C:\Users\itxas\git\Rides24\src\main\resources\rides.temp' is opened by 19856@Itxaso

[2025-04-03 15:54:55 #2 type] 
Type domain.User is not enhanced.

[2025-04-03 15:54:55 #3 type] 
Type domain.Driver is not enhanced.

[2025-04-03 15:54:55 #4 type] 
Type domain.Ride is not enhanced.

[2025-04-03 15:54:55 #5 type] 
Type domain.Bidaiari is not enhanced.

[2025-04-03 15:54:55 #6 type] 
Type domain.Eskaera is not enhanced.

------------------------------------------------------------------------------------------------------------------------

[2025-04-03 15:56:13 #1 store] 
Database 'C:\Users\itxas\git\Rides24\src\main\resources\rides.temp' has been recovered (tr. 44-44)

[2025-04-03 15:56:13 #2 store] 
Database 'C:\Users\itxas\git\Rides24\src\main\resources\rides.temp' is opened by 8796@Itxaso

[2025-04-03 15:56:13 #3 type] 
Type domain.User is not enhanced.

[2025-04-03 15:56:13 #4 type] 
Type domain.Driver is not enhanced.

[2025-04-03 15:56:13 #5 type] 
Type domain.Ride is not enhanced.

[2025-04-03 15:56:13 #6 type] 
Type domain.Bidaiari is not enhanced.

[2025-04-03 15:56:13 #7 type] 
Type domain.Eskaera is not enhanced.

------------------------------------------------------------------------------------------------------------------------

[2025-04-03 19:05:50 #1 store] 
Database 'C:\Users\itxas\git\Rides24\src\main\resources\rides.temp' is opened by 20848@Itxaso

[2025-04-03 19:05:50 #2 type] 
Type domain.User is not enhanced.

[2025-04-03 19:05:50 #3 type] 
Type domain.Driver is not enhanced.

[2025-04-03 19:05:50 #4 type.registry] 
New type domain.Car

[2025-04-03 19:05:50 #5 type] 
Type domain.Ride is not enhanced.

[2025-04-03 19:05:50 #6 type] 
Type domain.Bidaiari is not enhanced.

[2025-04-03 19:05:50 #7 type] 
Type domain.Eskaera is not enhanced.

[2025-04-03 19:05:50 #8 type] 
Type domain.Car is not enhanced.

------------------------------------------------------------------------------------------------------------------------

[2025-04-03 19:08:14 #1 store] 
Database 'C:\Users\itxas\git\Rides24\src\main\resources\rides.temp' has been recovered (tr. 46-46)

[2025-04-03 19:08:14 #2 store] 
Database 'C:\Users\itxas\git\Rides24\src\main\resources\rides.temp' is opened by 13920@Itxaso

[2025-04-03 19:08:14 #3 type] 
Type domain.User is not enhanced.

[2025-04-03 19:08:14 #4 type] 
Type domain.Driver is not enhanced.

[2025-04-03 19:08:14 #5 type] 
Type domain.Ride is not enhanced.

[2025-04-03 19:08:14 #6 type] 
Type domain.Bidaiari is not enhanced.

[2025-04-03 19:08:14 #7 type] 
Type domain.Eskaera is not enhanced.

[2025-04-03 19:08:14 #8 type] 
Type domain.Car is not enhanced.

