------------------------------------------------------------------------------------------------------------------------

[2025-04-04 10:25:26 #1 store] 
Database 'C:\Users\itxas\git\Rides24\src\main\resources\rides.temp' is opened by 16668@Itxaso

[2025-04-04 10:25:26 #2 type] 
Type domain.User is not enhanced.

[2025-04-04 10:25:26 #3 type] 
Type domain.Driver is not enhanced.

[2025-04-04 10:25:26 #4 type] 
Type domain.Ride is not enhanced.

[2025-04-04 10:25:26 #5 type] 
Type domain.Bidaiari is not enhanced.

[2025-04-04 10:25:26 #6 type] 
Type domain.Eskaera is not enhanced.

[2025-04-04 10:25:26 #7 type] 
Type domain.Car is not enhanced.

------------------------------------------------------------------------------------------------------------------------

[2025-04-04 10:38:47 #1 store] 
Database 'C:\Users\itxas\git\Rides24\src\main\resources\rides.temp' has been recovered (tr. 47-47)

[2025-04-04 10:38:47 #2 store] 
Database 'C:\Users\itxas\git\Rides24\src\main\resources\rides.temp' is opened by 20408@Itxaso

[2025-04-04 10:38:47 #3 type] 
Type domain.User is not enhanced.

[2025-04-04 10:38:47 #4 type] 
Type domain.Driver is not enhanced.

[2025-04-04 10:38:47 #5 type] 
Type domain.Ride is not enhanced.

[2025-04-04 10:38:47 #6 type] 
Type domain.Bidaiari is not enhanced.

[2025-04-04 10:38:47 #7 type] 
Type domain.Eskaera is not enhanced.

[2025-04-04 10:38:47 #8 type] 
Type domain.Car is not enhanced.

