------------------------------------------------------------------------------------------------------------------------

[2025-04-07 10:38:31 #1 store] 
Database 'C:\Users\itxas\git\Rides24\src\main\resources\rides.temp' is opened by 10124@Itxaso

[2025-04-07 10:38:31 #2 type] 
Type domain.User is not enhanced.

[2025-04-07 10:38:31 #3 type] 
Type domain.Driver is not enhanced.

[2025-04-07 10:38:31 #4 type] 
Type domain.Ride is not enhanced.

[2025-04-07 10:38:31 #5 type] 
Type domain.Bidaiari is not enhanced.

[2025-04-07 10:38:31 #6 type] 
Type domain.Eskaera is not enhanced.

[2025-04-07 10:38:31 #7 type] 
Type domain.Car is not enhanced.

[2025-04-07 10:38:31 #8 type] 
Type domain.Movement is not enhanced.

------------------------------------------------------------------------------------------------------------------------

[2025-04-07 10:40:05 #1 store] 
Database 'C:\Users\itxas\git\Rides24\src\main\resources\rides.temp' has been recovered (tr. 165-165)

[2025-04-07 10:40:05 #2 store] 
Database 'C:\Users\itxas\git\Rides24\src\main\resources\rides.temp' is opened by 16432@Itxaso

[2025-04-07 10:40:05 #3 type] 
Type domain.User is not enhanced.

[2025-04-07 10:40:05 #4 type] 
Type domain.Driver is not enhanced.

[2025-04-07 10:40:05 #5 type] 
Type domain.Ride is not enhanced.

[2025-04-07 10:40:05 #6 type] 
Type domain.Bidaiari is not enhanced.

[2025-04-07 10:40:05 #7 type] 
Type domain.Eskaera is not enhanced.

[2025-04-07 10:40:05 #8 type] 
Type domain.Car is not enhanced.

[2025-04-07 10:40:05 #9 type] 
Type domain.Movement is not enhanced.

------------------------------------------------------------------------------------------------------------------------

[2025-04-07 10:46:35 #1 store] 
Database 'C:\Users\itxas\git\Rides24\src\main\resources\rides.temp' is opened by 24116@Itxaso

[2025-04-07 10:46:35 #2 type] 
Type domain.User is not enhanced.

[2025-04-07 10:46:35 #3 type] 
Type domain.Driver is not enhanced.

[2025-04-07 10:46:35 #4 type] 
Type domain.Ride is not enhanced.

[2025-04-07 10:46:35 #5 type] 
Type domain.Bidaiari is not enhanced.

[2025-04-07 10:46:35 #6 type] 
Type domain.Eskaera is not enhanced.

[2025-04-07 10:46:35 #7 type] 
Type domain.Car is not enhanced.

[2025-04-07 10:46:35 #8 type] 
Type domain.Movement is not enhanced.

------------------------------------------------------------------------------------------------------------------------

[2025-04-07 10:47:11 #1 store] 
Database 'C:\Users\itxas\git\Rides24\src\main\resources\rides.temp' is opened by 25160@Itxaso

[2025-04-07 10:47:11 #2 type] 
Type domain.User is not enhanced.

[2025-04-07 10:47:11 #3 type] 
Type domain.Driver is not enhanced.

[2025-04-07 10:47:11 #4 type] 
Type domain.Ride is not enhanced.

[2025-04-07 10:47:11 #5 type] 
Type domain.Bidaiari is not enhanced.

[2025-04-07 10:47:11 #6 type] 
Type domain.Eskaera is not enhanced.

[2025-04-07 10:47:11 #7 type] 
Type domain.Car is not enhanced.

[2025-04-07 10:47:11 #8 type] 
Type domain.Movement is not enhanced.

------------------------------------------------------------------------------------------------------------------------

[2025-04-07 10:47:58 #1 store] 
Database 'C:\Users\itxas\git\Rides24\src\main\resources\rides.temp' is opened by 18692@Itxaso

[2025-04-07 10:47:58 #2 type] 
Type domain.User is not enhanced.

[2025-04-07 10:47:58 #3 type] 
Type domain.Driver is not enhanced.

[2025-04-07 10:47:58 #4 type] 
Type domain.Ride is not enhanced.

[2025-04-07 10:47:58 #5 type] 
Type domain.Bidaiari is not enhanced.

[2025-04-07 10:47:58 #6 type] 
Type domain.Eskaera is not enhanced.

[2025-04-07 10:47:58 #7 type] 
Type domain.Car is not enhanced.

[2025-04-07 10:47:58 #8 type] 
Type domain.Movement is not enhanced.

------------------------------------------------------------------------------------------------------------------------

[2025-04-07 10:50:07 #1 store] 
Database 'C:\Users\itxas\git\Rides24\src\main\resources\rides.temp' is opened by 23576@Itxaso

[2025-04-07 10:50:07 #2 type] 
Type domain.User is not enhanced.

[2025-04-07 10:50:07 #3 type] 
Type domain.Driver is not enhanced.

[2025-04-07 10:50:07 #4 type] 
Type domain.Ride is not enhanced.

[2025-04-07 10:50:07 #5 type] 
Type domain.Bidaiari is not enhanced.

[2025-04-07 10:50:07 #6 type] 
Type domain.Eskaera is not enhanced.

[2025-04-07 10:50:07 #7 type] 
Type domain.Car is not enhanced.

[2025-04-07 10:50:07 #8 type] 
Type domain.Movement is not enhanced.

------------------------------------------------------------------------------------------------------------------------

[2025-04-07 10:52:01 #1 store] 
Database 'C:\Users\itxas\git\Rides24\src\main\resources\rides.temp' is opened by 28032@Itxaso

[2025-04-07 10:52:01 #2 type] 
Type domain.User is not enhanced.

[2025-04-07 10:52:01 #3 type] 
Type domain.Driver is not enhanced.

[2025-04-07 10:52:01 #4 type] 
Type domain.Ride is not enhanced.

[2025-04-07 10:52:01 #5 type] 
Type domain.Bidaiari is not enhanced.

[2025-04-07 10:52:01 #6 type] 
Type domain.Eskaera is not enhanced.

[2025-04-07 10:52:01 #7 type] 
Type domain.Car is not enhanced.

[2025-04-07 10:52:01 #8 type] 
Type domain.Movement is not enhanced.

------------------------------------------------------------------------------------------------------------------------

[2025-04-07 10:56:35 #1 store] 
Database 'C:\Users\itxas\git\Rides24\src\main\resources\rides.temp' is opened by 14312@Itxaso

[2025-04-07 10:56:35 #2 type] 
Type domain.User is not enhanced.

[2025-04-07 10:56:35 #3 type] 
Type domain.Driver is not enhanced.

[2025-04-07 10:56:35 #4 type] 
Type domain.Ride is not enhanced.

[2025-04-07 10:56:35 #5 type] 
Type domain.Bidaiari is not enhanced.

[2025-04-07 10:56:35 #6 type] 
Type domain.Eskaera is not enhanced.

[2025-04-07 10:56:35 #7 type] 
Type domain.Car is not enhanced.

[2025-04-07 10:56:35 #8 type] 
Type domain.Movement is not enhanced.

