------------------------------------------------------------------------------------------------------------------------

[2024-04-04 10:25:45 #1 store] 
Database 'C:\Users\Xabi\git\Rides24\src\main\resources\rides.temp' is opened by 8532@DESKTOP-PNFEN4V

[2024-04-04 10:25:46 #2 type] 
Type domain.User is not enhanced.

[2024-04-04 10:25:46 #3 type] 
Type domain.Driver is not enhanced.

[2024-04-04 10:25:46 #4 type] 
Type domain.Ride is not enhanced.

[2024-04-04 10:25:46 #5 type] 
Type domain.ReserveStatus is not enhanced.

[2024-04-04 10:25:46 #6 type] 
Type domain.Traveler is not enhanced.

------------------------------------------------------------------------------------------------------------------------

[2024-04-04 10:28:04 #1 store] 
Database 'C:\Users\Xabi\git\Rides24\src\main\resources\rides.temp' is opened by 13744@DESKTOP-PNFEN4V

[2024-04-04 10:28:04 #2 type] 
Type domain.User is not enhanced.

[2024-04-04 10:28:04 #3 type] 
Type domain.Driver is not enhanced.

[2024-04-04 10:28:04 #4 type] 
Type domain.Ride is not enhanced.

[2024-04-04 10:28:04 #5 type] 
Type domain.ReserveStatus is not enhanced.

[2024-04-04 10:28:04 #6 type] 
Type domain.Traveler is not enhanced.

------------------------------------------------------------------------------------------------------------------------

[2024-04-04 10:34:49 #1 store] 
Database 'C:\Users\Xabi\git\Rides24\src\main\resources\rides.temp' is opened by 2472@DESKTOP-PNFEN4V

[2024-04-04 10:34:49 #2 type] 
Type domain.User is not enhanced.

[2024-04-04 10:34:49 #3 type] 
Type domain.Driver is not enhanced.

[2024-04-04 10:34:49 #4 type.registry] 
New type java.util.ArrayList<domain.Car>

[2024-04-04 10:34:49 #5 type] 
Type domain.Ride is not enhanced.

[2024-04-04 10:34:49 #6 type] 
Type domain.ReserveStatus is not enhanced.

[2024-04-04 10:34:49 #7 type] 
Type domain.Traveler is not enhanced.

------------------------------------------------------------------------------------------------------------------------

[2024-04-04 10:38:07 #1 store] 
Database 'C:\Users\Xabi\git\Rides24\src\main\resources\rides.temp' has been recovered (tr. 35-35)

[2024-04-04 10:38:07 #2 store] 
Database 'C:\Users\Xabi\git\Rides24\src\main\resources\rides.temp' is opened by 5820@DESKTOP-PNFEN4V

[2024-04-04 10:38:07 #3 type] 
Type domain.User is not enhanced.

[2024-04-04 10:38:07 #4 type] 
Type domain.Driver is not enhanced.

[2024-04-04 10:38:07 #5 type] 
Type domain.Ride is not enhanced.

[2024-04-04 10:38:07 #6 type] 
Type domain.ReserveStatus is not enhanced.

[2024-04-04 10:38:07 #7 type] 
Type domain.Traveler is not enhanced.

------------------------------------------------------------------------------------------------------------------------

[2024-04-04 10:39:34 #1 store] 
Database 'C:\Users\Xabi\git\Rides24\src\main\resources\rides.temp' is opened by 972@DESKTOP-PNFEN4V

[2024-04-04 10:39:34 #2 type] 
Type domain.User is not enhanced.

[2024-04-04 10:39:34 #3 type] 
Type domain.Driver is not enhanced.

[2024-04-04 10:39:34 #4 type] 
Type domain.Ride is not enhanced.

[2024-04-04 10:39:34 #5 type] 
Type domain.ReserveStatus is not enhanced.

[2024-04-04 10:39:34 #6 type] 
Type domain.Traveler is not enhanced.

------------------------------------------------------------------------------------------------------------------------

[2024-04-04 10:41:02 #1 store] 
Database 'C:\Users\Xabi\git\Rides24\src\main\resources\rides.temp' is opened by 10340@DESKTOP-PNFEN4V

[2024-04-04 10:41:03 #2 type] 
Type domain.User is not enhanced.

[2024-04-04 10:41:03 #3 type] 
Type domain.Driver is not enhanced.

[2024-04-04 10:41:03 #4 type] 
Type domain.Ride is not enhanced.

[2024-04-04 10:41:03 #5 type] 
Type domain.ReserveStatus is not enhanced.

[2024-04-04 10:41:03 #6 type] 
Type domain.Traveler is not enhanced.

------------------------------------------------------------------------------------------------------------------------

[2024-04-04 10:44:34 #1 store] 
Database 'C:\Users\Xabi\git\Rides24\src\main\resources\rides.temp' is opened by 3612@DESKTOP-PNFEN4V

[2024-04-04 10:44:34 #2 type] 
Type domain.User is not enhanced.

[2024-04-04 10:44:34 #3 type] 
Type domain.Driver is not enhanced.

[2024-04-04 10:44:34 #4 type] 
Type domain.Ride is not enhanced.

[2024-04-04 10:44:34 #5 type] 
Type domain.ReserveStatus is not enhanced.

[2024-04-04 10:44:34 #6 type] 
Type domain.Traveler is not enhanced.

------------------------------------------------------------------------------------------------------------------------

[2024-04-04 10:57:14 #1 store] 
Database 'C:\Users\Xabi\git\Rides24\src\main\resources\rides.temp' is opened by 17832@DESKTOP-PNFEN4V

[2024-04-04 10:57:18 #2 type.registry] 
New type domain.User

[2024-04-04 10:57:18 #3 type] 
Type domain.User is not enhanced.

[2024-04-04 10:57:18 #4 type.registry] 
New type domain.Movement

[2024-04-04 10:57:18 #5 type.registry] 
New type java.util.ArrayList<domain.Movement>

[2024-04-04 10:57:18 #6 type.registry] 
New type domain.Driver

[2024-04-04 10:57:18 #7 type] 
Type domain.Driver is not enhanced.

[2024-04-04 10:57:18 #8 type.registry] 
New type domain.Car

[2024-04-04 10:57:18 #9 type.registry] 
New type java.util.ArrayList<domain.Car>

[2024-04-04 10:57:18 #10 type.registry] 
New type java.util.ArrayList<java.lang.Object>

[2024-04-04 10:57:18 #11 type.registry] 
New type domain.Traveler

[2024-04-04 10:57:18 #12 type] 
Type domain.Traveler is not enhanced.

[2024-04-04 10:57:18 #13 type.registry] 
New type domain.ReserveStatus

[2024-04-04 10:57:18 #14 type] 
Type domain.ReserveStatus is not enhanced.

[2024-04-04 10:57:18 #15 type.registry] 
New type java.util.Vector<java.lang.Object>

[2024-04-04 10:57:18 #16 type.registry] 
New type java.util.Vector<domain.ReserveStatus>

------------------------------------------------------------------------------------------------------------------------

[2024-04-04 10:57:58 #1 store] 
Database 'C:\Users\Xabi\git\Rides24\src\main\resources\rides.temp' is opened by 2968@DESKTOP-PNFEN4V

[2024-04-04 10:57:58 #2 type.registry] 
New type domain.User

[2024-04-04 10:57:58 #3 type] 
Type domain.User is not enhanced.

[2024-04-04 10:57:58 #4 type.registry] 
New type domain.Movement

[2024-04-04 10:57:58 #5 type.registry] 
New type java.util.ArrayList<domain.Movement>

[2024-04-04 10:57:58 #6 type.registry] 
New type domain.Driver

[2024-04-04 10:57:58 #7 type] 
Type domain.Driver is not enhanced.

[2024-04-04 10:57:58 #8 type.registry] 
New type domain.Car

[2024-04-04 10:57:58 #9 type.registry] 
New type java.util.ArrayList<domain.Car>

[2024-04-04 10:57:58 #10 type.registry] 
New type java.util.ArrayList<java.lang.Object>

[2024-04-04 10:57:58 #11 type.registry] 
New type domain.Traveler

[2024-04-04 10:57:58 #12 type] 
Type domain.Traveler is not enhanced.

[2024-04-04 10:57:59 #13 type.registry] 
New type domain.ReserveStatus

[2024-04-04 10:57:59 #14 type] 
Type domain.ReserveStatus is not enhanced.

[2024-04-04 10:57:59 #15 type.registry] 
New type java.util.Vector<java.lang.Object>

[2024-04-04 10:57:59 #16 type.registry] 
New type java.util.Vector<domain.ReserveStatus>

------------------------------------------------------------------------------------------------------------------------

[2024-04-04 10:59:24 #1 store] 
Database 'C:\Users\Xabi\git\Rides24\src\main\resources\rides.temp' is opened by 10388@DESKTOP-PNFEN4V

[2024-04-04 10:59:25 #2 type.registry] 
New type domain.User

[2024-04-04 10:59:25 #3 type] 
Type domain.User is not enhanced.

[2024-04-04 10:59:25 #4 type.registry] 
New type domain.Movement

[2024-04-04 10:59:25 #5 type.registry] 
New type java.util.ArrayList<domain.Movement>

[2024-04-04 10:59:25 #6 type.registry] 
New type domain.Driver

[2024-04-04 10:59:25 #7 type] 
Type domain.Driver is not enhanced.

[2024-04-04 10:59:25 #8 type.registry] 
New type domain.Car

[2024-04-04 10:59:25 #9 type.registry] 
New type java.util.ArrayList<domain.Car>

[2024-04-04 10:59:25 #10 type] 
Type domain.Car is not enhanced.

[2024-04-04 10:59:25 #11 type.registry] 
New type domain.Ride

[2024-04-04 10:59:25 #12 type.registry] 
New type java.util.ArrayList<domain.Ride>

[2024-04-04 10:59:25 #13 type] 
Type domain.Ride is not enhanced.

[2024-04-04 10:59:25 #14 type.registry] 
New type domain.ReserveStatus

[2024-04-04 10:59:25 #15 type.registry] 
New type domain.ReserveStatus[]

[2024-04-04 10:59:25 #16 type] 
Type domain.ReserveStatus is not enhanced.

[2024-04-04 10:59:25 #17 type.registry] 
New type domain.Traveler

[2024-04-04 10:59:25 #18 type] 
Type domain.Traveler is not enhanced.

[2024-04-04 10:59:25 #19 type.registry] 
New type java.util.ArrayList<java.lang.Object>

[2024-04-04 10:59:25 #20 type.registry] 
New type java.util.Vector<java.lang.Object>

[2024-04-04 10:59:25 #21 type.registry] 
New type java.util.Vector<domain.ReserveStatus>

