------------------------------------------------------------------------------------------------------------------------

[2025-04-25 11:26:00 #1 store] 
Database 'C:\Users\itxas\git\Rides24\src\main\resources\rides.temp' is opened by 30688@Itxaso

[2025-04-25 11:26:00 #2 type] 
Type domain.User is not enhanced.

[2025-04-25 11:26:00 #3 type] 
Type domain.Movement is not enhanced.

[2025-04-25 11:26:00 #4 type] 
Type domain.Driver is not enhanced.

[2025-04-25 11:26:00 #5 type] 
Type domain.Car is not enhanced.

[2025-04-25 11:26:00 #6 type] 
Type domain.Ride is not enhanced.

[2025-04-25 11:26:00 #7 type] 
Type domain.Eskaera is not enhanced.

[2025-04-25 11:26:00 #8 type] 
Type domain.Bidaiari is not enhanced.

------------------------------------------------------------------------------------------------------------------------

[2025-04-25 11:32:14 #1 store] 
Database 'C:\Users\itxas\git\Rides24\src\main\resources\rides.temp' is opened by 19304@Itxaso

[2025-04-25 11:32:14 #2 type] 
Type domain.User is not enhanced.

[2025-04-25 11:32:14 #3 type] 
Type domain.Movement is not enhanced.

[2025-04-25 11:32:14 #4 type] 
Type domain.Driver is not enhanced.

[2025-04-25 11:32:14 #5 type] 
Type domain.Car is not enhanced.

[2025-04-25 11:32:14 #6 type] 
Type domain.Ride is not enhanced.

[2025-04-25 11:32:14 #7 type] 
Type domain.Eskaera is not enhanced.

[2025-04-25 11:32:14 #8 type] 
Type domain.Bidaiari is not enhanced.

------------------------------------------------------------------------------------------------------------------------

[2025-04-25 11:48:21 #1 store] 
Database 'C:\Users\itxas\git\Rides24\src\main\resources\rides.temp' is opened by 8016@Itxaso

[2025-04-25 11:48:21 #2 type] 
Type domain.User is not enhanced.

[2025-04-25 11:48:21 #3 type] 
Type domain.Movement is not enhanced.

[2025-04-25 11:48:21 #4 type] 
Type domain.Driver is not enhanced.

[2025-04-25 11:48:21 #5 type] 
Type domain.Car is not enhanced.

[2025-04-25 11:48:21 #6 type] 
Type domain.Ride is not enhanced.

[2025-04-25 11:48:21 #7 type] 
Type domain.Eskaera is not enhanced.

[2025-04-25 11:48:21 #8 type] 
Type domain.Bidaiari is not enhanced.

------------------------------------------------------------------------------------------------------------------------

[2025-04-25 12:00:06 #1 store] 
Database 'C:\Users\itxas\git\Rides24\src\main\resources\rides.temp' is opened by 7716@Itxaso

[2025-04-25 12:00:06 #2 type] 
Type domain.User is not enhanced.

[2025-04-25 12:00:06 #3 type] 
Type domain.Movement is not enhanced.

[2025-04-25 12:00:06 #4 type] 
Type domain.Driver is not enhanced.

[2025-04-25 12:00:06 #5 type] 
Type domain.Car is not enhanced.

[2025-04-25 12:00:06 #6 type] 
Type domain.Ride is not enhanced.

[2025-04-25 12:00:06 #7 type] 
Type domain.Eskaera is not enhanced.

[2025-04-25 12:00:06 #8 type] 
Type domain.Bidaiari is not enhanced.

------------------------------------------------------------------------------------------------------------------------

[2025-04-25 12:09:44 #1 store] 
Database 'C:\Users\itxas\git\Rides24\src\main\resources\rides.temp' is opened by 9296@Itxaso

[2025-04-25 12:09:44 #2 type] 
Type domain.User is not enhanced.

[2025-04-25 12:09:45 #3 type] 
Type domain.Movement is not enhanced.

[2025-04-25 12:09:45 #4 type] 
Type domain.Driver is not enhanced.

[2025-04-25 12:09:45 #5 type] 
Type domain.Car is not enhanced.

[2025-04-25 12:09:45 #6 type] 
Type domain.Ride is not enhanced.

[2025-04-25 12:09:45 #7 type] 
Type domain.Eskaera is not enhanced.

[2025-04-25 12:09:45 #8 type] 
Type domain.Bidaiari is not enhanced.

------------------------------------------------------------------------------------------------------------------------

[2025-04-25 13:19:35 #1 store] 
Database 'C:\Users\itxas\git\Rides24\src\main\resources\rides.temp' has been recovered (tr. 63-63)

[2025-04-25 13:19:35 #2 store] 
Database 'C:\Users\itxas\git\Rides24\src\main\resources\rides.temp' is opened by 12284@Itxaso

[2025-04-25 13:19:35 #3 type] 
Type domain.User is not enhanced.

[2025-04-25 13:19:35 #4 type] 
Type domain.Movement is not enhanced.

[2025-04-25 13:19:35 #5 type] 
Type domain.Driver is not enhanced.

[2025-04-25 13:19:35 #6 type] 
Type domain.Car is not enhanced.

[2025-04-25 13:19:35 #7 type] 
Type domain.Ride is not enhanced.

[2025-04-25 13:19:35 #8 type] 
Type domain.Eskaera is not enhanced.

[2025-04-25 13:19:35 #9 type] 
Type domain.Bidaiari is not enhanced.

