------------------------------------------------------------------------------------------------------------------------

[2025-03-01 09:24:59 #1 store] 
Database 'C:\Users\itxas\git\Rides24\src\main\resources\rides.temp' is opened by 12644@Itxaso

[2025-03-01 09:24:59 #2 type] 
Type domain.User is not enhanced.

[2025-03-01 09:24:59 #3 type] 
Type domain.Driver is not enhanced.

[2025-03-01 09:24:59 #4 type] 
Type domain.Ride is not enhanced.

[2025-03-01 09:24:59 #5 type] 
Type domain.Bidaiari is not enhanced.

[2025-03-01 09:24:59 #6 type] 
Type domain.Eskaera is not enhanced.

------------------------------------------------------------------------------------------------------------------------

[2025-03-01 09:27:33 #1 store] 
Database 'C:\Users\itxas\git\Rides24\src\main\resources\rides.temp' is opened by 25392@Itxaso

[2025-03-01 09:27:33 #2 type] 
Type domain.User is not enhanced.

[2025-03-01 09:27:33 #3 type] 
Type domain.Driver is not enhanced.

[2025-03-01 09:27:33 #4 type] 
Type domain.Ride is not enhanced.

[2025-03-01 09:27:33 #5 type] 
Type domain.Bidaiari is not enhanced.

[2025-03-01 09:27:34 #6 type] 
Type domain.Eskaera is not enhanced.

------------------------------------------------------------------------------------------------------------------------

[2025-03-01 09:28:48 #1 store] 
Database 'C:\Users\itxas\git\Rides24\src\main\resources\rides.temp' is opened by 18292@Itxaso

[2025-03-01 09:28:48 #2 type] 
Type domain.User is not enhanced.

[2025-03-01 09:28:48 #3 type] 
Type domain.Driver is not enhanced.

[2025-03-01 09:28:48 #4 type] 
Type domain.Ride is not enhanced.

[2025-03-01 09:28:48 #5 type] 
Type domain.Bidaiari is not enhanced.

[2025-03-01 09:28:48 #6 type] 
Type domain.Eskaera is not enhanced.

------------------------------------------------------------------------------------------------------------------------

[2025-03-01 09:29:33 #1 store] 
Database 'C:\Users\itxas\git\Rides24\src\main\resources\rides.temp' is opened by 27796@Itxaso

[2025-03-01 09:29:33 #2 type] 
Type domain.User is not enhanced.

[2025-03-01 09:29:33 #3 type] 
Type domain.Driver is not enhanced.

[2025-03-01 09:29:33 #4 type] 
Type domain.Ride is not enhanced.

[2025-03-01 09:29:33 #5 type] 
Type domain.Bidaiari is not enhanced.

[2025-03-01 09:29:33 #6 type] 
Type domain.Eskaera is not enhanced.

------------------------------------------------------------------------------------------------------------------------

[2025-03-01 09:33:36 #1 store] 
Database 'C:\Users\itxas\git\Rides24\src\main\resources\rides.temp' is opened by 14936@Itxaso

[2025-03-01 09:33:36 #2 type] 
Type domain.User is not enhanced.

[2025-03-01 09:33:36 #3 type] 
Type domain.Driver is not enhanced.

[2025-03-01 09:33:36 #4 type] 
Type domain.Ride is not enhanced.

[2025-03-01 09:33:37 #5 type] 
Type domain.Bidaiari is not enhanced.

[2025-03-01 09:33:37 #6 type] 
Type domain.Eskaera is not enhanced.

------------------------------------------------------------------------------------------------------------------------

[2025-03-01 09:50:43 #1 store] 
Database 'C:\Users\itxas\git\Rides24\src\main\resources\rides.temp' is opened by 15092@Itxaso

[2025-03-01 09:50:43 #2 type] 
Type domain.User is not enhanced.

[2025-03-01 09:50:43 #3 type] 
Type domain.Driver is not enhanced.

[2025-03-01 09:50:43 #4 type] 
Type domain.Ride is not enhanced.

[2025-03-01 09:50:43 #5 type] 
Type domain.Bidaiari is not enhanced.

[2025-03-01 09:50:43 #6 type] 
Type domain.Eskaera is not enhanced.

------------------------------------------------------------------------------------------------------------------------

[2025-03-01 09:51:49 #1 store] 
Database 'C:\Users\itxas\git\Rides24\src\main\resources\rides.temp' is opened by 19600@Itxaso

[2025-03-01 09:51:49 #2 type] 
Type domain.User is not enhanced.

[2025-03-01 09:51:49 #3 type] 
Type domain.Driver is not enhanced.

[2025-03-01 09:51:49 #4 type] 
Type domain.Ride is not enhanced.

[2025-03-01 09:51:49 #5 type] 
Type domain.Bidaiari is not enhanced.

[2025-03-01 09:51:49 #6 type] 
Type domain.Eskaera is not enhanced.

------------------------------------------------------------------------------------------------------------------------

[2025-03-01 10:03:56 #1 store] 
Database 'C:\Users\itxas\git\Rides24\src\main\resources\rides.temp' is opened by 26844@Itxaso

[2025-03-01 10:03:56 #2 type] 
Type domain.User is not enhanced.

[2025-03-01 10:03:56 #3 type] 
Type domain.Driver is not enhanced.

[2025-03-01 10:03:56 #4 type] 
Type domain.Ride is not enhanced.

[2025-03-01 10:03:56 #5 type] 
Type domain.Bidaiari is not enhanced.

[2025-03-01 10:03:56 #6 type] 
Type domain.Eskaera is not enhanced.

------------------------------------------------------------------------------------------------------------------------

[2025-03-01 10:10:43 #1 store] 
Database 'C:\Users\itxas\git\Rides24\src\main\resources\rides.temp' is opened by 4244@Itxaso

[2025-03-01 10:10:43 #2 type] 
Type domain.User is not enhanced.

[2025-03-01 10:10:43 #3 type] 
Type domain.Driver is not enhanced.

[2025-03-01 10:10:43 #4 type] 
Type domain.Ride is not enhanced.

[2025-03-01 10:10:43 #5 type] 
Type domain.Bidaiari is not enhanced.

[2025-03-01 10:10:43 #6 type] 
Type domain.Eskaera is not enhanced.

------------------------------------------------------------------------------------------------------------------------

[2025-03-01 11:13:52 #1 store] 
Database 'C:\Users\itxas\git\Rides24\src\main\resources\rides.temp' is opened by 3560@Itxaso

[2025-03-01 11:13:52 #2 type] 
Type domain.User is not enhanced.

[2025-03-01 11:13:53 #3 type] 
Type domain.Driver is not enhanced.

[2025-03-01 11:13:53 #4 type] 
Type domain.Ride is not enhanced.

[2025-03-01 11:13:53 #5 type] 
Type domain.Bidaiari is not enhanced.

[2025-03-01 11:13:53 #6 type] 
Type domain.Eskaera is not enhanced.

------------------------------------------------------------------------------------------------------------------------

[2025-03-01 11:17:28 #1 store] 
Database 'C:\Users\itxas\git\Rides24\src\main\resources\rides.temp' is opened by 9456@Itxaso

[2025-03-01 11:17:29 #2 type] 
Type domain.User is not enhanced.

[2025-03-01 11:17:29 #3 type] 
Type domain.Driver is not enhanced.

[2025-03-01 11:17:29 #4 type] 
Type domain.Ride is not enhanced.

[2025-03-01 11:17:29 #5 type] 
Type domain.Bidaiari is not enhanced.

[2025-03-01 11:17:29 #6 type] 
Type domain.Eskaera is not enhanced.

------------------------------------------------------------------------------------------------------------------------

[2025-03-01 11:18:29 #1 store] 
Database 'C:\Users\itxas\git\Rides24\src\main\resources\rides.temp' has been recovered (tr. 23-23)

[2025-03-01 11:18:29 #2 store] 
Database 'C:\Users\itxas\git\Rides24\src\main\resources\rides.temp' is opened by 15420@Itxaso

[2025-03-01 11:18:30 #3 type] 
Type domain.User is not enhanced.

[2025-03-01 11:18:30 #4 type] 
Type domain.Driver is not enhanced.

[2025-03-01 11:18:30 #5 type] 
Type domain.Ride is not enhanced.

[2025-03-01 11:18:30 #6 type] 
Type domain.Bidaiari is not enhanced.

[2025-03-01 11:18:30 #7 type] 
Type domain.Eskaera is not enhanced.

------------------------------------------------------------------------------------------------------------------------

[2025-03-01 11:19:01 #1 store] 
Database 'C:\Users\itxas\git\Rides24\src\main\resources\rides.temp' has been recovered (tr. 24-24)

[2025-03-01 11:19:01 #2 store] 
Database 'C:\Users\itxas\git\Rides24\src\main\resources\rides.temp' is opened by 25828@Itxaso

[2025-03-01 11:19:01 #3 type] 
Type domain.User is not enhanced.

[2025-03-01 11:19:01 #4 type] 
Type domain.Driver is not enhanced.

[2025-03-01 11:19:01 #5 type] 
Type domain.Ride is not enhanced.

[2025-03-01 11:19:01 #6 type] 
Type domain.Bidaiari is not enhanced.

[2025-03-01 11:19:01 #7 type] 
Type domain.Eskaera is not enhanced.

------------------------------------------------------------------------------------------------------------------------

[2025-03-01 11:20:11 #1 store] 
Database 'C:\Users\itxas\git\Rides24\src\main\resources\rides.temp' has been recovered (tr. 25-25)

[2025-03-01 11:20:11 #2 store] 
Database 'C:\Users\itxas\git\Rides24\src\main\resources\rides.temp' is opened by 24152@Itxaso

[2025-03-01 11:20:11 #3 type] 
Type domain.User is not enhanced.

[2025-03-01 11:20:11 #4 type] 
Type domain.Driver is not enhanced.

[2025-03-01 11:20:11 #5 type] 
Type domain.Ride is not enhanced.

[2025-03-01 11:20:11 #6 type] 
Type domain.Bidaiari is not enhanced.

[2025-03-01 11:20:11 #7 type] 
Type domain.Eskaera is not enhanced.

------------------------------------------------------------------------------------------------------------------------

[2025-03-01 12:28:37 #1 store] 
Database 'C:\Users\itxas\git\Rides24\src\main\resources\rides.temp' is opened by 23968@Itxaso

[2025-03-01 12:28:37 #2 type] 
Type domain.User is not enhanced.

[2025-03-01 12:28:37 #3 type] 
Type domain.Driver is not enhanced.

[2025-03-01 12:28:37 #4 type] 
Type domain.Ride is not enhanced.

[2025-03-01 12:28:37 #5 type] 
Type domain.Bidaiari is not enhanced.

[2025-03-01 12:28:37 #6 type] 
Type domain.Eskaera is not enhanced.

------------------------------------------------------------------------------------------------------------------------

[2025-03-01 12:33:18 #1 store] 
Database 'C:\Users\itxas\git\Rides24\src\main\resources\rides.temp' is opened by 17940@Itxaso

[2025-03-01 12:33:19 #2 type] 
Type domain.User is not enhanced.

[2025-03-01 12:33:19 #3 type] 
Type domain.Driver is not enhanced.

[2025-03-01 12:33:19 #4 type] 
Type domain.Ride is not enhanced.

[2025-03-01 12:33:19 #5 type] 
Type domain.Bidaiari is not enhanced.

[2025-03-01 12:33:19 #6 type] 
Type domain.Eskaera is not enhanced.

------------------------------------------------------------------------------------------------------------------------

[2025-03-01 12:35:06 #1 store] 
Database 'C:\Users\itxas\git\Rides24\src\main\resources\rides.temp' is opened by 16488@Itxaso

[2025-03-01 12:35:07 #2 type] 
Type domain.User is not enhanced.

[2025-03-01 12:35:07 #3 type] 
Type domain.Driver is not enhanced.

[2025-03-01 12:35:07 #4 type] 
Type domain.Ride is not enhanced.

[2025-03-01 12:35:07 #5 type] 
Type domain.Bidaiari is not enhanced.

[2025-03-01 12:35:07 #6 type] 
Type domain.Eskaera is not enhanced.

------------------------------------------------------------------------------------------------------------------------

[2025-03-01 13:05:07 #1 store] 
Database 'C:\Users\itxas\git\Rides24\src\main\resources\rides.temp' is opened by 9512@Itxaso

[2025-03-01 13:05:07 #2 type] 
Type domain.User is not enhanced.

[2025-03-01 13:05:07 #3 type] 
Type domain.Driver is not enhanced.

[2025-03-01 13:05:07 #4 type] 
Type domain.Ride is not enhanced.

[2025-03-01 13:05:07 #5 type] 
Type domain.Bidaiari is not enhanced.

[2025-03-01 13:05:07 #6 type] 
Type domain.Eskaera is not enhanced.

------------------------------------------------------------------------------------------------------------------------

[2025-03-01 13:14:00 #1 store] 
Database 'C:\Users\itxas\git\Rides24\src\main\resources\rides.temp' is opened by 21396@Itxaso

[2025-03-01 13:14:00 #2 type] 
Type domain.User is not enhanced.

[2025-03-01 13:14:00 #3 type] 
Type domain.Driver is not enhanced.

[2025-03-01 13:14:00 #4 type] 
Type domain.Ride is not enhanced.

[2025-03-01 13:14:00 #5 type] 
Type domain.Bidaiari is not enhanced.

[2025-03-01 13:14:00 #6 type] 
Type domain.Eskaera is not enhanced.

------------------------------------------------------------------------------------------------------------------------

[2025-03-01 13:17:53 #1 store] 
Database 'C:\Users\itxas\git\Rides24\src\main\resources\rides.temp' is opened by 24656@Itxaso

[2025-03-01 13:17:53 #2 type] 
Type domain.User is not enhanced.

[2025-03-01 13:17:53 #3 type] 
Type domain.Driver is not enhanced.

[2025-03-01 13:17:53 #4 type] 
Type domain.Ride is not enhanced.

[2025-03-01 13:17:53 #5 type] 
Type domain.Bidaiari is not enhanced.

[2025-03-01 13:17:53 #6 type] 
Type domain.Eskaera is not enhanced.

------------------------------------------------------------------------------------------------------------------------

[2025-03-01 13:18:31 #1 store] 
Database 'C:\Users\itxas\git\Rides24\src\main\resources\rides.temp' has been recovered (tr. 28-29)

[2025-03-01 13:18:31 #2 store] 
Database 'C:\Users\itxas\git\Rides24\src\main\resources\rides.temp' is opened by 9232@Itxaso

[2025-03-01 13:18:31 #3 type] 
Type domain.User is not enhanced.

[2025-03-01 13:18:31 #4 type] 
Type domain.Driver is not enhanced.

[2025-03-01 13:18:31 #5 type] 
Type domain.Ride is not enhanced.

[2025-03-01 13:18:31 #6 type] 
Type domain.Bidaiari is not enhanced.

[2025-03-01 13:18:31 #7 type] 
Type domain.Eskaera is not enhanced.

