------------------------------------------------------------------------------------------------------------------------

[2024-04-03 11:15:09 #1 store] 
Database 'C:\Users\Xabi\git\Rides24\src\main\resources\rides.temp' has been recovered (tr. 30-30)

[2024-04-03 11:15:09 #2 store] 
Database 'C:\Users\Xabi\git\Rides24\src\main\resources\rides.temp' is opened by 1764@DESKTOP-PNFEN4V

[2024-04-03 11:15:09 #3 type] 
Type domain.User is not enhanced.

[2024-04-03 11:15:09 #4 type.registry] 
New type domain.Movement

[2024-04-03 11:15:09 #5 type.registry] 
New type java.util.ArrayList<domain.Movement>

[2024-04-03 11:15:09 #6 type] 
Type domain.Driver is not enhanced.

[2024-04-03 11:15:09 #7 type.registry] 
New type domain.Car

[2024-04-03 11:15:09 #8 type] 
Type domain.Ride is not enhanced.

[2024-04-03 11:15:09 #9 type] 
Type domain.ReserveStatus is not enhanced.

[2024-04-03 11:15:09 #10 type] 
Type domain.Traveler is not enhanced.

[2024-04-03 11:15:32 #11 type.registry] 
New type java.util.Vector<domain.Car>

[2024-04-03 11:15:32 #12 type.registry] 
New type java.util.ArrayList<java.lang.Object>

------------------------------------------------------------------------------------------------------------------------

[2024-04-03 11:25:32 #1 store] 
Database 'C:\Users\Xabi\git\Rides24\src\main\resources\rides.temp' has been recovered (tr. 31-34)

[2024-04-03 11:25:33 #2 store] 
Database 'C:\Users\Xabi\git\Rides24\src\main\resources\rides.temp' is opened by 6152@DESKTOP-PNFEN4V

[2024-04-03 11:25:33 #3 type] 
Type domain.User is not enhanced.

[2024-04-03 11:25:33 #4 type] 
Type domain.Driver is not enhanced.

[2024-04-03 11:25:33 #5 type] 
Type domain.Ride is not enhanced.

[2024-04-03 11:25:33 #6 type] 
Type domain.ReserveStatus is not enhanced.

[2024-04-03 11:25:33 #7 type] 
Type domain.Traveler is not enhanced.

------------------------------------------------------------------------------------------------------------------------

[2024-04-03 11:26:41 #1 store] 
Database 'C:\Users\Xabi\git\Rides24\src\main\resources\rides.temp' is opened by 17140@DESKTOP-PNFEN4V

[2024-04-03 11:26:42 #2 type] 
Type domain.User is not enhanced.

[2024-04-03 11:26:42 #3 type] 
Type domain.Driver is not enhanced.

[2024-04-03 11:26:42 #4 type] 
Type domain.Ride is not enhanced.

[2024-04-03 11:26:42 #5 type] 
Type domain.ReserveStatus is not enhanced.

[2024-04-03 11:26:42 #6 type] 
Type domain.Traveler is not enhanced.

------------------------------------------------------------------------------------------------------------------------

[2024-04-03 11:28:39 #1 store] 
Database 'C:\Users\Xabi\git\Rides24\src\main\resources\rides.temp' is opened by 2940@DESKTOP-PNFEN4V

[2024-04-03 11:28:40 #2 type] 
Type domain.User is not enhanced.

[2024-04-03 11:28:40 #3 type] 
Type domain.Driver is not enhanced.

[2024-04-03 11:28:40 #4 type] 
Type domain.Ride is not enhanced.

[2024-04-03 11:28:40 #5 type] 
Type domain.ReserveStatus is not enhanced.

[2024-04-03 11:28:40 #6 type] 
Type domain.Traveler is not enhanced.

------------------------------------------------------------------------------------------------------------------------

[2024-04-03 11:29:32 #1 store] 
Database 'C:\Users\Xabi\git\Rides24\src\main\resources\rides.temp' is opened by 12920@DESKTOP-PNFEN4V

[2024-04-03 11:29:32 #2 type] 
Type domain.User is not enhanced.

[2024-04-03 11:29:32 #3 type] 
Type domain.Driver is not enhanced.

[2024-04-03 11:29:32 #4 type] 
Type domain.Ride is not enhanced.

[2024-04-03 11:29:32 #5 type] 
Type domain.ReserveStatus is not enhanced.

[2024-04-03 11:29:32 #6 type] 
Type domain.Traveler is not enhanced.

