------------------------------------------------------------------------------------------------------------------------

[2025-04-06 10:50:46 #1 store] 
Database 'C:\Users\itxas\git\Rides24\src\main\resources\rides.temp' is opened by 22980@Itxaso

[2025-04-06 10:50:46 #2 type] 
Type domain.User is not enhanced.

[2025-04-06 10:50:46 #3 type] 
Type domain.Driver is not enhanced.

[2025-04-06 10:50:46 #4 type] 
Type domain.Ride is not enhanced.

[2025-04-06 10:50:46 #5 type] 
Type domain.Bidaiari is not enhanced.

[2025-04-06 10:50:46 #6 type] 
Type domain.Eskaera is not enhanced.

[2025-04-06 10:50:46 #7 type] 
Type domain.Car is not enhanced.

[2025-04-06 10:50:46 #8 type] 
Type domain.Movement is not enhanced.

------------------------------------------------------------------------------------------------------------------------

[2025-04-06 10:52:14 #1 store] 
Database 'C:\Users\itxas\git\Rides24\src\main\resources\rides.temp' has been recovered (tr. 125-126)

[2025-04-06 10:52:15 #2 store] 
Database 'C:\Users\itxas\git\Rides24\src\main\resources\rides.temp' is opened by 15932@Itxaso

[2025-04-06 10:52:15 #3 type] 
Type domain.User is not enhanced.

[2025-04-06 10:52:15 #4 type] 
Type domain.Driver is not enhanced.

[2025-04-06 10:52:15 #5 type] 
Type domain.Ride is not enhanced.

[2025-04-06 10:52:15 #6 type] 
Type domain.Bidaiari is not enhanced.

[2025-04-06 10:52:15 #7 type] 
Type domain.Eskaera is not enhanced.

[2025-04-06 10:52:15 #8 type] 
Type domain.Car is not enhanced.

[2025-04-06 10:52:15 #9 type] 
Type domain.Movement is not enhanced.

------------------------------------------------------------------------------------------------------------------------

[2025-04-06 10:52:51 #1 store] 
Database 'C:\Users\itxas\git\Rides24\src\main\resources\rides.temp' has been recovered (tr. 127-128)

[2025-04-06 10:52:51 #2 store] 
Database 'C:\Users\itxas\git\Rides24\src\main\resources\rides.temp' is opened by 21700@Itxaso

[2025-04-06 10:52:51 #3 type] 
Type domain.User is not enhanced.

[2025-04-06 10:52:51 #4 type] 
Type domain.Driver is not enhanced.

[2025-04-06 10:52:51 #5 type] 
Type domain.Ride is not enhanced.

[2025-04-06 10:52:51 #6 type] 
Type domain.Bidaiari is not enhanced.

[2025-04-06 10:52:51 #7 type] 
Type domain.Eskaera is not enhanced.

[2025-04-06 10:52:51 #8 type] 
Type domain.Car is not enhanced.

[2025-04-06 10:52:51 #9 type] 
Type domain.Movement is not enhanced.

------------------------------------------------------------------------------------------------------------------------

[2025-04-06 10:54:34 #1 store] 
Database 'C:\Users\itxas\git\Rides24\src\main\resources\rides.temp' has been recovered (tr. 129-131)

[2025-04-06 10:54:34 #2 store] 
Database 'C:\Users\itxas\git\Rides24\src\main\resources\rides.temp' is opened by 27064@Itxaso

[2025-04-06 10:54:34 #3 type] 
Type domain.User is not enhanced.

[2025-04-06 10:54:34 #4 type] 
Type domain.Driver is not enhanced.

[2025-04-06 10:54:34 #5 type] 
Type domain.Ride is not enhanced.

[2025-04-06 10:54:34 #6 type] 
Type domain.Bidaiari is not enhanced.

[2025-04-06 10:54:34 #7 type] 
Type domain.Eskaera is not enhanced.

[2025-04-06 10:54:34 #8 type] 
Type domain.Car is not enhanced.

[2025-04-06 10:54:34 #9 type] 
Type domain.Movement is not enhanced.

------------------------------------------------------------------------------------------------------------------------

[2025-04-06 10:56:07 #1 store] 
Database 'C:\Users\itxas\git\Rides24\src\main\resources\rides.temp' is opened by 27320@Itxaso

[2025-04-06 10:56:07 #2 type] 
Type domain.User is not enhanced.

[2025-04-06 10:56:07 #3 type] 
Type domain.Driver is not enhanced.

[2025-04-06 10:56:07 #4 type] 
Type domain.Ride is not enhanced.

[2025-04-06 10:56:07 #5 type] 
Type domain.Bidaiari is not enhanced.

[2025-04-06 10:56:07 #6 type] 
Type domain.Eskaera is not enhanced.

[2025-04-06 10:56:07 #7 type] 
Type domain.Car is not enhanced.

[2025-04-06 10:56:07 #8 type] 
Type domain.Movement is not enhanced.

------------------------------------------------------------------------------------------------------------------------

[2025-04-06 10:56:41 #1 store] 
Database 'C:\Users\itxas\git\Rides24\src\main\resources\rides.temp' has been recovered (tr. 132-133)

[2025-04-06 10:56:41 #2 store] 
Database 'C:\Users\itxas\git\Rides24\src\main\resources\rides.temp' is opened by 27072@Itxaso

[2025-04-06 10:56:41 #3 type] 
Type domain.User is not enhanced.

[2025-04-06 10:56:42 #4 type] 
Type domain.Driver is not enhanced.

[2025-04-06 10:56:42 #5 type] 
Type domain.Ride is not enhanced.

[2025-04-06 10:56:42 #6 type] 
Type domain.Bidaiari is not enhanced.

[2025-04-06 10:56:42 #7 type] 
Type domain.Eskaera is not enhanced.

[2025-04-06 10:56:42 #8 type] 
Type domain.Car is not enhanced.

[2025-04-06 10:56:42 #9 type] 
Type domain.Movement is not enhanced.

------------------------------------------------------------------------------------------------------------------------

[2025-04-06 11:00:02 #1 store] 
Database 'C:\Users\itxas\git\Rides24\src\main\resources\rides.temp' is opened by 9296@Itxaso

[2025-04-06 11:00:02 #2 type] 
Type domain.User is not enhanced.

[2025-04-06 11:00:02 #3 type] 
Type domain.Driver is not enhanced.

[2025-04-06 11:00:02 #4 type] 
Type domain.Ride is not enhanced.

[2025-04-06 11:00:02 #5 type] 
Type domain.Bidaiari is not enhanced.

[2025-04-06 11:00:02 #6 type] 
Type domain.Eskaera is not enhanced.

[2025-04-06 11:00:02 #7 type] 
Type domain.Car is not enhanced.

[2025-04-06 11:00:02 #8 type] 
Type domain.Movement is not enhanced.

------------------------------------------------------------------------------------------------------------------------

[2025-04-06 11:02:39 #1 store] 
Database 'C:\Users\itxas\git\Rides24\src\main\resources\rides.temp' has been recovered (tr. 134-143)

[2025-04-06 11:02:39 #2 store] 
Database 'C:\Users\itxas\git\Rides24\src\main\resources\rides.temp' is opened by 25012@Itxaso

[2025-04-06 11:02:39 #3 type] 
Type domain.User is not enhanced.

[2025-04-06 11:02:39 #4 type] 
Type domain.Driver is not enhanced.

[2025-04-06 11:02:39 #5 type] 
Type domain.Ride is not enhanced.

[2025-04-06 11:02:39 #6 type] 
Type domain.Bidaiari is not enhanced.

[2025-04-06 11:02:39 #7 type] 
Type domain.Eskaera is not enhanced.

[2025-04-06 11:02:39 #8 type] 
Type domain.Car is not enhanced.

[2025-04-06 11:02:39 #9 type] 
Type domain.Movement is not enhanced.

------------------------------------------------------------------------------------------------------------------------

[2025-04-06 11:06:40 #1 store] 
Database 'C:\Users\itxas\git\Rides24\src\main\resources\rides.temp' is opened by 23420@Itxaso

[2025-04-06 11:06:40 #2 type] 
Type domain.User is not enhanced.

[2025-04-06 11:06:40 #3 type] 
Type domain.Driver is not enhanced.

[2025-04-06 11:06:40 #4 type] 
Type domain.Ride is not enhanced.

[2025-04-06 11:06:40 #5 type] 
Type domain.Bidaiari is not enhanced.

[2025-04-06 11:06:40 #6 type] 
Type domain.Eskaera is not enhanced.

[2025-04-06 11:06:40 #7 type] 
Type domain.Car is not enhanced.

[2025-04-06 11:06:40 #8 type] 
Type domain.Movement is not enhanced.

------------------------------------------------------------------------------------------------------------------------

[2025-04-06 11:07:31 #1 store] 
Database 'C:\Users\itxas\git\Rides24\src\main\resources\rides.temp' is opened by 27252@Itxaso

[2025-04-06 11:07:31 #2 type] 
Type domain.User is not enhanced.

[2025-04-06 11:07:31 #3 type] 
Type domain.Driver is not enhanced.

[2025-04-06 11:07:31 #4 type] 
Type domain.Ride is not enhanced.

[2025-04-06 11:07:31 #5 type] 
Type domain.Bidaiari is not enhanced.

[2025-04-06 11:07:31 #6 type] 
Type domain.Eskaera is not enhanced.

[2025-04-06 11:07:31 #7 type] 
Type domain.Car is not enhanced.

[2025-04-06 11:07:31 #8 type] 
Type domain.Movement is not enhanced.

------------------------------------------------------------------------------------------------------------------------

[2025-04-06 11:10:03 #1 store] 
Database 'C:\Users\itxas\git\Rides24\src\main\resources\rides.temp' is opened by 15468@Itxaso

[2025-04-06 11:10:03 #2 type] 
Type domain.User is not enhanced.

[2025-04-06 11:10:03 #3 type] 
Type domain.Driver is not enhanced.

[2025-04-06 11:10:03 #4 type] 
Type domain.Ride is not enhanced.

[2025-04-06 11:10:03 #5 type] 
Type domain.Bidaiari is not enhanced.

[2025-04-06 11:10:03 #6 type] 
Type domain.Eskaera is not enhanced.

[2025-04-06 11:10:03 #7 type] 
Type domain.Car is not enhanced.

[2025-04-06 11:10:03 #8 type] 
Type domain.Movement is not enhanced.

------------------------------------------------------------------------------------------------------------------------

[2025-04-06 11:51:54 #1 store] 
Database 'C:\Users\itxas\git\Rides24\src\main\resources\rides.temp' is opened by 18864@Itxaso

[2025-04-06 11:51:54 #2 type] 
Type domain.User is not enhanced.

[2025-04-06 11:51:54 #3 type] 
Type domain.Driver is not enhanced.

[2025-04-06 11:51:54 #4 type] 
Type domain.Ride is not enhanced.

[2025-04-06 11:51:54 #5 type] 
Type domain.Bidaiari is not enhanced.

[2025-04-06 11:51:54 #6 type] 
Type domain.Eskaera is not enhanced.

[2025-04-06 11:51:54 #7 type] 
Type domain.Car is not enhanced.

[2025-04-06 11:51:54 #8 type] 
Type domain.Movement is not enhanced.

------------------------------------------------------------------------------------------------------------------------

[2025-04-06 11:54:14 #1 store] 
Database 'C:\Users\itxas\git\Rides24\src\main\resources\rides.temp' is opened by 1564@Itxaso

[2025-04-06 11:54:14 #2 type] 
Type domain.User is not enhanced.

[2025-04-06 11:54:14 #3 type] 
Type domain.Driver is not enhanced.

[2025-04-06 11:54:14 #4 type] 
Type domain.Ride is not enhanced.

[2025-04-06 11:54:14 #5 type] 
Type domain.Bidaiari is not enhanced.

[2025-04-06 11:54:14 #6 type] 
Type domain.Eskaera is not enhanced.

[2025-04-06 11:54:14 #7 type] 
Type domain.Car is not enhanced.

[2025-04-06 11:54:14 #8 type] 
Type domain.Movement is not enhanced.

------------------------------------------------------------------------------------------------------------------------

[2025-04-06 11:55:56 #1 store] 
Database 'C:\Users\itxas\git\Rides24\src\main\resources\rides.temp' is opened by 2412@Itxaso

[2025-04-06 11:55:56 #2 type] 
Type domain.User is not enhanced.

[2025-04-06 11:55:56 #3 type] 
Type domain.Driver is not enhanced.

[2025-04-06 11:55:56 #4 type] 
Type domain.Ride is not enhanced.

[2025-04-06 11:55:56 #5 type] 
Type domain.Bidaiari is not enhanced.

[2025-04-06 11:55:56 #6 type] 
Type domain.Eskaera is not enhanced.

[2025-04-06 11:55:56 #7 type] 
Type domain.Car is not enhanced.

[2025-04-06 11:55:56 #8 type] 
Type domain.Movement is not enhanced.

------------------------------------------------------------------------------------------------------------------------

[2025-04-06 11:58:50 #1 store] 
Database 'C:\Users\itxas\git\Rides24\src\main\resources\rides.temp' is opened by 21088@Itxaso

[2025-04-06 11:58:50 #2 type] 
Type domain.User is not enhanced.

[2025-04-06 11:58:50 #3 type] 
Type domain.Driver is not enhanced.

[2025-04-06 11:58:50 #4 type] 
Type domain.Ride is not enhanced.

[2025-04-06 11:58:50 #5 type] 
Type domain.Bidaiari is not enhanced.

[2025-04-06 11:58:50 #6 type] 
Type domain.Eskaera is not enhanced.

[2025-04-06 11:58:50 #7 type] 
Type domain.Car is not enhanced.

[2025-04-06 11:58:50 #8 type] 
Type domain.Movement is not enhanced.

------------------------------------------------------------------------------------------------------------------------

[2025-04-06 12:01:08 #1 store] 
Database 'C:\Users\itxas\git\Rides24\src\main\resources\rides.temp' is opened by 14492@Itxaso

[2025-04-06 12:01:08 #2 type] 
Type domain.User is not enhanced.

[2025-04-06 12:01:08 #3 type] 
Type domain.Driver is not enhanced.

[2025-04-06 12:01:08 #4 type] 
Type domain.Ride is not enhanced.

[2025-04-06 12:01:08 #5 type] 
Type domain.Bidaiari is not enhanced.

[2025-04-06 12:01:08 #6 type] 
Type domain.Eskaera is not enhanced.

[2025-04-06 12:01:08 #7 type] 
Type domain.Car is not enhanced.

[2025-04-06 12:01:08 #8 type] 
Type domain.Movement is not enhanced.

------------------------------------------------------------------------------------------------------------------------

[2025-04-06 13:33:34 #1 store] 
Database 'C:\Users\itxas\git\Rides24\src\main\resources\rides.temp' is opened by 3208@Itxaso

[2025-04-06 13:33:35 #2 type] 
Type domain.User is not enhanced.

[2025-04-06 13:33:35 #3 type] 
Type domain.Driver is not enhanced.

[2025-04-06 13:33:35 #4 type] 
Type domain.Ride is not enhanced.

[2025-04-06 13:33:35 #5 type] 
Type domain.Bidaiari is not enhanced.

[2025-04-06 13:33:35 #6 type] 
Type domain.Eskaera is not enhanced.

[2025-04-06 13:33:35 #7 type] 
Type domain.Car is not enhanced.

[2025-04-06 13:33:35 #8 type] 
Type domain.Movement is not enhanced.

------------------------------------------------------------------------------------------------------------------------

[2025-04-06 13:38:28 #1 store] 
Database 'C:\Users\itxas\git\Rides24\src\main\resources\rides.temp' is opened by 27416@Itxaso

[2025-04-06 13:38:28 #2 type] 
Type domain.User is not enhanced.

[2025-04-06 13:38:28 #3 type] 
Type domain.Driver is not enhanced.

[2025-04-06 13:38:28 #4 type] 
Type domain.Ride is not enhanced.

[2025-04-06 13:38:28 #5 type] 
Type domain.Bidaiari is not enhanced.

[2025-04-06 13:38:28 #6 type] 
Type domain.Eskaera is not enhanced.

[2025-04-06 13:38:28 #7 type] 
Type domain.Car is not enhanced.

[2025-04-06 13:38:28 #8 type] 
Type domain.Movement is not enhanced.

------------------------------------------------------------------------------------------------------------------------

[2025-04-06 13:39:55 #1 store] 
Database 'C:\Users\itxas\git\Rides24\src\main\resources\rides.temp' is opened by 16672@Itxaso

[2025-04-06 13:39:55 #2 type] 
Type domain.User is not enhanced.

[2025-04-06 13:39:55 #3 type] 
Type domain.Driver is not enhanced.

[2025-04-06 13:39:55 #4 type] 
Type domain.Ride is not enhanced.

[2025-04-06 13:39:55 #5 type] 
Type domain.Bidaiari is not enhanced.

[2025-04-06 13:39:55 #6 type] 
Type domain.Eskaera is not enhanced.

[2025-04-06 13:39:55 #7 type] 
Type domain.Car is not enhanced.

[2025-04-06 13:39:55 #8 type] 
Type domain.Movement is not enhanced.

------------------------------------------------------------------------------------------------------------------------

[2025-04-06 13:46:52 #1 store] 
Database 'C:\Users\itxas\git\Rides24\src\main\resources\rides.temp' has been recovered (tr. 152-157)

[2025-04-06 13:46:52 #2 store] 
Database 'C:\Users\itxas\git\Rides24\src\main\resources\rides.temp' is opened by 8892@Itxaso

[2025-04-06 13:46:52 #3 type] 
Type domain.User is not enhanced.

[2025-04-06 13:46:52 #4 type] 
Type domain.Driver is not enhanced.

[2025-04-06 13:46:52 #5 type] 
Type domain.Ride is not enhanced.

[2025-04-06 13:46:52 #6 type] 
Type domain.Bidaiari is not enhanced.

[2025-04-06 13:46:52 #7 type] 
Type domain.Eskaera is not enhanced.

[2025-04-06 13:46:52 #8 type] 
Type domain.Car is not enhanced.

[2025-04-06 13:46:52 #9 type] 
Type domain.Movement is not enhanced.

------------------------------------------------------------------------------------------------------------------------

[2025-04-06 13:50:32 #1 store] 
Database 'C:\Users\itxas\git\Rides24\src\main\resources\rides.temp' is opened by 26172@Itxaso

[2025-04-06 13:50:33 #2 type] 
Type domain.User is not enhanced.

[2025-04-06 13:50:33 #3 type] 
Type domain.Driver is not enhanced.

[2025-04-06 13:50:33 #4 type] 
Type domain.Ride is not enhanced.

[2025-04-06 13:50:33 #5 type] 
Type domain.Bidaiari is not enhanced.

[2025-04-06 13:50:33 #6 type] 
Type domain.Eskaera is not enhanced.

[2025-04-06 13:50:33 #7 type] 
Type domain.Car is not enhanced.

[2025-04-06 13:50:33 #8 type] 
Type domain.Movement is not enhanced.

------------------------------------------------------------------------------------------------------------------------

[2025-04-06 13:52:48 #1 store] 
Database 'C:\Users\itxas\git\Rides24\src\main\resources\rides.temp' is opened by 1104@Itxaso

[2025-04-06 13:52:48 #2 type] 
Type domain.User is not enhanced.

[2025-04-06 13:52:48 #3 type] 
Type domain.Driver is not enhanced.

[2025-04-06 13:52:48 #4 type] 
Type domain.Ride is not enhanced.

[2025-04-06 13:52:48 #5 type] 
Type domain.Bidaiari is not enhanced.

[2025-04-06 13:52:48 #6 type] 
Type domain.Eskaera is not enhanced.

[2025-04-06 13:52:48 #7 type] 
Type domain.Car is not enhanced.

[2025-04-06 13:52:48 #8 type] 
Type domain.Movement is not enhanced.

------------------------------------------------------------------------------------------------------------------------

[2025-04-06 13:58:25 #1 store] 
Database 'C:\Users\itxas\git\Rides24\src\main\resources\rides.temp' is opened by 28272@Itxaso

[2025-04-06 13:58:25 #2 type] 
Type domain.User is not enhanced.

[2025-04-06 13:58:25 #3 type] 
Type domain.Driver is not enhanced.

[2025-04-06 13:58:25 #4 type] 
Type domain.Ride is not enhanced.

[2025-04-06 13:58:25 #5 type] 
Type domain.Bidaiari is not enhanced.

[2025-04-06 13:58:25 #6 type] 
Type domain.Eskaera is not enhanced.

[2025-04-06 13:58:25 #7 type] 
Type domain.Car is not enhanced.

[2025-04-06 13:58:25 #8 type] 
Type domain.Movement is not enhanced.

------------------------------------------------------------------------------------------------------------------------

[2025-04-06 13:59:43 #1 store] 
Database 'C:\Users\itxas\git\Rides24\src\main\resources\rides.temp' is opened by 22552@Itxaso

[2025-04-06 13:59:43 #2 type] 
Type domain.User is not enhanced.

[2025-04-06 13:59:43 #3 type] 
Type domain.Driver is not enhanced.

[2025-04-06 13:59:43 #4 type] 
Type domain.Ride is not enhanced.

[2025-04-06 13:59:43 #5 type] 
Type domain.Bidaiari is not enhanced.

[2025-04-06 13:59:43 #6 type] 
Type domain.Eskaera is not enhanced.

[2025-04-06 13:59:43 #7 type] 
Type domain.Car is not enhanced.

[2025-04-06 13:59:43 #8 type] 
Type domain.Movement is not enhanced.

------------------------------------------------------------------------------------------------------------------------

[2025-04-06 14:11:19 #1 store] 
Database 'C:\Users\itxas\git\Rides24\src\main\resources\rides.temp' is opened by 21952@Itxaso

[2025-04-06 14:11:19 #2 type] 
Type domain.User is not enhanced.

[2025-04-06 14:11:19 #3 type] 
Type domain.Driver is not enhanced.

[2025-04-06 14:11:19 #4 type] 
Type domain.Ride is not enhanced.

[2025-04-06 14:11:19 #5 type] 
Type domain.Bidaiari is not enhanced.

[2025-04-06 14:11:19 #6 type] 
Type domain.Eskaera is not enhanced.

[2025-04-06 14:11:19 #7 type] 
Type domain.Car is not enhanced.

[2025-04-06 14:11:19 #8 type] 
Type domain.Movement is not enhanced.

------------------------------------------------------------------------------------------------------------------------

[2025-04-06 14:12:25 #1 store] 
Database 'C:\Users\itxas\git\Rides24\src\main\resources\rides.temp' has been recovered (tr. 158-161)

[2025-04-06 14:12:25 #2 store] 
Database 'C:\Users\itxas\git\Rides24\src\main\resources\rides.temp' is opened by 12320@Itxaso

[2025-04-06 14:12:25 #3 type] 
Type domain.User is not enhanced.

[2025-04-06 14:12:25 #4 type] 
Type domain.Driver is not enhanced.

[2025-04-06 14:12:25 #5 type] 
Type domain.Ride is not enhanced.

[2025-04-06 14:12:25 #6 type] 
Type domain.Bidaiari is not enhanced.

[2025-04-06 14:12:25 #7 type] 
Type domain.Eskaera is not enhanced.

[2025-04-06 14:12:25 #8 type] 
Type domain.Car is not enhanced.

[2025-04-06 14:12:25 #9 type] 
Type domain.Movement is not enhanced.

------------------------------------------------------------------------------------------------------------------------

[2025-04-06 14:13:47 #1 store] 
Database 'C:\Users\itxas\git\Rides24\src\main\resources\rides.temp' has been recovered (tr. 162-164)

[2025-04-06 14:13:47 #2 store] 
Database 'C:\Users\itxas\git\Rides24\src\main\resources\rides.temp' is opened by 7424@Itxaso

[2025-04-06 14:13:47 #3 type] 
Type domain.User is not enhanced.

[2025-04-06 14:13:47 #4 type] 
Type domain.Driver is not enhanced.

[2025-04-06 14:13:47 #5 type] 
Type domain.Ride is not enhanced.

[2025-04-06 14:13:47 #6 type] 
Type domain.Bidaiari is not enhanced.

[2025-04-06 14:13:47 #7 type] 
Type domain.Eskaera is not enhanced.

[2025-04-06 14:13:47 #8 type] 
Type domain.Car is not enhanced.

[2025-04-06 14:13:47 #9 type] 
Type domain.Movement is not enhanced.

