------------------------------------------------------------------------------------------------------------------------

[2024-03-02 11:47:31 #1 store] 
Database 'C:\Users\Xabi\OneDrive\Escritorio\ECLIPSE\Rides24\src\main\resources\rides.temp' is opened by 8428@DESKTOP-PNFEN4V

[2024-03-02 11:47:45 #2 type.registry] 
New type domain.User

[2024-03-02 11:47:45 #3 type] 
Type domain.User is not enhanced.

[2024-03-02 11:47:45 #4 type.registry] 
New type domain.Driver

[2024-03-02 11:47:45 #5 type] 
Type domain.Driver is not enhanced.

[2024-03-02 11:47:45 #6 type.registry] 
New type domain.Ride

[2024-03-02 11:47:45 #7 type] 
Type domain.Ride is not enhanced.

[2024-03-02 11:47:45 #8 type.registry] 
New type domain.ReserveStatus

[2024-03-02 11:47:45 #9 type.registry] 
New type java.util.ArrayList<domain.ReserveStatus>

[2024-03-02 11:47:45 #10 type.registry] 
New type java.util.Vector<java.lang.Object>

[2024-03-02 11:47:45 #11 type.registry] 
New type java.util.Vector<domain.Ride>

[2024-03-02 11:47:45 #12 type.registry] 
New type domain.Traveler

[2024-03-02 11:47:45 #13 type] 
Type domain.Traveler is not enhanced.

[2024-03-02 11:48:43 #14 type.registry] 
New type java.util.ArrayList<java.lang.Object>

------------------------------------------------------------------------------------------------------------------------

[2024-03-02 12:00:22 #1 store] 
Database 'C:\Users\Xabi\OneDrive\Escritorio\ECLIPSE\Rides24\src\main\resources\rides.temp' is opened by 14496@DESKTOP-PNFEN4V

[2024-03-02 12:00:24 #2 type.registry] 
New type domain.User

[2024-03-02 12:00:24 #3 type] 
Type domain.User is not enhanced.

[2024-03-02 12:00:24 #4 type.registry] 
New type domain.Driver

[2024-03-02 12:00:24 #5 type] 
Type domain.Driver is not enhanced.

[2024-03-02 12:00:24 #6 type.registry] 
New type domain.Ride

[2024-03-02 12:00:24 #7 type] 
Type domain.Ride is not enhanced.

[2024-03-02 12:00:24 #8 type.registry] 
New type domain.ReserveStatus

[2024-03-02 12:00:24 #9 type.registry] 
New type java.util.ArrayList<domain.ReserveStatus>

[2024-03-02 12:00:24 #10 type.registry] 
New type java.util.Vector<java.lang.Object>

[2024-03-02 12:00:24 #11 type.registry] 
New type java.util.Vector<domain.Ride>

[2024-03-02 12:00:24 #12 type.registry] 
New type domain.Traveler

[2024-03-02 12:00:24 #13 type] 
Type domain.Traveler is not enhanced.

------------------------------------------------------------------------------------------------------------------------

[2024-03-02 12:04:35 #1 store] 
Database 'C:\Users\Xabi\OneDrive\Escritorio\ECLIPSE\Rides24\src\main\resources\rides.temp' is opened by 8392@DESKTOP-PNFEN4V

[2024-03-02 12:04:39 #2 type.registry] 
New type domain.User

[2024-03-02 12:04:39 #3 type] 
Type domain.User is not enhanced.

[2024-03-02 12:04:39 #4 type.registry] 
New type domain.Driver

[2024-03-02 12:04:39 #5 type] 
Type domain.Driver is not enhanced.

[2024-03-02 12:04:39 #6 type.registry] 
New type domain.Ride

[2024-03-02 12:04:39 #7 type] 
Type domain.Ride is not enhanced.

[2024-03-02 12:04:39 #8 type.registry] 
New type domain.ReserveStatus

[2024-03-02 12:04:39 #9 type.registry] 
New type java.util.ArrayList<domain.ReserveStatus>

[2024-03-02 12:04:39 #10 type.registry] 
New type java.util.Vector<java.lang.Object>

[2024-03-02 12:04:39 #11 type.registry] 
New type java.util.Vector<domain.Ride>

[2024-03-02 12:04:39 #12 type.registry] 
New type domain.Traveler

[2024-03-02 12:04:39 #13 type] 
Type domain.Traveler is not enhanced.

[2024-03-02 12:04:39 #14 type.registry] 
New type java.util.ArrayList<java.lang.Object>

------------------------------------------------------------------------------------------------------------------------

[2024-03-02 12:06:30 #1 store] 
Database 'C:\Users\Xabi\OneDrive\Escritorio\ECLIPSE\Rides24\src\main\resources\rides.temp' has been recovered (tr. 1-11)

[2024-03-02 12:06:30 #2 store] 
Database 'C:\Users\Xabi\OneDrive\Escritorio\ECLIPSE\Rides24\src\main\resources\rides.temp' is opened by 6852@DESKTOP-PNFEN4V

[2024-03-02 12:06:30 #3 type] 
Type domain.User is not enhanced.

[2024-03-02 12:06:30 #4 type] 
Type domain.Driver is not enhanced.

[2024-03-02 12:06:30 #5 type] 
Type domain.Ride is not enhanced.

[2024-03-02 12:06:30 #6 type] 
Type domain.Traveler is not enhanced.

------------------------------------------------------------------------------------------------------------------------

[2024-03-02 12:07:46 #1 store] 
Database 'C:\Users\Xabi\OneDrive\Escritorio\ECLIPSE\Rides24\src\main\resources\rides.temp' is opened by 9728@DESKTOP-PNFEN4V

[2024-03-02 12:07:46 #2 type] 
Type domain.User is not enhanced.

[2024-03-02 12:07:46 #3 type] 
Type domain.Driver is not enhanced.

[2024-03-02 12:07:46 #4 type] 
Type domain.Ride is not enhanced.

[2024-03-02 12:07:46 #5 type] 
Type domain.Traveler is not enhanced.

------------------------------------------------------------------------------------------------------------------------

[2024-03-02 12:11:35 #1 store] 
Database 'C:\Users\Xabi\OneDrive\Escritorio\ECLIPSE\Rides24\src\main\resources\rides.temp' is opened by 11156@DESKTOP-PNFEN4V

[2024-03-02 12:11:35 #2 type] 
Type domain.User is not enhanced.

[2024-03-02 12:11:35 #3 type] 
Type domain.Driver is not enhanced.

[2024-03-02 12:11:35 #4 type] 
Type domain.Ride is not enhanced.

[2024-03-02 12:11:35 #5 type] 
Type domain.Traveler is not enhanced.

------------------------------------------------------------------------------------------------------------------------

[2024-03-02 12:12:54 #1 store] 
Database 'C:\Users\Xabi\OneDrive\Escritorio\ECLIPSE\Rides24\src\main\resources\rides.temp' is opened by 7296@DESKTOP-PNFEN4V

[2024-03-02 12:12:54 #2 type] 
Type domain.User is not enhanced.

[2024-03-02 12:12:54 #3 type] 
Type domain.Driver is not enhanced.

[2024-03-02 12:12:54 #4 type] 
Type domain.Ride is not enhanced.

[2024-03-02 12:12:54 #5 type] 
Type domain.Traveler is not enhanced.

------------------------------------------------------------------------------------------------------------------------

[2024-03-02 12:15:22 #1 store] 
Database 'C:\Users\Xabi\OneDrive\Escritorio\ECLIPSE\Rides24\src\main\resources\rides.temp' is opened by 9172@DESKTOP-PNFEN4V

[2024-03-02 12:15:22 #2 type] 
Type domain.User is not enhanced.

[2024-03-02 12:15:22 #3 type] 
Type domain.Driver is not enhanced.

[2024-03-02 12:15:22 #4 type] 
Type domain.Ride is not enhanced.

[2024-03-02 12:15:22 #5 type] 
Type domain.Traveler is not enhanced.

------------------------------------------------------------------------------------------------------------------------

[2024-03-02 12:16:04 #1 store] 
Database 'C:\Users\Xabi\OneDrive\Escritorio\ECLIPSE\Rides24\src\main\resources\rides.temp' is opened by 12920@DESKTOP-PNFEN4V

[2024-03-02 12:16:04 #2 type] 
Type domain.User is not enhanced.

[2024-03-02 12:16:04 #3 type] 
Type domain.Driver is not enhanced.

[2024-03-02 12:16:04 #4 type] 
Type domain.Ride is not enhanced.

[2024-03-02 12:16:04 #5 type] 
Type domain.Traveler is not enhanced.

------------------------------------------------------------------------------------------------------------------------

[2024-03-02 12:16:49 #1 store] 
Database 'C:\Users\Xabi\OneDrive\Escritorio\ECLIPSE\Rides24\src\main\resources\rides.temp' is opened by 8804@DESKTOP-PNFEN4V

[2024-03-02 12:16:49 #2 type] 
Type domain.User is not enhanced.

[2024-03-02 12:16:49 #3 type] 
Type domain.Driver is not enhanced.

[2024-03-02 12:16:49 #4 type] 
Type domain.Ride is not enhanced.

[2024-03-02 12:16:49 #5 type] 
Type domain.Traveler is not enhanced.

------------------------------------------------------------------------------------------------------------------------

[2024-03-02 12:21:14 #1 store] 
Database 'C:\Users\Xabi\OneDrive\Escritorio\ECLIPSE\Rides24\src\main\resources\rides.temp' is opened by 14120@DESKTOP-PNFEN4V

[2024-03-02 12:21:14 #2 type] 
Type domain.User is not enhanced.

[2024-03-02 12:21:15 #3 type] 
Type domain.Driver is not enhanced.

[2024-03-02 12:21:15 #4 type] 
Type domain.Ride is not enhanced.

[2024-03-02 12:21:15 #5 type] 
Type domain.Traveler is not enhanced.

------------------------------------------------------------------------------------------------------------------------

[2024-03-02 12:24:05 #1 store] 
Database 'C:\Users\Xabi\OneDrive\Escritorio\ECLIPSE\Rides24\src\main\resources\rides.temp' is opened by 7844@DESKTOP-PNFEN4V

[2024-03-02 12:24:05 #2 type] 
Type domain.User is not enhanced.

[2024-03-02 12:24:05 #3 type] 
Type domain.Driver is not enhanced.

[2024-03-02 12:24:05 #4 type] 
Type domain.Ride is not enhanced.

[2024-03-02 12:24:05 #5 type] 
Type domain.Traveler is not enhanced.

------------------------------------------------------------------------------------------------------------------------

[2024-03-02 12:25:48 #1 store] 
Database 'C:\Users\Xabi\OneDrive\Escritorio\ECLIPSE\Rides24\src\main\resources\rides.temp' is opened by 6492@DESKTOP-PNFEN4V

[2024-03-02 12:25:48 #2 type] 
Type domain.User is not enhanced.

[2024-03-02 12:25:48 #3 type] 
Type domain.Driver is not enhanced.

[2024-03-02 12:25:48 #4 type] 
Type domain.Ride is not enhanced.

[2024-03-02 12:25:48 #5 type] 
Type domain.Traveler is not enhanced.

------------------------------------------------------------------------------------------------------------------------

[2024-03-02 12:28:07 #1 store] 
Database 'C:\Users\Xabi\OneDrive\Escritorio\ECLIPSE\Rides24\src\main\resources\rides.temp' is opened by 7136@DESKTOP-PNFEN4V

[2024-03-02 12:28:07 #2 type] 
Type domain.User is not enhanced.

[2024-03-02 12:28:07 #3 type] 
Type domain.Driver is not enhanced.

[2024-03-02 12:28:07 #4 type] 
Type domain.Ride is not enhanced.

[2024-03-02 12:28:07 #5 type] 
Type domain.Traveler is not enhanced.

------------------------------------------------------------------------------------------------------------------------

[2024-03-02 12:32:09 #1 store] 
Database 'C:\Users\Xabi\OneDrive\Escritorio\ECLIPSE\Rides24\src\main\resources\rides.temp' is opened by 5352@DESKTOP-PNFEN4V

[2024-03-02 12:32:09 #2 type] 
Type domain.User is not enhanced.

[2024-03-02 12:32:09 #3 type] 
Type domain.Driver is not enhanced.

[2024-03-02 12:32:09 #4 type] 
Type domain.Ride is not enhanced.

[2024-03-02 12:32:09 #5 type] 
Type domain.Traveler is not enhanced.

------------------------------------------------------------------------------------------------------------------------

[2024-03-02 12:33:51 #1 store] 
Database 'C:\Users\Xabi\OneDrive\Escritorio\ECLIPSE\Rides24\src\main\resources\rides.temp' is opened by 13980@DESKTOP-PNFEN4V

[2024-03-02 12:33:51 #2 type] 
Type domain.User is not enhanced.

[2024-03-02 12:33:51 #3 type] 
Type domain.Driver is not enhanced.

[2024-03-02 12:33:51 #4 type] 
Type domain.Ride is not enhanced.

[2024-03-02 12:33:51 #5 type] 
Type domain.Traveler is not enhanced.

------------------------------------------------------------------------------------------------------------------------

[2024-03-02 12:35:23 #1 store] 
Database 'C:\Users\Xabi\OneDrive\Escritorio\ECLIPSE\Rides24\src\main\resources\rides.temp' is opened by 13588@DESKTOP-PNFEN4V

[2024-03-02 12:35:23 #2 type] 
Type domain.User is not enhanced.

[2024-03-02 12:35:23 #3 type] 
Type domain.Driver is not enhanced.

[2024-03-02 12:35:23 #4 type] 
Type domain.Ride is not enhanced.

[2024-03-02 12:35:23 #5 type] 
Type domain.Traveler is not enhanced.

------------------------------------------------------------------------------------------------------------------------

[2024-03-02 12:37:40 #1 store] 
Database 'C:\Users\Xabi\OneDrive\Escritorio\ECLIPSE\Rides24\src\main\resources\rides.temp' is opened by 5928@DESKTOP-PNFEN4V

[2024-03-02 12:37:40 #2 type] 
Type domain.User is not enhanced.

[2024-03-02 12:37:40 #3 type] 
Type domain.Driver is not enhanced.

[2024-03-02 12:37:40 #4 type] 
Type domain.Ride is not enhanced.

[2024-03-02 12:37:40 #5 type] 
Type domain.Traveler is not enhanced.

------------------------------------------------------------------------------------------------------------------------

[2024-03-02 12:39:50 #1 store] 
Database 'C:\Users\Xabi\OneDrive\Escritorio\ECLIPSE\Rides24\src\main\resources\rides.temp' is opened by 5116@DESKTOP-PNFEN4V

[2024-03-02 12:39:50 #2 type] 
Type domain.User is not enhanced.

[2024-03-02 12:39:50 #3 type] 
Type domain.Driver is not enhanced.

[2024-03-02 12:39:50 #4 type] 
Type domain.Ride is not enhanced.

[2024-03-02 12:39:50 #5 type] 
Type domain.Traveler is not enhanced.

------------------------------------------------------------------------------------------------------------------------

[2024-03-02 12:40:51 #1 store] 
Database 'C:\Users\Xabi\OneDrive\Escritorio\ECLIPSE\Rides24\src\main\resources\rides.temp' is opened by 1712@DESKTOP-PNFEN4V

[2024-03-02 12:40:51 #2 type] 
Type domain.User is not enhanced.

[2024-03-02 12:40:51 #3 type] 
Type domain.Driver is not enhanced.

[2024-03-02 12:40:51 #4 type] 
Type domain.Ride is not enhanced.

[2024-03-02 12:40:51 #5 type] 
Type domain.Traveler is not enhanced.

------------------------------------------------------------------------------------------------------------------------

[2024-03-02 12:41:17 #1 store] 
Database 'C:\Users\Xabi\OneDrive\Escritorio\ECLIPSE\Rides24\src\main\resources\rides.temp' is opened by 10324@DESKTOP-PNFEN4V

[2024-03-02 12:41:17 #2 type] 
Type domain.User is not enhanced.

[2024-03-02 12:41:17 #3 type] 
Type domain.Driver is not enhanced.

[2024-03-02 12:41:17 #4 type] 
Type domain.Ride is not enhanced.

[2024-03-02 12:41:17 #5 type] 
Type domain.Traveler is not enhanced.

------------------------------------------------------------------------------------------------------------------------

[2024-03-02 12:42:11 #1 store] 
Database 'C:\Users\Xabi\OneDrive\Escritorio\ECLIPSE\Rides24\src\main\resources\rides.temp' is opened by 14208@DESKTOP-PNFEN4V

[2024-03-02 12:42:11 #2 type] 
Type domain.User is not enhanced.

[2024-03-02 12:42:11 #3 type] 
Type domain.Driver is not enhanced.

[2024-03-02 12:42:11 #4 type] 
Type domain.Ride is not enhanced.

[2024-03-02 12:42:11 #5 type] 
Type domain.Traveler is not enhanced.

------------------------------------------------------------------------------------------------------------------------

[2024-03-02 12:43:17 #1 store] 
Database 'C:\Users\Xabi\OneDrive\Escritorio\ECLIPSE\Rides24\src\main\resources\rides.temp' is opened by 2268@DESKTOP-PNFEN4V

[2024-03-02 12:43:17 #2 type] 
Type domain.User is not enhanced.

[2024-03-02 12:43:17 #3 type] 
Type domain.Driver is not enhanced.

[2024-03-02 12:43:17 #4 type] 
Type domain.Ride is not enhanced.

[2024-03-02 12:43:17 #5 type] 
Type domain.Traveler is not enhanced.

------------------------------------------------------------------------------------------------------------------------

[2024-03-02 13:05:48 #1 store] 
Database 'C:\Users\Xabi\OneDrive\Escritorio\ECLIPSE\Rides24\src\main\resources\rides.temp' is opened by 13872@DESKTOP-PNFEN4V

[2024-03-02 13:05:48 #2 type] 
Type domain.User is not enhanced.

[2024-03-02 13:05:48 #3 type] 
Type domain.Driver is not enhanced.

[2024-03-02 13:05:48 #4 type] 
Type domain.Ride is not enhanced.

[2024-03-02 13:05:48 #5 type.registry] 
New type domain.ReserveStatus[]

[2024-03-02 13:05:48 #6 type] 
Type domain.Traveler is not enhanced.

------------------------------------------------------------------------------------------------------------------------

[2024-03-02 13:07:18 #1 store] 
Database 'C:\Users\Xabi\OneDrive\Escritorio\ECLIPSE\Rides24\src\main\resources\rides.temp' has been recovered (tr. 15-16)

[2024-03-02 13:07:18 #2 store] 
Database 'C:\Users\Xabi\OneDrive\Escritorio\ECLIPSE\Rides24\src\main\resources\rides.temp' is opened by 17416@DESKTOP-PNFEN4V

[2024-03-02 13:07:18 #3 type] 
Type domain.User is not enhanced.

[2024-03-02 13:07:18 #4 type] 
Type domain.Driver is not enhanced.

[2024-03-02 13:07:18 #5 type] 
Type domain.Ride is not enhanced.

[2024-03-02 13:07:18 #6 type] 
Type domain.Traveler is not enhanced.

------------------------------------------------------------------------------------------------------------------------

[2024-03-02 13:08:33 #1 store] 
Database 'C:\Users\Xabi\OneDrive\Escritorio\ECLIPSE\Rides24\src\main\resources\rides.temp' has been recovered (tr. 17-17)

[2024-03-02 13:08:33 #2 store] 
Database 'C:\Users\Xabi\OneDrive\Escritorio\ECLIPSE\Rides24\src\main\resources\rides.temp' is opened by 9028@DESKTOP-PNFEN4V

[2024-03-02 13:08:33 #3 type] 
Type domain.User is not enhanced.

[2024-03-02 13:08:33 #4 type] 
Type domain.Driver is not enhanced.

[2024-03-02 13:08:33 #5 type] 
Type domain.Ride is not enhanced.

[2024-03-02 13:08:33 #6 type] 
Type domain.Traveler is not enhanced.

------------------------------------------------------------------------------------------------------------------------

[2024-03-02 13:14:03 #1 store] 
Database 'C:\Users\Xabi\OneDrive\Escritorio\ECLIPSE\Rides24\src\main\resources\rides.temp' is opened by 18372@DESKTOP-PNFEN4V

------------------------------------------------------------------------------------------------------------------------

[2024-03-02 13:14:16 #1 store] 
Database 'C:\Users\Xabi\OneDrive\Escritorio\ECLIPSE\Rides24\src\main\resources\rides.temp' has been recovered (tr. 1-2)

[2024-03-02 13:14:16 #2 store] 
Database 'C:\Users\Xabi\OneDrive\Escritorio\ECLIPSE\Rides24\src\main\resources\rides.temp' is opened by 9872@DESKTOP-PNFEN4V

[2024-03-02 13:14:19 #3 type.registry] 
New type domain.User

[2024-03-02 13:14:19 #4 type] 
Type domain.User is not enhanced.

[2024-03-02 13:14:19 #5 type.registry] 
New type domain.Driver

[2024-03-02 13:14:19 #6 type] 
Type domain.Driver is not enhanced.

[2024-03-02 13:14:19 #7 type.registry] 
New type domain.Ride

[2024-03-02 13:14:19 #8 type] 
Type domain.Ride is not enhanced.

[2024-03-02 13:14:19 #9 type.registry] 
New type domain.ReserveStatus

[2024-03-02 13:14:19 #10 type.registry] 
New type domain.ReserveStatus[]

[2024-03-02 13:14:19 #11 type.registry] 
New type java.util.Vector<java.lang.Object>

[2024-03-02 13:14:19 #12 type.registry] 
New type java.util.Vector<domain.Ride>

[2024-03-02 13:14:19 #13 type.registry] 
New type domain.Traveler

[2024-03-02 13:14:19 #14 type] 
Type domain.Traveler is not enhanced.

------------------------------------------------------------------------------------------------------------------------

[2024-03-02 13:14:48 #1 store] 
Database 'C:\Users\Xabi\OneDrive\Escritorio\ECLIPSE\Rides24\src\main\resources\rides.temp' has been recovered (tr. 3-12)

[2024-03-02 13:14:48 #2 store] 
Database 'C:\Users\Xabi\OneDrive\Escritorio\ECLIPSE\Rides24\src\main\resources\rides.temp' is opened by 5616@DESKTOP-PNFEN4V

[2024-03-02 13:14:48 #3 type] 
Type domain.User is not enhanced.

[2024-03-02 13:14:48 #4 type] 
Type domain.Driver is not enhanced.

[2024-03-02 13:14:48 #5 type] 
Type domain.Ride is not enhanced.

[2024-03-02 13:14:48 #6 type] 
Type domain.Traveler is not enhanced.

------------------------------------------------------------------------------------------------------------------------

[2024-03-02 13:14:58 #1 store] 
Database 'C:\Users\Xabi\OneDrive\Escritorio\ECLIPSE\Rides24\src\main\resources\rides.temp' is opened by 13272@DESKTOP-PNFEN4V

[2024-03-02 13:14:58 #2 type] 
Type domain.User is not enhanced.

[2024-03-02 13:14:58 #3 type] 
Type domain.Driver is not enhanced.

[2024-03-02 13:14:58 #4 type] 
Type domain.Ride is not enhanced.

[2024-03-02 13:14:58 #5 type] 
Type domain.Traveler is not enhanced.

------------------------------------------------------------------------------------------------------------------------

[2024-03-02 13:19:11 #1 store] 
Database 'C:\Users\Xabi\OneDrive\Escritorio\ECLIPSE\Rides24\src\main\resources\rides.temp' has been recovered (tr. 13-13)

[2024-03-02 13:19:11 #2 store] 
Database 'C:\Users\Xabi\OneDrive\Escritorio\ECLIPSE\Rides24\src\main\resources\rides.temp' is opened by 17292@DESKTOP-PNFEN4V

[2024-03-02 13:19:11 #3 type] 
Type domain.User is not enhanced.

[2024-03-02 13:19:11 #4 type] 
Type domain.Driver is not enhanced.

[2024-03-02 13:19:11 #5 type] 
Type domain.Ride is not enhanced.

[2024-03-02 13:19:11 #6 type] 
Type domain.ReserveStatus is not enhanced.

[2024-03-02 13:19:11 #7 type] 
Type domain.Traveler is not enhanced.

------------------------------------------------------------------------------------------------------------------------

[2024-03-02 13:22:18 #1 store] 
Database 'C:\Users\Xabi\OneDrive\Escritorio\ECLIPSE\Rides24\src\main\resources\rides.temp' is opened by 12576@DESKTOP-PNFEN4V

[2024-03-02 13:22:18 #2 type] 
Type domain.User is not enhanced.

[2024-03-02 13:22:18 #3 type] 
Type domain.Driver is not enhanced.

[2024-03-02 13:22:18 #4 type] 
Type domain.Ride is not enhanced.

[2024-03-02 13:22:18 #5 type] 
Type domain.ReserveStatus is not enhanced.

[2024-03-02 13:22:18 #6 type] 
Type domain.Traveler is not enhanced.

------------------------------------------------------------------------------------------------------------------------

[2024-03-02 13:59:27 #1 store] 
Database 'C:\Users\Xabi\OneDrive\Escritorio\ECLIPSE\Rides24\src\main\resources\rides.temp' is opened by 13272@DESKTOP-PNFEN4V

[2024-03-02 13:59:27 #2 type] 
Type domain.User is not enhanced.

[2024-03-02 13:59:27 #3 type] 
Type domain.Driver is not enhanced.

[2024-03-02 13:59:27 #4 type] 
Type domain.Ride is not enhanced.

[2024-03-02 13:59:27 #5 type] 
Type domain.ReserveStatus is not enhanced.

[2024-03-02 13:59:27 #6 type] 
Type domain.Traveler is not enhanced.

------------------------------------------------------------------------------------------------------------------------

[2024-03-02 14:00:26 #1 store] 
Database 'C:\Users\Xabi\OneDrive\Escritorio\ECLIPSE\Rides24\src\main\resources\rides.temp' is opened by 8836@DESKTOP-PNFEN4V

[2024-03-02 14:00:26 #2 type] 
Type domain.User is not enhanced.

[2024-03-02 14:00:26 #3 type] 
Type domain.Driver is not enhanced.

[2024-03-02 14:00:26 #4 type] 
Type domain.Ride is not enhanced.

[2024-03-02 14:00:26 #5 type] 
Type domain.ReserveStatus is not enhanced.

[2024-03-02 14:00:26 #6 type] 
Type domain.Traveler is not enhanced.

------------------------------------------------------------------------------------------------------------------------

[2024-03-02 14:03:08 #1 store] 
Database 'C:\Users\Xabi\OneDrive\Escritorio\ECLIPSE\Rides24\src\main\resources\rides.temp' is opened by 8444@DESKTOP-PNFEN4V

[2024-03-02 14:03:08 #2 type] 
Type domain.User is not enhanced.

[2024-03-02 14:03:08 #3 type] 
Type domain.Driver is not enhanced.

[2024-03-02 14:03:08 #4 type] 
Type domain.Ride is not enhanced.

[2024-03-02 14:03:08 #5 type] 
Type domain.ReserveStatus is not enhanced.

[2024-03-02 14:03:08 #6 type] 
Type domain.Traveler is not enhanced.

------------------------------------------------------------------------------------------------------------------------

[2024-03-02 14:04:31 #1 store] 
Database 'C:\Users\Xabi\OneDrive\Escritorio\ECLIPSE\Rides24\src\main\resources\rides.temp' is opened by 16900@DESKTOP-PNFEN4V

[2024-03-02 14:04:31 #2 type] 
Type domain.User is not enhanced.

[2024-03-02 14:04:31 #3 type] 
Type domain.Driver is not enhanced.

[2024-03-02 14:04:31 #4 type] 
Type domain.Ride is not enhanced.

[2024-03-02 14:04:31 #5 type] 
Type domain.ReserveStatus is not enhanced.

[2024-03-02 14:04:31 #6 type] 
Type domain.Traveler is not enhanced.

------------------------------------------------------------------------------------------------------------------------

[2024-03-02 14:05:38 #1 store] 
Database 'C:\Users\Xabi\OneDrive\Escritorio\ECLIPSE\Rides24\src\main\resources\rides.temp' is opened by 9988@DESKTOP-PNFEN4V

[2024-03-02 14:05:38 #2 type] 
Type domain.User is not enhanced.

[2024-03-02 14:05:38 #3 type] 
Type domain.Driver is not enhanced.

[2024-03-02 14:05:38 #4 type] 
Type domain.Ride is not enhanced.

[2024-03-02 14:05:38 #5 type] 
Type domain.ReserveStatus is not enhanced.

[2024-03-02 14:05:38 #6 type] 
Type domain.Traveler is not enhanced.

------------------------------------------------------------------------------------------------------------------------

[2024-03-02 14:06:52 #1 store] 
Database 'C:\Users\Xabi\OneDrive\Escritorio\ECLIPSE\Rides24\src\main\resources\rides.temp' is opened by 12496@DESKTOP-PNFEN4V

[2024-03-02 14:06:52 #2 type] 
Type domain.User is not enhanced.

[2024-03-02 14:06:52 #3 type] 
Type domain.Driver is not enhanced.

[2024-03-02 14:06:52 #4 type] 
Type domain.Ride is not enhanced.

[2024-03-02 14:06:52 #5 type] 
Type domain.ReserveStatus is not enhanced.

[2024-03-02 14:06:52 #6 type] 
Type domain.Traveler is not enhanced.

------------------------------------------------------------------------------------------------------------------------

[2024-03-02 14:07:22 #1 store] 
Database 'C:\Users\Xabi\OneDrive\Escritorio\ECLIPSE\Rides24\src\main\resources\rides.temp' is opened by 13220@DESKTOP-PNFEN4V

[2024-03-02 14:07:22 #2 type] 
Type domain.User is not enhanced.

[2024-03-02 14:07:22 #3 type] 
Type domain.Driver is not enhanced.

[2024-03-02 14:07:22 #4 type] 
Type domain.Ride is not enhanced.

[2024-03-02 14:07:22 #5 type] 
Type domain.ReserveStatus is not enhanced.

[2024-03-02 14:07:22 #6 type] 
Type domain.Traveler is not enhanced.

------------------------------------------------------------------------------------------------------------------------

[2024-03-02 14:08:00 #1 store] 
Database 'C:\Users\Xabi\OneDrive\Escritorio\ECLIPSE\Rides24\src\main\resources\rides.temp' is opened by 17704@DESKTOP-PNFEN4V

[2024-03-02 14:08:00 #2 type] 
Type domain.User is not enhanced.

[2024-03-02 14:08:00 #3 type] 
Type domain.Driver is not enhanced.

[2024-03-02 14:08:00 #4 type] 
Type domain.Ride is not enhanced.

[2024-03-02 14:08:00 #5 type] 
Type domain.ReserveStatus is not enhanced.

[2024-03-02 14:08:00 #6 type] 
Type domain.Traveler is not enhanced.

------------------------------------------------------------------------------------------------------------------------

[2024-03-02 14:09:06 #1 store] 
Database 'C:\Users\Xabi\OneDrive\Escritorio\ECLIPSE\Rides24\src\main\resources\rides.temp' is opened by 6744@DESKTOP-PNFEN4V

[2024-03-02 14:09:07 #2 type] 
Type domain.User is not enhanced.

[2024-03-02 14:09:07 #3 type] 
Type domain.Driver is not enhanced.

[2024-03-02 14:09:07 #4 type] 
Type domain.Ride is not enhanced.

[2024-03-02 14:09:07 #5 type] 
Type domain.ReserveStatus is not enhanced.

[2024-03-02 14:09:07 #6 type] 
Type domain.Traveler is not enhanced.

------------------------------------------------------------------------------------------------------------------------

[2024-03-02 14:09:41 #1 store] 
Database 'C:\Users\Xabi\OneDrive\Escritorio\ECLIPSE\Rides24\src\main\resources\rides.temp' is opened by 10316@DESKTOP-PNFEN4V

[2024-03-02 14:09:41 #2 type] 
Type domain.User is not enhanced.

[2024-03-02 14:09:41 #3 type] 
Type domain.Driver is not enhanced.

[2024-03-02 14:09:41 #4 type] 
Type domain.Ride is not enhanced.

[2024-03-02 14:09:41 #5 type] 
Type domain.ReserveStatus is not enhanced.

[2024-03-02 14:09:41 #6 type] 
Type domain.Traveler is not enhanced.

------------------------------------------------------------------------------------------------------------------------

[2024-03-02 14:10:18 #1 store] 
Database 'C:\Users\Xabi\OneDrive\Escritorio\ECLIPSE\Rides24\src\main\resources\rides.temp' is opened by 13904@DESKTOP-PNFEN4V

[2024-03-02 14:10:18 #2 type] 
Type domain.User is not enhanced.

[2024-03-02 14:10:18 #3 type] 
Type domain.Driver is not enhanced.

[2024-03-02 14:10:18 #4 type] 
Type domain.Ride is not enhanced.

[2024-03-02 14:10:18 #5 type] 
Type domain.ReserveStatus is not enhanced.

[2024-03-02 14:10:18 #6 type] 
Type domain.Traveler is not enhanced.

------------------------------------------------------------------------------------------------------------------------

[2024-03-02 14:11:20 #1 store] 
Database 'C:\Users\Xabi\OneDrive\Escritorio\ECLIPSE\Rides24\src\main\resources\rides.temp' is opened by 8260@DESKTOP-PNFEN4V

[2024-03-02 14:11:20 #2 type] 
Type domain.User is not enhanced.

[2024-03-02 14:11:20 #3 type] 
Type domain.Driver is not enhanced.

[2024-03-02 14:11:20 #4 type] 
Type domain.Ride is not enhanced.

[2024-03-02 14:11:20 #5 type] 
Type domain.ReserveStatus is not enhanced.

[2024-03-02 14:11:20 #6 type] 
Type domain.Traveler is not enhanced.

------------------------------------------------------------------------------------------------------------------------

[2024-03-02 14:12:24 #1 store] 
Database 'C:\Users\Xabi\OneDrive\Escritorio\ECLIPSE\Rides24\src\main\resources\rides.temp' is opened by 11764@DESKTOP-PNFEN4V

[2024-03-02 14:12:24 #2 type] 
Type domain.User is not enhanced.

[2024-03-02 14:12:24 #3 type] 
Type domain.Driver is not enhanced.

[2024-03-02 14:12:24 #4 type] 
Type domain.Ride is not enhanced.

[2024-03-02 14:12:24 #5 type] 
Type domain.ReserveStatus is not enhanced.

[2024-03-02 14:12:24 #6 type] 
Type domain.Traveler is not enhanced.

------------------------------------------------------------------------------------------------------------------------

[2024-03-02 14:12:57 #1 store] 
Database 'C:\Users\Xabi\OneDrive\Escritorio\ECLIPSE\Rides24\src\main\resources\rides.temp' is opened by 10264@DESKTOP-PNFEN4V

[2024-03-02 14:12:57 #2 type] 
Type domain.User is not enhanced.

[2024-03-02 14:12:57 #3 type] 
Type domain.Driver is not enhanced.

[2024-03-02 14:12:57 #4 type] 
Type domain.Ride is not enhanced.

[2024-03-02 14:12:57 #5 type] 
Type domain.ReserveStatus is not enhanced.

[2024-03-02 14:12:57 #6 type] 
Type domain.Traveler is not enhanced.

------------------------------------------------------------------------------------------------------------------------

[2024-03-02 14:13:30 #1 store] 
Database 'C:\Users\Xabi\OneDrive\Escritorio\ECLIPSE\Rides24\src\main\resources\rides.temp' is opened by 10140@DESKTOP-PNFEN4V

[2024-03-02 14:13:30 #2 type] 
Type domain.User is not enhanced.

[2024-03-02 14:13:30 #3 type] 
Type domain.Driver is not enhanced.

[2024-03-02 14:13:30 #4 type] 
Type domain.Ride is not enhanced.

[2024-03-02 14:13:30 #5 type] 
Type domain.ReserveStatus is not enhanced.

[2024-03-02 14:13:30 #6 type] 
Type domain.Traveler is not enhanced.

------------------------------------------------------------------------------------------------------------------------

[2024-03-02 14:29:04 #1 store] 
Database 'C:\Users\Xabi\OneDrive\Escritorio\ECLIPSE\Rides24\src\main\resources\rides.temp' is opened by 15156@DESKTOP-PNFEN4V

[2024-03-02 14:29:04 #2 type] 
Type domain.User is not enhanced.

[2024-03-02 14:29:04 #3 type] 
Type domain.Driver is not enhanced.

[2024-03-02 14:29:04 #4 type] 
Type domain.Ride is not enhanced.

[2024-03-02 14:29:04 #5 type] 
Type domain.ReserveStatus is not enhanced.

[2024-03-02 14:29:04 #6 type] 
Type domain.Traveler is not enhanced.

------------------------------------------------------------------------------------------------------------------------

[2024-03-02 14:29:46 #1 store] 
Database 'C:\Users\Xabi\OneDrive\Escritorio\ECLIPSE\Rides24\src\main\resources\rides.temp' is opened by 16772@DESKTOP-PNFEN4V

[2024-03-02 14:29:46 #2 type] 
Type domain.User is not enhanced.

[2024-03-02 14:29:46 #3 type] 
Type domain.Driver is not enhanced.

[2024-03-02 14:29:46 #4 type] 
Type domain.Ride is not enhanced.

[2024-03-02 14:29:46 #5 type] 
Type domain.ReserveStatus is not enhanced.

[2024-03-02 14:29:46 #6 type] 
Type domain.Traveler is not enhanced.

------------------------------------------------------------------------------------------------------------------------

[2024-03-02 14:30:10 #1 store] 
Database 'C:\Users\Xabi\OneDrive\Escritorio\ECLIPSE\Rides24\src\main\resources\rides.temp' is opened by 9824@DESKTOP-PNFEN4V

[2024-03-02 14:30:10 #2 type] 
Type domain.User is not enhanced.

[2024-03-02 14:30:10 #3 type] 
Type domain.Driver is not enhanced.

[2024-03-02 14:30:10 #4 type] 
Type domain.Ride is not enhanced.

[2024-03-02 14:30:11 #5 type] 
Type domain.ReserveStatus is not enhanced.

[2024-03-02 14:30:11 #6 type] 
Type domain.Traveler is not enhanced.

------------------------------------------------------------------------------------------------------------------------

[2024-03-02 14:31:41 #1 store] 
Database 'C:\Users\Xabi\OneDrive\Escritorio\ECLIPSE\Rides24\src\main\resources\rides.temp' is opened by 1720@DESKTOP-PNFEN4V

[2024-03-02 14:31:41 #2 type] 
Type domain.User is not enhanced.

[2024-03-02 14:31:41 #3 type] 
Type domain.Driver is not enhanced.

[2024-03-02 14:31:41 #4 type] 
Type domain.Ride is not enhanced.

[2024-03-02 14:31:41 #5 type] 
Type domain.ReserveStatus is not enhanced.

[2024-03-02 14:31:41 #6 type] 
Type domain.Traveler is not enhanced.

------------------------------------------------------------------------------------------------------------------------

[2024-03-02 14:32:25 #1 store] 
Database 'C:\Users\Xabi\OneDrive\Escritorio\ECLIPSE\Rides24\src\main\resources\rides.temp' is opened by 880@DESKTOP-PNFEN4V

[2024-03-02 14:32:25 #2 type] 
Type domain.User is not enhanced.

[2024-03-02 14:32:25 #3 type] 
Type domain.Driver is not enhanced.

[2024-03-02 14:32:25 #4 type] 
Type domain.Ride is not enhanced.

[2024-03-02 14:32:25 #5 type] 
Type domain.ReserveStatus is not enhanced.

[2024-03-02 14:32:25 #6 type] 
Type domain.Traveler is not enhanced.

------------------------------------------------------------------------------------------------------------------------

[2024-03-02 14:32:39 #1 store] 
Database 'C:\Users\Xabi\OneDrive\Escritorio\ECLIPSE\Rides24\src\main\resources\rides.temp' is opened by 13716@DESKTOP-PNFEN4V

[2024-03-02 14:32:39 #2 type] 
Type domain.User is not enhanced.

[2024-03-02 14:32:39 #3 type] 
Type domain.Driver is not enhanced.

[2024-03-02 14:32:39 #4 type] 
Type domain.Ride is not enhanced.

[2024-03-02 14:32:39 #5 type] 
Type domain.ReserveStatus is not enhanced.

[2024-03-02 14:32:39 #6 type] 
Type domain.Traveler is not enhanced.

------------------------------------------------------------------------------------------------------------------------

[2024-03-02 14:32:44 #1 store] 
Database 'C:\Users\Xabi\OneDrive\Escritorio\ECLIPSE\Rides24\src\main\resources\rides.temp' is opened by 1240@DESKTOP-PNFEN4V

[2024-03-02 14:32:44 #2 type] 
Type domain.User is not enhanced.

[2024-03-02 14:32:44 #3 type] 
Type domain.Driver is not enhanced.

[2024-03-02 14:32:44 #4 type] 
Type domain.Ride is not enhanced.

[2024-03-02 14:32:44 #5 type] 
Type domain.ReserveStatus is not enhanced.

[2024-03-02 14:32:44 #6 type] 
Type domain.Traveler is not enhanced.

------------------------------------------------------------------------------------------------------------------------

[2024-03-02 14:35:27 #1 store] 
Database 'C:\Users\Xabi\OneDrive\Escritorio\ECLIPSE\Rides24\src\main\resources\rides.temp' is opened by 18412@DESKTOP-PNFEN4V

[2024-03-02 14:35:27 #2 type] 
Type domain.User is not enhanced.

[2024-03-02 14:35:27 #3 type] 
Type domain.Driver is not enhanced.

[2024-03-02 14:35:27 #4 type] 
Type domain.Ride is not enhanced.

[2024-03-02 14:35:27 #5 type] 
Type domain.ReserveStatus is not enhanced.

[2024-03-02 14:35:27 #6 type] 
Type domain.Traveler is not enhanced.

------------------------------------------------------------------------------------------------------------------------

[2024-03-02 14:36:54 #1 store] 
Database 'C:\Users\Xabi\OneDrive\Escritorio\ECLIPSE\Rides24\src\main\resources\rides.temp' is opened by 14324@DESKTOP-PNFEN4V

[2024-03-02 14:36:54 #2 type] 
Type domain.User is not enhanced.

[2024-03-02 14:36:54 #3 type] 
Type domain.Driver is not enhanced.

[2024-03-02 14:36:54 #4 type] 
Type domain.Ride is not enhanced.

[2024-03-02 14:36:54 #5 type] 
Type domain.ReserveStatus is not enhanced.

[2024-03-02 14:36:54 #6 type] 
Type domain.Traveler is not enhanced.

------------------------------------------------------------------------------------------------------------------------

[2024-03-02 14:37:24 #1 store] 
Database 'C:\Users\Xabi\OneDrive\Escritorio\ECLIPSE\Rides24\src\main\resources\rides.temp' is opened by 18332@DESKTOP-PNFEN4V

[2024-03-02 14:37:24 #2 type] 
Type domain.User is not enhanced.

[2024-03-02 14:37:24 #3 type] 
Type domain.Driver is not enhanced.

[2024-03-02 14:37:24 #4 type] 
Type domain.Ride is not enhanced.

[2024-03-02 14:37:24 #5 type] 
Type domain.ReserveStatus is not enhanced.

[2024-03-02 14:37:24 #6 type] 
Type domain.Traveler is not enhanced.

------------------------------------------------------------------------------------------------------------------------

[2024-03-02 14:38:42 #1 store] 
Database 'C:\Users\Xabi\OneDrive\Escritorio\ECLIPSE\Rides24\src\main\resources\rides.temp' is opened by 6324@DESKTOP-PNFEN4V

[2024-03-02 14:38:42 #2 type] 
Type domain.User is not enhanced.

[2024-03-02 14:38:42 #3 type] 
Type domain.Driver is not enhanced.

[2024-03-02 14:38:42 #4 type] 
Type domain.Ride is not enhanced.

[2024-03-02 14:38:42 #5 type] 
Type domain.ReserveStatus is not enhanced.

[2024-03-02 14:38:42 #6 type] 
Type domain.Traveler is not enhanced.

------------------------------------------------------------------------------------------------------------------------

[2024-03-02 14:40:02 #1 store] 
Database 'C:\Users\Xabi\OneDrive\Escritorio\ECLIPSE\Rides24\src\main\resources\rides.temp' is opened by 9924@DESKTOP-PNFEN4V

[2024-03-02 14:40:02 #2 type] 
Type domain.User is not enhanced.

[2024-03-02 14:40:02 #3 type] 
Type domain.Driver is not enhanced.

[2024-03-02 14:40:02 #4 type] 
Type domain.Ride is not enhanced.

[2024-03-02 14:40:02 #5 type] 
Type domain.ReserveStatus is not enhanced.

[2024-03-02 14:40:02 #6 type] 
Type domain.Traveler is not enhanced.

------------------------------------------------------------------------------------------------------------------------

[2024-03-02 14:40:32 #1 store] 
Database 'C:\Users\Xabi\OneDrive\Escritorio\ECLIPSE\Rides24\src\main\resources\rides.temp' is opened by 12420@DESKTOP-PNFEN4V

[2024-03-02 14:40:32 #2 type] 
Type domain.User is not enhanced.

[2024-03-02 14:40:32 #3 type] 
Type domain.Driver is not enhanced.

[2024-03-02 14:40:32 #4 type] 
Type domain.Ride is not enhanced.

[2024-03-02 14:40:32 #5 type] 
Type domain.ReserveStatus is not enhanced.

[2024-03-02 14:40:32 #6 type] 
Type domain.Traveler is not enhanced.

------------------------------------------------------------------------------------------------------------------------

[2024-03-02 14:40:57 #1 store] 
Database 'C:\Users\Xabi\OneDrive\Escritorio\ECLIPSE\Rides24\src\main\resources\rides.temp' is opened by 15548@DESKTOP-PNFEN4V

[2024-03-02 14:40:57 #2 type] 
Type domain.User is not enhanced.

[2024-03-02 14:40:57 #3 type] 
Type domain.Driver is not enhanced.

[2024-03-02 14:40:57 #4 type] 
Type domain.Ride is not enhanced.

[2024-03-02 14:40:57 #5 type] 
Type domain.ReserveStatus is not enhanced.

[2024-03-02 14:40:57 #6 type] 
Type domain.Traveler is not enhanced.

------------------------------------------------------------------------------------------------------------------------

[2024-03-02 14:45:15 #1 store] 
Database 'C:\Users\Xabi\OneDrive\Escritorio\ECLIPSE\Rides24\src\main\resources\rides.temp' is opened by 7080@DESKTOP-PNFEN4V

[2024-03-02 14:45:15 #2 type] 
Type domain.User is not enhanced.

[2024-03-02 14:45:15 #3 type] 
Type domain.Driver is not enhanced.

[2024-03-02 14:45:15 #4 type] 
Type domain.Ride is not enhanced.

[2024-03-02 14:45:15 #5 type] 
Type domain.ReserveStatus is not enhanced.

[2024-03-02 14:45:15 #6 type] 
Type domain.Traveler is not enhanced.

------------------------------------------------------------------------------------------------------------------------

[2024-03-02 14:47:00 #1 store] 
Database 'C:\Users\Xabi\OneDrive\Escritorio\ECLIPSE\Rides24\src\main\resources\rides.temp' is opened by 14404@DESKTOP-PNFEN4V

[2024-03-02 14:47:00 #2 type] 
Type domain.User is not enhanced.

[2024-03-02 14:47:00 #3 type] 
Type domain.Driver is not enhanced.

[2024-03-02 14:47:00 #4 type] 
Type domain.Ride is not enhanced.

[2024-03-02 14:47:00 #5 type] 
Type domain.ReserveStatus is not enhanced.

[2024-03-02 14:47:00 #6 type] 
Type domain.Traveler is not enhanced.

------------------------------------------------------------------------------------------------------------------------

[2024-03-02 14:47:19 #1 store] 
Database 'C:\Users\Xabi\OneDrive\Escritorio\ECLIPSE\Rides24\src\main\resources\rides.temp' has been recovered (tr. 17-20)

[2024-03-02 14:47:19 #2 store] 
Database 'C:\Users\Xabi\OneDrive\Escritorio\ECLIPSE\Rides24\src\main\resources\rides.temp' is opened by 9280@DESKTOP-PNFEN4V

[2024-03-02 14:47:20 #3 type] 
Type domain.User is not enhanced.

[2024-03-02 14:47:20 #4 type] 
Type domain.Driver is not enhanced.

[2024-03-02 14:47:20 #5 type] 
Type domain.Ride is not enhanced.

[2024-03-02 14:47:20 #6 type] 
Type domain.ReserveStatus is not enhanced.

[2024-03-02 14:47:20 #7 type] 
Type domain.Traveler is not enhanced.

------------------------------------------------------------------------------------------------------------------------

[2024-03-02 14:47:30 #1 store] 
Database 'C:\Users\Xabi\OneDrive\Escritorio\ECLIPSE\Rides24\src\main\resources\rides.temp' is opened by 6852@DESKTOP-PNFEN4V

[2024-03-02 14:47:30 #2 type] 
Type domain.User is not enhanced.

[2024-03-02 14:47:30 #3 type] 
Type domain.Driver is not enhanced.

[2024-03-02 14:47:30 #4 type] 
Type domain.Ride is not enhanced.

[2024-03-02 14:47:30 #5 type] 
Type domain.ReserveStatus is not enhanced.

[2024-03-02 14:47:30 #6 type] 
Type domain.Traveler is not enhanced.

------------------------------------------------------------------------------------------------------------------------

[2024-03-02 14:48:14 #1 store] 
Database 'C:\Users\Xabi\OneDrive\Escritorio\ECLIPSE\Rides24\src\main\resources\rides.temp' is opened by 12540@DESKTOP-PNFEN4V

[2024-03-02 14:48:15 #2 type] 
Type domain.User is not enhanced.

[2024-03-02 14:48:15 #3 type] 
Type domain.Driver is not enhanced.

[2024-03-02 14:48:15 #4 type] 
Type domain.Ride is not enhanced.

[2024-03-02 14:48:15 #5 type] 
Type domain.ReserveStatus is not enhanced.

[2024-03-02 14:48:15 #6 type] 
Type domain.Traveler is not enhanced.

------------------------------------------------------------------------------------------------------------------------

[2024-03-02 14:50:00 #1 store] 
Database 'C:\Users\Xabi\OneDrive\Escritorio\ECLIPSE\Rides24\src\main\resources\rides.temp' is opened by 14356@DESKTOP-PNFEN4V

[2024-03-02 14:50:00 #2 type] 
Type domain.User is not enhanced.

[2024-03-02 14:50:00 #3 type] 
Type domain.Driver is not enhanced.

[2024-03-02 14:50:00 #4 type] 
Type domain.Ride is not enhanced.

[2024-03-02 14:50:00 #5 type] 
Type domain.ReserveStatus is not enhanced.

[2024-03-02 14:50:00 #6 type] 
Type domain.Traveler is not enhanced.

------------------------------------------------------------------------------------------------------------------------

[2024-03-02 14:50:17 #1 store] 
Database 'C:\Users\Xabi\OneDrive\Escritorio\ECLIPSE\Rides24\src\main\resources\rides.temp' is opened by 8732@DESKTOP-PNFEN4V

[2024-03-02 14:50:17 #2 type] 
Type domain.User is not enhanced.

[2024-03-02 14:50:17 #3 type] 
Type domain.Driver is not enhanced.

[2024-03-02 14:50:17 #4 type] 
Type domain.Ride is not enhanced.

[2024-03-02 14:50:17 #5 type] 
Type domain.ReserveStatus is not enhanced.

[2024-03-02 14:50:17 #6 type] 
Type domain.Traveler is not enhanced.

------------------------------------------------------------------------------------------------------------------------

[2024-03-02 14:53:08 #1 store] 
Database 'C:\Users\Xabi\OneDrive\Escritorio\ECLIPSE\Rides24\src\main\resources\rides.temp' is opened by 11388@DESKTOP-PNFEN4V

[2024-03-02 14:53:08 #2 type] 
Type domain.User is not enhanced.

[2024-03-02 14:53:08 #3 type] 
Type domain.Driver is not enhanced.

[2024-03-02 14:53:08 #4 type] 
Type domain.Ride is not enhanced.

[2024-03-02 14:53:08 #5 type] 
Type domain.ReserveStatus is not enhanced.

[2024-03-02 14:53:08 #6 type] 
Type domain.Traveler is not enhanced.

------------------------------------------------------------------------------------------------------------------------

[2024-03-02 14:53:57 #1 store] 
Database 'C:\Users\Xabi\OneDrive\Escritorio\ECLIPSE\Rides24\src\main\resources\rides.temp' is opened by 9348@DESKTOP-PNFEN4V

[2024-03-02 14:53:57 #2 type] 
Type domain.User is not enhanced.

[2024-03-02 14:53:57 #3 type] 
Type domain.Driver is not enhanced.

[2024-03-02 14:53:57 #4 type] 
Type domain.Ride is not enhanced.

[2024-03-02 14:53:57 #5 type] 
Type domain.ReserveStatus is not enhanced.

[2024-03-02 14:53:57 #6 type] 
Type domain.Traveler is not enhanced.

------------------------------------------------------------------------------------------------------------------------

[2024-03-02 14:55:57 #1 store] 
Database 'C:\Users\Xabi\OneDrive\Escritorio\ECLIPSE\Rides24\src\main\resources\rides.temp' is opened by 14152@DESKTOP-PNFEN4V

[2024-03-02 14:55:58 #2 type] 
Type domain.User is not enhanced.

[2024-03-02 14:55:58 #3 type] 
Type domain.Driver is not enhanced.

[2024-03-02 14:55:58 #4 type] 
Type domain.Ride is not enhanced.

[2024-03-02 14:55:58 #5 type] 
Type domain.ReserveStatus is not enhanced.

[2024-03-02 14:55:58 #6 type] 
Type domain.Traveler is not enhanced.

------------------------------------------------------------------------------------------------------------------------

[2024-03-02 14:57:26 #1 store] 
Database 'C:\Users\Xabi\OneDrive\Escritorio\ECLIPSE\Rides24\src\main\resources\rides.temp' is opened by 1472@DESKTOP-PNFEN4V

[2024-03-02 14:57:26 #2 type] 
Type domain.User is not enhanced.

[2024-03-02 14:57:26 #3 type] 
Type domain.Driver is not enhanced.

[2024-03-02 14:57:26 #4 type] 
Type domain.Ride is not enhanced.

[2024-03-02 14:57:26 #5 type] 
Type domain.ReserveStatus is not enhanced.

[2024-03-02 14:57:26 #6 type] 
Type domain.Traveler is not enhanced.

------------------------------------------------------------------------------------------------------------------------

[2024-03-02 14:57:51 #1 store] 
Database 'C:\Users\Xabi\OneDrive\Escritorio\ECLIPSE\Rides24\src\main\resources\rides.temp' is opened by 3560@DESKTOP-PNFEN4V

[2024-03-02 14:57:52 #2 type] 
Type domain.User is not enhanced.

[2024-03-02 14:57:52 #3 type] 
Type domain.Driver is not enhanced.

[2024-03-02 14:57:52 #4 type] 
Type domain.Ride is not enhanced.

[2024-03-02 14:57:52 #5 type] 
Type domain.ReserveStatus is not enhanced.

[2024-03-02 14:57:52 #6 type] 
Type domain.Traveler is not enhanced.

------------------------------------------------------------------------------------------------------------------------

[2024-03-02 14:58:01 #1 store] 
Database 'C:\Users\Xabi\OneDrive\Escritorio\ECLIPSE\Rides24\src\main\resources\rides.temp' is opened by 8076@DESKTOP-PNFEN4V

[2024-03-02 14:58:01 #2 type] 
Type domain.User is not enhanced.

[2024-03-02 14:58:01 #3 type] 
Type domain.Driver is not enhanced.

[2024-03-02 14:58:01 #4 type] 
Type domain.Ride is not enhanced.

[2024-03-02 14:58:02 #5 type] 
Type domain.ReserveStatus is not enhanced.

[2024-03-02 14:58:02 #6 type] 
Type domain.Traveler is not enhanced.

------------------------------------------------------------------------------------------------------------------------

[2024-03-02 14:59:15 #1 store] 
Database 'C:\Users\Xabi\OneDrive\Escritorio\ECLIPSE\Rides24\src\main\resources\rides.temp' is opened by 12188@DESKTOP-PNFEN4V

[2024-03-02 14:59:16 #2 type] 
Type domain.User is not enhanced.

[2024-03-02 14:59:16 #3 type] 
Type domain.Driver is not enhanced.

[2024-03-02 14:59:16 #4 type] 
Type domain.Ride is not enhanced.

[2024-03-02 14:59:16 #5 type] 
Type domain.ReserveStatus is not enhanced.

[2024-03-02 14:59:16 #6 type] 
Type domain.Traveler is not enhanced.

------------------------------------------------------------------------------------------------------------------------

[2024-03-02 15:00:47 #1 store] 
Database 'C:\Users\Xabi\OneDrive\Escritorio\ECLIPSE\Rides24\src\main\resources\rides.temp' is opened by 11460@DESKTOP-PNFEN4V

[2024-03-02 15:00:47 #2 type] 
Type domain.User is not enhanced.

[2024-03-02 15:00:47 #3 type] 
Type domain.Driver is not enhanced.

[2024-03-02 15:00:47 #4 type] 
Type domain.Ride is not enhanced.

[2024-03-02 15:00:47 #5 type] 
Type domain.ReserveStatus is not enhanced.

[2024-03-02 15:00:47 #6 type] 
Type domain.Traveler is not enhanced.

------------------------------------------------------------------------------------------------------------------------

[2024-03-02 15:01:36 #1 store] 
Database 'C:\Users\Xabi\OneDrive\Escritorio\ECLIPSE\Rides24\src\main\resources\rides.temp' is opened by 16504@DESKTOP-PNFEN4V

[2024-03-02 15:01:36 #2 type] 
Type domain.User is not enhanced.

[2024-03-02 15:01:36 #3 type] 
Type domain.Driver is not enhanced.

[2024-03-02 15:01:36 #4 type] 
Type domain.Ride is not enhanced.

[2024-03-02 15:01:36 #5 type] 
Type domain.ReserveStatus is not enhanced.

[2024-03-02 15:01:36 #6 type] 
Type domain.Traveler is not enhanced.

------------------------------------------------------------------------------------------------------------------------

[2024-03-02 15:03:10 #1 store] 
Database 'C:\Users\Xabi\OneDrive\Escritorio\ECLIPSE\Rides24\src\main\resources\rides.temp' is opened by 10932@DESKTOP-PNFEN4V

[2024-03-02 15:03:10 #2 type] 
Type domain.User is not enhanced.

[2024-03-02 15:03:10 #3 type] 
Type domain.Driver is not enhanced.

[2024-03-02 15:03:10 #4 type] 
Type domain.Ride is not enhanced.

[2024-03-02 15:03:10 #5 type] 
Type domain.ReserveStatus is not enhanced.

[2024-03-02 15:03:10 #6 type] 
Type domain.Traveler is not enhanced.

------------------------------------------------------------------------------------------------------------------------

[2024-03-02 15:04:29 #1 store] 
Database 'C:\Users\Xabi\OneDrive\Escritorio\ECLIPSE\Rides24\src\main\resources\rides.temp' is opened by 7408@DESKTOP-PNFEN4V

[2024-03-02 15:04:29 #2 type] 
Type domain.User is not enhanced.

[2024-03-02 15:04:29 #3 type] 
Type domain.Driver is not enhanced.

[2024-03-02 15:04:29 #4 type] 
Type domain.Ride is not enhanced.

[2024-03-02 15:04:29 #5 type] 
Type domain.ReserveStatus is not enhanced.

[2024-03-02 15:04:29 #6 type] 
Type domain.Traveler is not enhanced.

------------------------------------------------------------------------------------------------------------------------

[2024-03-02 15:40:30 #1 store] 
Database 'C:\Users\Xabi\OneDrive\Escritorio\ECLIPSE\Rides24\src\main\resources\rides.temp' is opened by 11944@DESKTOP-PNFEN4V

[2024-03-02 15:40:30 #2 type] 
Type domain.User is not enhanced.

[2024-03-02 15:40:30 #3 type] 
Type domain.Driver is not enhanced.

[2024-03-02 15:40:30 #4 type] 
Type domain.Ride is not enhanced.

[2024-03-02 15:40:30 #5 type] 
Type domain.ReserveStatus is not enhanced.

[2024-03-02 15:40:30 #6 type] 
Type domain.Traveler is not enhanced.

------------------------------------------------------------------------------------------------------------------------

[2024-03-02 15:41:31 #1 store] 
Database 'C:\Users\Xabi\OneDrive\Escritorio\ECLIPSE\Rides24\src\main\resources\rides.temp' has been recovered (tr. 22-22)

[2024-03-02 15:41:31 #2 store] 
Database 'C:\Users\Xabi\OneDrive\Escritorio\ECLIPSE\Rides24\src\main\resources\rides.temp' is opened by 15608@DESKTOP-PNFEN4V

[2024-03-02 15:41:31 #3 type] 
Type domain.User is not enhanced.

[2024-03-02 15:41:31 #4 type] 
Type domain.Driver is not enhanced.

[2024-03-02 15:41:31 #5 type] 
Type domain.Ride is not enhanced.

[2024-03-02 15:41:31 #6 type] 
Type domain.ReserveStatus is not enhanced.

[2024-03-02 15:41:31 #7 type] 
Type domain.Traveler is not enhanced.

------------------------------------------------------------------------------------------------------------------------

[2024-03-02 15:44:59 #1 store] 
Database 'C:\Users\Xabi\OneDrive\Escritorio\ECLIPSE\Rides24\src\main\resources\rides.temp' has been recovered (tr. 23-23)

[2024-03-02 15:44:59 #2 store] 
Database 'C:\Users\Xabi\OneDrive\Escritorio\ECLIPSE\Rides24\src\main\resources\rides.temp' is opened by 13784@DESKTOP-PNFEN4V

[2024-03-02 15:44:59 #3 type] 
Type domain.User is not enhanced.

[2024-03-02 15:44:59 #4 type] 
Type domain.Driver is not enhanced.

[2024-03-02 15:44:59 #5 type] 
Type domain.Ride is not enhanced.

[2024-03-02 15:44:59 #6 type] 
Type domain.ReserveStatus is not enhanced.

[2024-03-02 15:44:59 #7 type] 
Type domain.Traveler is not enhanced.

------------------------------------------------------------------------------------------------------------------------

[2024-03-02 15:46:10 #1 store] 
Database 'C:\Users\Xabi\OneDrive\Escritorio\ECLIPSE\Rides24\src\main\resources\rides.temp' has been recovered (tr. 24-24)

[2024-03-02 15:46:10 #2 store] 
Database 'C:\Users\Xabi\OneDrive\Escritorio\ECLIPSE\Rides24\src\main\resources\rides.temp' is opened by 14444@DESKTOP-PNFEN4V

[2024-03-02 15:46:11 #3 type] 
Type domain.User is not enhanced.

[2024-03-02 15:46:11 #4 type] 
Type domain.Driver is not enhanced.

[2024-03-02 15:46:11 #5 type] 
Type domain.Ride is not enhanced.

[2024-03-02 15:46:11 #6 type] 
Type domain.ReserveStatus is not enhanced.

[2024-03-02 15:46:11 #7 type] 
Type domain.Traveler is not enhanced.

------------------------------------------------------------------------------------------------------------------------

[2024-03-02 15:46:41 #1 store] 
Database 'C:\Users\Xabi\OneDrive\Escritorio\ECLIPSE\Rides24\src\main\resources\rides.temp' has been recovered (tr. 25-27)

[2024-03-02 15:46:42 #2 store] 
Database 'C:\Users\Xabi\OneDrive\Escritorio\ECLIPSE\Rides24\src\main\resources\rides.temp' is opened by 16772@DESKTOP-PNFEN4V

[2024-03-02 15:46:42 #3 type] 
Type domain.User is not enhanced.

[2024-03-02 15:46:42 #4 type] 
Type domain.Driver is not enhanced.

[2024-03-02 15:46:42 #5 type] 
Type domain.Ride is not enhanced.

[2024-03-02 15:46:42 #6 type] 
Type domain.ReserveStatus is not enhanced.

[2024-03-02 15:46:42 #7 type] 
Type domain.Traveler is not enhanced.

------------------------------------------------------------------------------------------------------------------------

[2024-03-02 15:59:00 #1 store] 
Database 'C:\Users\Xabi\OneDrive\Escritorio\ECLIPSE\Rides24\src\main\resources\rides.temp' is opened by 280@DESKTOP-PNFEN4V

[2024-03-02 15:59:01 #2 type] 
Type domain.User is not enhanced.

[2024-03-02 15:59:01 #3 type] 
Type domain.Driver is not enhanced.

[2024-03-02 15:59:01 #4 type] 
Type domain.Ride is not enhanced.

[2024-03-02 15:59:01 #5 type] 
Type domain.ReserveStatus is not enhanced.

[2024-03-02 15:59:01 #6 type] 
Type domain.Traveler is not enhanced.

------------------------------------------------------------------------------------------------------------------------

[2024-03-02 15:59:57 #1 store] 
Database 'C:\Users\Xabi\OneDrive\Escritorio\ECLIPSE\Rides24\src\main\resources\rides.temp' has been recovered (tr. 28-29)

[2024-03-02 15:59:57 #2 store] 
Database 'C:\Users\Xabi\OneDrive\Escritorio\ECLIPSE\Rides24\src\main\resources\rides.temp' is opened by 928@DESKTOP-PNFEN4V

[2024-03-02 15:59:57 #3 type] 
Type domain.User is not enhanced.

[2024-03-02 15:59:57 #4 type] 
Type domain.Driver is not enhanced.

[2024-03-02 15:59:57 #5 type] 
Type domain.Ride is not enhanced.

[2024-03-02 15:59:57 #6 type] 
Type domain.ReserveStatus is not enhanced.

[2024-03-02 15:59:57 #7 type] 
Type domain.Traveler is not enhanced.

