------------------------------------------------------------------------------------------------------------------------

[2025-04-24 12:15:32 #1 store] 
Database 'C:\Users\itxas\git\Rides24\src\main\resources\rides.temp' has been recovered (tr. 137-149)

[2025-04-24 12:15:32 #2 store] 
Database 'C:\Users\itxas\git\Rides24\src\main\resources\rides.temp' is opened by 31636@Itxaso

[2025-04-24 12:15:32 #3 type] 
Type domain.User is not enhanced.

[2025-04-24 12:15:32 #4 type.registry] 
New type java.util.ArrayList<domain.Movement>

[2025-04-24 12:15:32 #5 type] 
Type domain.Movement is not enhanced.

[2025-04-24 12:15:32 #6 type] 
Type domain.Driver is not enhanced.

[2025-04-24 12:15:32 #7 type] 
Type domain.Car is not enhanced.

[2025-04-24 12:15:32 #8 type] 
Type domain.Ride is not enhanced.

[2025-04-24 12:15:32 #9 type.registry] 
New type java.util.ArrayList<domain.Eskaera>

[2025-04-24 12:15:32 #10 type.registry] 
New type domain.Ride$RideEgoera

[2025-04-24 12:15:32 #11 type] 
Type domain.Bidaiari is not enhanced.

[2025-04-24 12:15:32 #12 type] 
Type domain.Eskaera is not enhanced.

[2025-04-24 12:15:32 #13 type.registry] 
New type domain.Eskaera$EskaeraEgoera

------------------------------------------------------------------------------------------------------------------------

[2025-04-24 12:16:06 #1 store] 
Database 'C:\Users\itxas\git\Rides24\src\main\resources\rides.temp' has been recovered (tr. 150-150)

[2025-04-24 12:16:06 #2 store] 
Database 'C:\Users\itxas\git\Rides24\src\main\resources\rides.temp' is opened by 28604@Itxaso

[2025-04-24 12:16:06 #3 type] 
Type domain.User is not enhanced.

[2025-04-24 12:16:06 #4 type] 
Type domain.Movement is not enhanced.

[2025-04-24 12:16:06 #5 type] 
Type domain.Driver is not enhanced.

[2025-04-24 12:16:06 #6 type] 
Type domain.Car is not enhanced.

[2025-04-24 12:16:06 #7 type] 
Type domain.Ride is not enhanced.

[2025-04-24 12:16:06 #8 type] 
Type domain.Bidaiari is not enhanced.

[2025-04-24 12:16:06 #9 type] 
Type domain.Eskaera is not enhanced.

------------------------------------------------------------------------------------------------------------------------

[2025-04-24 12:20:54 #1 store] 
Database 'C:\Users\itxas\git\Rides24\src\main\resources\rides.temp' is opened by 5548@Itxaso

[2025-04-24 12:20:54 #2 type] 
Type domain.User is not enhanced.

[2025-04-24 12:20:54 #3 type] 
Type domain.Movement is not enhanced.

[2025-04-24 12:20:54 #4 type] 
Type domain.Driver is not enhanced.

[2025-04-24 12:20:54 #5 type] 
Type domain.Car is not enhanced.

[2025-04-24 12:20:54 #6 type] 
Type domain.Ride is not enhanced.

[2025-04-24 12:20:54 #7 type] 
Type domain.Bidaiari is not enhanced.

[2025-04-24 12:20:54 #8 type] 
Type domain.Eskaera is not enhanced.

------------------------------------------------------------------------------------------------------------------------

[2025-04-24 12:22:35 #1 store] 
Database 'C:\Users\itxas\git\Rides24\src\main\resources\rides.temp' is opened by 19552@Itxaso

[2025-04-24 12:22:35 #2 type] 
Type domain.User is not enhanced.

[2025-04-24 12:22:35 #3 type] 
Type domain.Movement is not enhanced.

[2025-04-24 12:22:35 #4 type] 
Type domain.Driver is not enhanced.

[2025-04-24 12:22:35 #5 type] 
Type domain.Car is not enhanced.

[2025-04-24 12:22:35 #6 type] 
Type domain.Ride is not enhanced.

[2025-04-24 12:22:35 #7 type] 
Type domain.Bidaiari is not enhanced.

[2025-04-24 12:22:35 #8 type] 
Type domain.Eskaera is not enhanced.

------------------------------------------------------------------------------------------------------------------------

[2025-04-24 12:32:05 #1 store] 
Database 'C:\Users\itxas\git\Rides24\src\main\resources\rides.temp' is opened by 4940@Itxaso

[2025-04-24 12:32:05 #2 type] 
Type domain.User is not enhanced.

[2025-04-24 12:32:05 #3 type] 
Type domain.Movement is not enhanced.

[2025-04-24 12:32:05 #4 type] 
Type domain.Driver is not enhanced.

[2025-04-24 12:32:05 #5 type] 
Type domain.Car is not enhanced.

[2025-04-24 12:32:05 #6 type] 
Type domain.Ride is not enhanced.

[2025-04-24 12:32:05 #7 type] 
Type domain.Bidaiari is not enhanced.

[2025-04-24 12:32:05 #8 type] 
Type domain.Eskaera is not enhanced.

------------------------------------------------------------------------------------------------------------------------

[2025-04-24 12:39:26 #1 store] 
Database 'C:\Users\itxas\git\Rides24\src\main\resources\rides.temp' is opened by 7704@Itxaso

[2025-04-24 12:39:26 #2 type] 
Type domain.User is not enhanced.

[2025-04-24 12:39:26 #3 type] 
Type domain.Movement is not enhanced.

[2025-04-24 12:39:26 #4 type] 
Type domain.Driver is not enhanced.

[2025-04-24 12:39:26 #5 type] 
Type domain.Car is not enhanced.

[2025-04-24 12:39:26 #6 type] 
Type domain.Ride is not enhanced.

[2025-04-24 12:39:26 #7 type] 
Type domain.Bidaiari is not enhanced.

[2025-04-24 12:39:26 #8 type] 
Type domain.Eskaera is not enhanced.

------------------------------------------------------------------------------------------------------------------------

[2025-04-24 12:41:29 #1 store] 
Database 'C:\Users\itxas\git\Rides24\src\main\resources\rides.temp' is opened by 35660@Itxaso

[2025-04-24 12:41:29 #2 type] 
Type domain.User is not enhanced.

[2025-04-24 12:41:29 #3 type] 
Type domain.Movement is not enhanced.

[2025-04-24 12:41:29 #4 type] 
Type domain.Driver is not enhanced.

[2025-04-24 12:41:29 #5 type] 
Type domain.Car is not enhanced.

[2025-04-24 12:41:29 #6 type] 
Type domain.Ride is not enhanced.

[2025-04-24 12:41:29 #7 type] 
Type domain.Bidaiari is not enhanced.

[2025-04-24 12:41:29 #8 type] 
Type domain.Eskaera is not enhanced.

------------------------------------------------------------------------------------------------------------------------

[2025-04-24 12:47:14 #1 store] 
Database 'C:\Users\itxas\git\Rides24\src\main\resources\rides.temp' is opened by 9044@Itxaso

[2025-04-24 12:47:14 #2 type] 
Type domain.User is not enhanced.

[2025-04-24 12:47:14 #3 type] 
Type domain.Movement is not enhanced.

[2025-04-24 12:47:14 #4 type] 
Type domain.Driver is not enhanced.

[2025-04-24 12:47:14 #5 type] 
Type domain.Car is not enhanced.

[2025-04-24 12:47:14 #6 type] 
Type domain.Ride is not enhanced.

[2025-04-24 12:47:14 #7 type] 
Type domain.Bidaiari is not enhanced.

[2025-04-24 12:47:14 #8 type] 
Type domain.Eskaera is not enhanced.

------------------------------------------------------------------------------------------------------------------------

[2025-04-24 12:51:30 #1 store] 
Database 'C:\Users\itxas\git\Rides24\src\main\resources\rides.temp' is opened by 32936@Itxaso

[2025-04-24 12:51:30 #2 type] 
Type domain.User is not enhanced.

[2025-04-24 12:51:30 #3 type] 
Type domain.Movement is not enhanced.

[2025-04-24 12:51:30 #4 type] 
Type domain.Driver is not enhanced.

[2025-04-24 12:51:30 #5 type] 
Type domain.Car is not enhanced.

[2025-04-24 12:51:30 #6 type] 
Type domain.Ride is not enhanced.

[2025-04-24 12:51:30 #7 type] 
Type domain.Bidaiari is not enhanced.

[2025-04-24 12:51:30 #8 type] 
Type domain.Eskaera is not enhanced.

------------------------------------------------------------------------------------------------------------------------

[2025-04-24 12:53:36 #1 store] 
Database 'C:\Users\itxas\git\Rides24\src\main\resources\rides.temp' is opened by 4812@Itxaso

[2025-04-24 12:53:37 #2 type] 
Type domain.User is not enhanced.

[2025-04-24 12:53:37 #3 type] 
Type domain.Movement is not enhanced.

[2025-04-24 12:53:37 #4 type] 
Type domain.Driver is not enhanced.

[2025-04-24 12:53:37 #5 type] 
Type domain.Car is not enhanced.

[2025-04-24 12:53:37 #6 type] 
Type domain.Ride is not enhanced.

[2025-04-24 12:53:37 #7 type] 
Type domain.Bidaiari is not enhanced.

[2025-04-24 12:53:37 #8 type] 
Type domain.Eskaera is not enhanced.

------------------------------------------------------------------------------------------------------------------------

[2025-04-24 13:03:56 #1 store] 
Database 'C:\Users\itxas\git\Rides24\src\main\resources\rides.temp' is opened by 29600@Itxaso

[2025-04-24 13:04:18 #2 type.registry] 
New type domain.User

[2025-04-24 13:04:18 #3 type] 
Type domain.User is not enhanced.

[2025-04-24 13:04:18 #4 type.registry] 
New type domain.Movement

[2025-04-24 13:04:18 #5 type.registry] 
New type java.util.ArrayList<domain.Movement>

[2025-04-24 13:04:18 #6 type] 
Type domain.Movement is not enhanced.

------------------------------------------------------------------------------------------------------------------------

[2025-04-24 13:07:44 #1 store] 
Database 'C:\Users\itxas\git\Rides24\src\main\resources\rides.temp' is opened by 12284@Itxaso

[2025-04-24 13:07:44 #2 type] 
Type domain.User is not enhanced.

[2025-04-24 13:07:44 #3 type] 
Type domain.Movement is not enhanced.

[2025-04-24 13:08:26 #4 type.registry] 
New type domain.Driver

[2025-04-24 13:08:26 #5 type] 
Type domain.Driver is not enhanced.

[2025-04-24 13:08:26 #6 type.registry] 
New type domain.Car

[2025-04-24 13:08:26 #7 type.registry] 
New type domain.Ride

[2025-04-24 13:08:26 #8 type] 
Type domain.Car is not enhanced.

[2025-04-24 13:08:26 #9 type] 
Type domain.Ride is not enhanced.

[2025-04-24 13:08:26 #10 type.registry] 
New type domain.Eskaera

[2025-04-24 13:08:26 #11 type.registry] 
New type java.util.ArrayList<domain.Eskaera>

[2025-04-24 13:08:26 #12 type.registry] 
New type domain.Ride$RideEgoera

[2025-04-24 13:08:26 #13 type] 
Type domain.Eskaera is not enhanced.

[2025-04-24 13:08:26 #14 type.registry] 
New type domain.Eskaera$EskaeraEgoera

[2025-04-24 13:08:26 #15 type.registry] 
New type domain.Bidaiari

[2025-04-24 13:08:26 #16 type] 
Type domain.Bidaiari is not enhanced.

[2025-04-24 13:08:26 #17 type.registry] 
New type java.util.ArrayList<java.lang.Object>

[2025-04-24 13:08:26 #18 type.registry] 
New type java.util.Vector<java.lang.Object>

[2025-04-24 13:08:26 #19 type.registry] 
New type java.util.Vector<domain.Ride>

[2025-04-24 13:08:26 #20 type.registry] 
New type java.util.Vector<domain.Car>

------------------------------------------------------------------------------------------------------------------------

[2025-04-24 13:09:52 #1 store] 
Database 'C:\Users\itxas\git\Rides24\src\main\resources\rides.temp' is opened by 23372@Itxaso

[2025-04-24 13:09:52 #2 type] 
Type domain.User is not enhanced.

[2025-04-24 13:09:52 #3 type] 
Type domain.Movement is not enhanced.

[2025-04-24 13:09:52 #4 type] 
Type domain.Driver is not enhanced.

[2025-04-24 13:09:52 #5 type] 
Type domain.Car is not enhanced.

[2025-04-24 13:09:52 #6 type] 
Type domain.Ride is not enhanced.

[2025-04-24 13:09:52 #7 type] 
Type domain.Eskaera is not enhanced.

[2025-04-24 13:09:52 #8 type] 
Type domain.Bidaiari is not enhanced.

------------------------------------------------------------------------------------------------------------------------

[2025-04-24 13:13:02 #1 store] 
Database 'C:\Users\itxas\git\Rides24\src\main\resources\rides.temp' is opened by 19704@Itxaso

[2025-04-24 13:13:02 #2 type] 
Type domain.User is not enhanced.

[2025-04-24 13:13:02 #3 type] 
Type domain.Movement is not enhanced.

[2025-04-24 13:13:02 #4 type] 
Type domain.Driver is not enhanced.

[2025-04-24 13:13:02 #5 type] 
Type domain.Car is not enhanced.

[2025-04-24 13:13:02 #6 type] 
Type domain.Ride is not enhanced.

[2025-04-24 13:13:02 #7 type] 
Type domain.Eskaera is not enhanced.

[2025-04-24 13:13:02 #8 type] 
Type domain.Bidaiari is not enhanced.

------------------------------------------------------------------------------------------------------------------------

[2025-04-24 13:19:00 #1 store] 
Database 'C:\Users\itxas\git\Rides24\src\main\resources\rides.temp' is opened by 25928@Itxaso

[2025-04-24 13:19:01 #2 type] 
Type domain.User is not enhanced.

[2025-04-24 13:19:01 #3 type] 
Type domain.Movement is not enhanced.

[2025-04-24 13:19:01 #4 type] 
Type domain.Driver is not enhanced.

[2025-04-24 13:19:01 #5 type] 
Type domain.Car is not enhanced.

[2025-04-24 13:19:01 #6 type] 
Type domain.Ride is not enhanced.

[2025-04-24 13:19:01 #7 type] 
Type domain.Eskaera is not enhanced.

[2025-04-24 13:19:01 #8 type] 
Type domain.Bidaiari is not enhanced.

------------------------------------------------------------------------------------------------------------------------

[2025-04-24 13:22:08 #1 store] 
Database 'C:\Users\itxas\git\Rides24\src\main\resources\rides.temp' is opened by 28092@Itxaso

[2025-04-24 13:22:08 #2 type] 
Type domain.User is not enhanced.

[2025-04-24 13:22:08 #3 type] 
Type domain.Movement is not enhanced.

[2025-04-24 13:22:08 #4 type] 
Type domain.Driver is not enhanced.

[2025-04-24 13:22:08 #5 type] 
Type domain.Car is not enhanced.

[2025-04-24 13:22:08 #6 type] 
Type domain.Ride is not enhanced.

[2025-04-24 13:22:08 #7 type] 
Type domain.Eskaera is not enhanced.

[2025-04-24 13:22:08 #8 type] 
Type domain.Bidaiari is not enhanced.

------------------------------------------------------------------------------------------------------------------------

[2025-04-24 13:29:26 #1 store] 
Database 'C:\Users\itxas\git\Rides24\src\main\resources\rides.temp' is opened by 9144@Itxaso

[2025-04-24 13:29:26 #2 type] 
Type domain.User is not enhanced.

[2025-04-24 13:29:26 #3 type] 
Type domain.Movement is not enhanced.

[2025-04-24 13:29:26 #4 type] 
Type domain.Driver is not enhanced.

[2025-04-24 13:29:26 #5 type] 
Type domain.Car is not enhanced.

[2025-04-24 13:29:26 #6 type] 
Type domain.Ride is not enhanced.

[2025-04-24 13:29:26 #7 type] 
Type domain.Eskaera is not enhanced.

[2025-04-24 13:29:26 #8 type] 
Type domain.Bidaiari is not enhanced.

------------------------------------------------------------------------------------------------------------------------

[2025-04-24 13:31:12 #1 store] 
Database 'C:\Users\itxas\git\Rides24\src\main\resources\rides.temp' is opened by 17444@Itxaso

[2025-04-24 13:31:13 #2 type] 
Type domain.User is not enhanced.

[2025-04-24 13:31:13 #3 type] 
Type domain.Movement is not enhanced.

[2025-04-24 13:31:13 #4 type] 
Type domain.Driver is not enhanced.

[2025-04-24 13:31:13 #5 type] 
Type domain.Car is not enhanced.

[2025-04-24 13:31:13 #6 type] 
Type domain.Ride is not enhanced.

[2025-04-24 13:31:13 #7 type] 
Type domain.Eskaera is not enhanced.

[2025-04-24 13:31:13 #8 type] 
Type domain.Bidaiari is not enhanced.

------------------------------------------------------------------------------------------------------------------------

[2025-04-24 13:35:43 #1 store] 
Database 'C:\Users\itxas\git\Rides24\src\main\resources\rides.temp' is opened by 21216@Itxaso

[2025-04-24 13:35:44 #2 type] 
Type domain.User is not enhanced.

[2025-04-24 13:35:44 #3 type] 
Type domain.Movement is not enhanced.

[2025-04-24 13:35:44 #4 type] 
Type domain.Driver is not enhanced.

[2025-04-24 13:35:44 #5 type] 
Type domain.Car is not enhanced.

[2025-04-24 13:35:44 #6 type] 
Type domain.Ride is not enhanced.

[2025-04-24 13:35:44 #7 type] 
Type domain.Eskaera is not enhanced.

[2025-04-24 13:35:44 #8 type] 
Type domain.Bidaiari is not enhanced.

------------------------------------------------------------------------------------------------------------------------

[2025-04-24 13:36:25 #1 store] 
Database 'C:\Users\itxas\git\Rides24\src\main\resources\rides.temp' is opened by 27396@Itxaso

[2025-04-24 13:36:25 #2 type] 
Type domain.User is not enhanced.

[2025-04-24 13:36:25 #3 type] 
Type domain.Movement is not enhanced.

[2025-04-24 13:36:25 #4 type] 
Type domain.Driver is not enhanced.

[2025-04-24 13:36:25 #5 type] 
Type domain.Car is not enhanced.

[2025-04-24 13:36:25 #6 type] 
Type domain.Ride is not enhanced.

[2025-04-24 13:36:25 #7 type] 
Type domain.Eskaera is not enhanced.

[2025-04-24 13:36:25 #8 type] 
Type domain.Bidaiari is not enhanced.

------------------------------------------------------------------------------------------------------------------------

[2025-04-24 13:36:53 #1 store] 
Database 'C:\Users\itxas\git\Rides24\src\main\resources\rides.temp' is opened by 34492@Itxaso

[2025-04-24 13:36:53 #2 type] 
Type domain.User is not enhanced.

[2025-04-24 13:36:53 #3 type] 
Type domain.Movement is not enhanced.

[2025-04-24 13:36:53 #4 type] 
Type domain.Driver is not enhanced.

[2025-04-24 13:36:53 #5 type] 
Type domain.Car is not enhanced.

[2025-04-24 13:36:53 #6 type] 
Type domain.Ride is not enhanced.

[2025-04-24 13:36:53 #7 type] 
Type domain.Eskaera is not enhanced.

[2025-04-24 13:36:53 #8 type] 
Type domain.Bidaiari is not enhanced.

------------------------------------------------------------------------------------------------------------------------

[2025-04-24 13:42:26 #1 store] 
Database 'C:\Users\itxas\git\Rides24\src\main\resources\rides.temp' is opened by 20844@Itxaso

[2025-04-24 13:42:26 #2 type] 
Type domain.User is not enhanced.

[2025-04-24 13:42:26 #3 type] 
Type domain.Movement is not enhanced.

[2025-04-24 13:42:26 #4 type] 
Type domain.Driver is not enhanced.

[2025-04-24 13:42:26 #5 type] 
Type domain.Car is not enhanced.

[2025-04-24 13:42:26 #6 type] 
Type domain.Ride is not enhanced.

[2025-04-24 13:42:26 #7 type] 
Type domain.Eskaera is not enhanced.

[2025-04-24 13:42:26 #8 type] 
Type domain.Bidaiari is not enhanced.

------------------------------------------------------------------------------------------------------------------------

[2025-04-24 16:22:35 #1 store] 
Database 'C:\Users\itxas\git\Rides24\src\main\resources\rides.temp' is opened by 31112@Itxaso

[2025-04-24 16:22:35 #2 type] 
Type domain.User is not enhanced.

[2025-04-24 16:22:35 #3 type] 
Type domain.Movement is not enhanced.

[2025-04-24 16:22:35 #4 type] 
Type domain.Driver is not enhanced.

[2025-04-24 16:22:35 #5 type] 
Type domain.Car is not enhanced.

[2025-04-24 16:22:35 #6 type] 
Type domain.Ride is not enhanced.

[2025-04-24 16:22:35 #7 type] 
Type domain.Eskaera is not enhanced.

[2025-04-24 16:22:35 #8 type] 
Type domain.Bidaiari is not enhanced.

------------------------------------------------------------------------------------------------------------------------

[2025-04-24 16:27:49 #1 store] 
Database 'C:\Users\itxas\git\Rides24\src\main\resources\rides.temp' is opened by 11304@Itxaso

[2025-04-24 16:27:49 #2 type] 
Type domain.User is not enhanced.

[2025-04-24 16:27:49 #3 type] 
Type domain.Movement is not enhanced.

[2025-04-24 16:27:49 #4 type] 
Type domain.Driver is not enhanced.

[2025-04-24 16:27:49 #5 type] 
Type domain.Car is not enhanced.

[2025-04-24 16:27:49 #6 type] 
Type domain.Ride is not enhanced.

[2025-04-24 16:27:49 #7 type] 
Type domain.Eskaera is not enhanced.

[2025-04-24 16:27:49 #8 type] 
Type domain.Bidaiari is not enhanced.

------------------------------------------------------------------------------------------------------------------------

[2025-04-24 16:42:32 #1 store] 
Database 'C:\Users\itxas\git\Rides24\src\main\resources\rides.temp' is opened by 1392@Itxaso

[2025-04-24 16:42:33 #2 type] 
Type domain.User is not enhanced.

[2025-04-24 16:42:33 #3 type] 
Type domain.Movement is not enhanced.

[2025-04-24 16:42:33 #4 type] 
Type domain.Driver is not enhanced.

[2025-04-24 16:42:33 #5 type] 
Type domain.Car is not enhanced.

[2025-04-24 16:42:33 #6 type] 
Type domain.Ride is not enhanced.

[2025-04-24 16:42:33 #7 type] 
Type domain.Eskaera is not enhanced.

[2025-04-24 16:42:33 #8 type] 
Type domain.Bidaiari is not enhanced.

------------------------------------------------------------------------------------------------------------------------

[2025-04-24 16:57:36 #1 store] 
Database 'C:\Users\itxas\git\Rides24\src\main\resources\rides.temp' is opened by 8420@Itxaso

[2025-04-24 16:57:36 #2 type] 
Type domain.User is not enhanced.

[2025-04-24 16:57:36 #3 type] 
Type domain.Movement is not enhanced.

[2025-04-24 16:57:36 #4 type] 
Type domain.Driver is not enhanced.

[2025-04-24 16:57:36 #5 type] 
Type domain.Car is not enhanced.

[2025-04-24 16:57:36 #6 type] 
Type domain.Ride is not enhanced.

[2025-04-24 16:57:36 #7 type] 
Type domain.Eskaera is not enhanced.

[2025-04-24 16:57:36 #8 type] 
Type domain.Bidaiari is not enhanced.

------------------------------------------------------------------------------------------------------------------------

[2025-04-24 17:05:58 #1 store] 
Database 'C:\Users\itxas\git\Rides24\src\main\resources\rides.temp' is opened by 23884@Itxaso

[2025-04-24 17:05:58 #2 type] 
Type domain.User is not enhanced.

[2025-04-24 17:05:58 #3 type] 
Type domain.Movement is not enhanced.

[2025-04-24 17:05:58 #4 type] 
Type domain.Driver is not enhanced.

[2025-04-24 17:05:58 #5 type] 
Type domain.Car is not enhanced.

[2025-04-24 17:05:58 #6 type] 
Type domain.Ride is not enhanced.

[2025-04-24 17:05:58 #7 type] 
Type domain.Eskaera is not enhanced.

[2025-04-24 17:05:58 #8 type] 
Type domain.Bidaiari is not enhanced.

------------------------------------------------------------------------------------------------------------------------

[2025-04-24 17:11:00 #1 store] 
Database 'C:\Users\itxas\git\Rides24\src\main\resources\rides.temp' has been recovered (tr. 57-58)

[2025-04-24 17:11:00 #2 store] 
Database 'C:\Users\itxas\git\Rides24\src\main\resources\rides.temp' is opened by 7672@Itxaso

[2025-04-24 17:11:00 #3 type] 
Type domain.User is not enhanced.

[2025-04-24 17:11:00 #4 type] 
Type domain.Movement is not enhanced.

[2025-04-24 17:11:00 #5 type] 
Type domain.Driver is not enhanced.

[2025-04-24 17:11:00 #6 type] 
Type domain.Car is not enhanced.

[2025-04-24 17:11:00 #7 type] 
Type domain.Ride is not enhanced.

[2025-04-24 17:11:00 #8 type] 
Type domain.Eskaera is not enhanced.

[2025-04-24 17:11:00 #9 type] 
Type domain.Bidaiari is not enhanced.

------------------------------------------------------------------------------------------------------------------------

[2025-04-24 17:18:00 #1 store] 
Database 'C:\Users\itxas\git\Rides24\src\main\resources\rides.temp' is opened by 22676@Itxaso

[2025-04-24 17:18:00 #2 type] 
Type domain.User is not enhanced.

[2025-04-24 17:18:00 #3 type] 
Type domain.Movement is not enhanced.

[2025-04-24 17:18:00 #4 type] 
Type domain.Driver is not enhanced.

[2025-04-24 17:18:00 #5 type] 
Type domain.Car is not enhanced.

[2025-04-24 17:18:00 #6 type] 
Type domain.Ride is not enhanced.

[2025-04-24 17:18:00 #7 type] 
Type domain.Eskaera is not enhanced.

[2025-04-24 17:18:00 #8 type] 
Type domain.Bidaiari is not enhanced.

