------------------------------------------------------------------------------------------------------------------------

[2025-04-08 15:08:03 #1 store] 
Database 'C:\Users\itxas\git\Rides24\src\main\resources\rides.temp' has been recovered (tr. 110-119)

[2025-04-08 15:08:03 #2 store] 
Database 'C:\Users\itxas\git\Rides24\src\main\resources\rides.temp' is opened by 20688@Itxaso

[2025-04-08 15:08:03 #3 type] 
Type domain.User is not enhanced.

[2025-04-08 15:08:03 #4 type] 
Type domain.Movement is not enhanced.

[2025-04-08 15:08:03 #5 type] 
Type domain.Driver is not enhanced.

[2025-04-08 15:08:03 #6 type] 
Type domain.Car is not enhanced.

[2025-04-08 15:08:03 #7 type] 
Type domain.Ride is not enhanced.

[2025-04-08 15:08:03 #8 type] 
Type domain.Bidaiari is not enhanced.

[2025-04-08 15:08:03 #9 type] 
Type domain.Eskaera is not enhanced.

------------------------------------------------------------------------------------------------------------------------

[2025-04-08 21:49:59 #1 store] 
Database 'C:\Users\itxas\git\Rides24\src\main\resources\rides.temp' has been recovered (tr. 120-120)

[2025-04-08 21:50:00 #2 store] 
Database 'C:\Users\itxas\git\Rides24\src\main\resources\rides.temp' is opened by 27332@Itxaso

[2025-04-08 21:50:00 #3 type] 
Type domain.User is not enhanced.

[2025-04-08 21:50:00 #4 type] 
Type domain.Movement is not enhanced.

[2025-04-08 21:50:00 #5 type] 
Type domain.Driver is not enhanced.

[2025-04-08 21:50:00 #6 type] 
Type domain.Car is not enhanced.

[2025-04-08 21:50:00 #7 type] 
Type domain.Ride is not enhanced.

[2025-04-08 21:50:00 #8 type] 
Type domain.Bidaiari is not enhanced.

[2025-04-08 21:50:00 #9 type] 
Type domain.Eskaera is not enhanced.

------------------------------------------------------------------------------------------------------------------------

[2025-04-08 21:51:20 #1 store] 
Database 'C:\Users\itxas\git\Rides24\src\main\resources\rides.temp' is opened by 27772@Itxaso

[2025-04-08 21:51:20 #2 type] 
Type domain.User is not enhanced.

[2025-04-08 21:51:20 #3 type] 
Type domain.Movement is not enhanced.

[2025-04-08 21:51:20 #4 type] 
Type domain.Driver is not enhanced.

[2025-04-08 21:51:20 #5 type] 
Type domain.Car is not enhanced.

[2025-04-08 21:51:20 #6 type] 
Type domain.Ride is not enhanced.

[2025-04-08 21:51:20 #7 type] 
Type domain.Bidaiari is not enhanced.

[2025-04-08 21:51:20 #8 type] 
Type domain.Eskaera is not enhanced.

------------------------------------------------------------------------------------------------------------------------

[2025-04-08 21:53:15 #1 store] 
Database 'C:\Users\itxas\git\Rides24\src\main\resources\rides.temp' is opened by 23332@Itxaso

[2025-04-08 21:53:15 #2 type] 
Type domain.User is not enhanced.

[2025-04-08 21:53:15 #3 type] 
Type domain.Movement is not enhanced.

[2025-04-08 21:53:15 #4 type] 
Type domain.Driver is not enhanced.

[2025-04-08 21:53:15 #5 type] 
Type domain.Car is not enhanced.

[2025-04-08 21:53:15 #6 type] 
Type domain.Ride is not enhanced.

[2025-04-08 21:53:15 #7 type] 
Type domain.Bidaiari is not enhanced.

[2025-04-08 21:53:15 #8 type] 
Type domain.Eskaera is not enhanced.

------------------------------------------------------------------------------------------------------------------------

[2025-04-08 22:15:47 #1 store] 
Database 'C:\Users\itxas\git\Rides24\src\main\resources\rides.temp' has been recovered (tr. 121-129)

[2025-04-08 22:15:47 #2 store] 
Database 'C:\Users\itxas\git\Rides24\src\main\resources\rides.temp' is opened by 5532@Itxaso

[2025-04-08 22:15:47 #3 type] 
Type domain.User is not enhanced.

[2025-04-08 22:15:47 #4 type] 
Type domain.Movement is not enhanced.

[2025-04-08 22:15:47 #5 type] 
Type domain.Driver is not enhanced.

[2025-04-08 22:15:47 #6 type] 
Type domain.Car is not enhanced.

[2025-04-08 22:15:47 #7 type] 
Type domain.Ride is not enhanced.

[2025-04-08 22:15:47 #8 type] 
Type domain.Bidaiari is not enhanced.

[2025-04-08 22:15:47 #9 type] 
Type domain.Eskaera is not enhanced.

------------------------------------------------------------------------------------------------------------------------

[2025-04-08 22:17:49 #1 store] 
Database 'C:\Users\itxas\git\Rides24\src\main\resources\rides.temp' has been recovered (tr. 130-130)

[2025-04-08 22:17:49 #2 store] 
Database 'C:\Users\itxas\git\Rides24\src\main\resources\rides.temp' is opened by 25084@Itxaso

[2025-04-08 22:17:49 #3 type] 
Type domain.User is not enhanced.

[2025-04-08 22:17:49 #4 type] 
Type domain.Movement is not enhanced.

[2025-04-08 22:17:49 #5 type] 
Type domain.Driver is not enhanced.

[2025-04-08 22:17:49 #6 type] 
Type domain.Car is not enhanced.

[2025-04-08 22:17:49 #7 type] 
Type domain.Ride is not enhanced.

[2025-04-08 22:17:49 #8 type] 
Type domain.Bidaiari is not enhanced.

[2025-04-08 22:17:49 #9 type] 
Type domain.Eskaera is not enhanced.

------------------------------------------------------------------------------------------------------------------------

[2025-04-08 23:00:52 #1 store] 
Database 'C:\Users\itxas\git\Rides24\src\main\resources\rides.temp' is opened by 23540@Itxaso

[2025-04-08 23:00:53 #2 type] 
Type domain.User is not enhanced.

[2025-04-08 23:00:53 #3 type] 
Type domain.Movement is not enhanced.

[2025-04-08 23:00:53 #4 type] 
Type domain.Driver is not enhanced.

[2025-04-08 23:00:53 #5 type] 
Type domain.Car is not enhanced.

[2025-04-08 23:00:53 #6 type] 
Type domain.Ride is not enhanced.

[2025-04-08 23:00:53 #7 type] 
Type domain.Bidaiari is not enhanced.

[2025-04-08 23:00:53 #8 type] 
Type domain.Eskaera is not enhanced.

------------------------------------------------------------------------------------------------------------------------

[2025-04-08 23:03:23 #1 store] 
Database 'C:\Users\itxas\git\Rides24\src\main\resources\rides.temp' has been recovered (tr. 131-132)

[2025-04-08 23:03:23 #2 store] 
Database 'C:\Users\itxas\git\Rides24\src\main\resources\rides.temp' is opened by 26544@Itxaso

[2025-04-08 23:03:23 #3 type] 
Type domain.User is not enhanced.

[2025-04-08 23:03:23 #4 type] 
Type domain.Movement is not enhanced.

[2025-04-08 23:03:23 #5 type] 
Type domain.Driver is not enhanced.

[2025-04-08 23:03:23 #6 type] 
Type domain.Car is not enhanced.

[2025-04-08 23:03:23 #7 type] 
Type domain.Ride is not enhanced.

[2025-04-08 23:03:23 #8 type] 
Type domain.Bidaiari is not enhanced.

[2025-04-08 23:03:23 #9 type] 
Type domain.Eskaera is not enhanced.

------------------------------------------------------------------------------------------------------------------------

[2025-04-08 23:07:13 #1 store] 
Database 'C:\Users\itxas\git\Rides24\src\main\resources\rides.temp' is opened by 25612@Itxaso

[2025-04-08 23:07:13 #2 type] 
Type domain.User is not enhanced.

[2025-04-08 23:07:13 #3 type] 
Type domain.Movement is not enhanced.

[2025-04-08 23:07:13 #4 type] 
Type domain.Driver is not enhanced.

[2025-04-08 23:07:13 #5 type] 
Type domain.Car is not enhanced.

[2025-04-08 23:07:13 #6 type] 
Type domain.Ride is not enhanced.

[2025-04-08 23:07:13 #7 type] 
Type domain.Bidaiari is not enhanced.

[2025-04-08 23:07:13 #8 type] 
Type domain.Eskaera is not enhanced.

------------------------------------------------------------------------------------------------------------------------

[2025-04-08 23:11:04 #1 store] 
Database 'C:\Users\itxas\git\Rides24\src\main\resources\rides.temp' is opened by 9884@Itxaso

[2025-04-08 23:11:04 #2 type] 
Type domain.User is not enhanced.

[2025-04-08 23:11:04 #3 type] 
Type domain.Movement is not enhanced.

[2025-04-08 23:11:04 #4 type] 
Type domain.Driver is not enhanced.

[2025-04-08 23:11:04 #5 type] 
Type domain.Car is not enhanced.

[2025-04-08 23:11:04 #6 type] 
Type domain.Ride is not enhanced.

[2025-04-08 23:11:04 #7 type] 
Type domain.Bidaiari is not enhanced.

[2025-04-08 23:11:04 #8 type] 
Type domain.Eskaera is not enhanced.

------------------------------------------------------------------------------------------------------------------------

[2025-04-08 23:12:18 #1 store] 
Database 'C:\Users\itxas\git\Rides24\src\main\resources\rides.temp' has been recovered (tr. 133-135)

[2025-04-08 23:12:18 #2 store] 
Database 'C:\Users\itxas\git\Rides24\src\main\resources\rides.temp' is opened by 4540@Itxaso

[2025-04-08 23:12:19 #3 type] 
Type domain.User is not enhanced.

[2025-04-08 23:12:19 #4 type] 
Type domain.Movement is not enhanced.

[2025-04-08 23:12:19 #5 type] 
Type domain.Driver is not enhanced.

[2025-04-08 23:12:19 #6 type] 
Type domain.Car is not enhanced.

[2025-04-08 23:12:19 #7 type] 
Type domain.Ride is not enhanced.

[2025-04-08 23:12:19 #8 type] 
Type domain.Bidaiari is not enhanced.

[2025-04-08 23:12:19 #9 type] 
Type domain.Eskaera is not enhanced.

