------------------------------------------------------------------------------------------------------------------------

[2024-02-25 15:30:42 #1 store] 
Database 'C:\Users\Xabi\git\Rides24\src\main\resources\rides.temp' is opened by 11832@DESKTOP-PNFEN4V

[2024-02-25 15:30:47 #2 type.registry] 
New type domain.User

[2024-02-25 15:30:47 #3 type] 
Type domain.User is not enhanced.

[2024-02-25 15:30:47 #4 type.registry] 
New type domain.Driver

[2024-02-25 15:30:47 #5 type] 
Type domain.Driver is not enhanced.

[2024-02-25 15:30:47 #6 type.registry] 
New type domain.Ride

[2024-02-25 15:30:47 #7 type] 
Type domain.Ride is not enhanced.

[2024-02-25 15:30:47 #8 type.registry] 
New type java.util.Vector<java.lang.Object>

[2024-02-25 15:30:47 #9 type.registry] 
New type java.util.Vector<domain.Ride>

------------------------------------------------------------------------------------------------------------------------

[2024-02-25 15:32:05 #1 store] 
Database 'C:\Users\Xabi\git\Rides24\src\main\resources\rides.temp' is opened by 15336@DESKTOP-PNFEN4V

[2024-02-25 15:32:05 #2 type.registry] 
New type domain.User

[2024-02-25 15:32:05 #3 type] 
Type domain.User is not enhanced.

[2024-02-25 15:32:06 #4 type.registry] 
New type domain.Driver

[2024-02-25 15:32:06 #5 type] 
Type domain.Driver is not enhanced.

[2024-02-25 15:32:06 #6 type.registry] 
New type domain.Ride

[2024-02-25 15:32:06 #7 type] 
Type domain.Ride is not enhanced.

[2024-02-25 15:32:06 #8 type.registry] 
New type java.util.Vector<java.lang.Object>

[2024-02-25 15:32:06 #9 type.registry] 
New type java.util.Vector<domain.Ride>

[2024-02-25 15:32:06 #10 type.registry] 
New type domain.Traveler

------------------------------------------------------------------------------------------------------------------------

[2024-02-25 15:33:01 #1 store] 
Database 'C:\Users\Xabi\git\Rides24\src\main\resources\rides.temp' is opened by 17564@DESKTOP-PNFEN4V

[2024-02-25 15:33:04 #2 type.registry] 
New type domain.User

[2024-02-25 15:33:04 #3 type] 
Type domain.User is not enhanced.

[2024-02-25 15:33:04 #4 type.registry] 
New type domain.Driver

[2024-02-25 15:33:04 #5 type] 
Type domain.Driver is not enhanced.

[2024-02-25 15:33:04 #6 type.registry] 
New type domain.Ride

[2024-02-25 15:33:04 #7 type] 
Type domain.Ride is not enhanced.

[2024-02-25 15:33:04 #8 type.registry] 
New type java.util.Vector<java.lang.Object>

[2024-02-25 15:33:04 #9 type.registry] 
New type java.util.Vector<domain.Ride>

[2024-02-25 15:33:04 #10 type.registry] 
New type domain.Traveler

[2024-02-25 15:33:04 #11 type] 
Type domain.Traveler is not enhanced.

------------------------------------------------------------------------------------------------------------------------

[2024-02-25 15:35:02 #1 store] 
Database 'C:\Users\Xabi\git\Rides24\src\main\resources\rides.temp' is opened by 13532@DESKTOP-PNFEN4V

------------------------------------------------------------------------------------------------------------------------

[2024-02-25 15:59:43 #1 store] 
Database 'C:\Users\Xabi\git\Rides24\src\main\resources\rides.temp' is opened by 6908@DESKTOP-PNFEN4V

[2024-02-25 15:59:45 #2 type.registry] 
New type domain.User

[2024-02-25 15:59:45 #3 type] 
Type domain.User is not enhanced.

[2024-02-25 15:59:45 #4 type.registry] 
New type domain.Driver

[2024-02-25 15:59:45 #5 type] 
Type domain.Driver is not enhanced.

[2024-02-25 15:59:45 #6 type.registry] 
New type domain.Ride

[2024-02-25 15:59:45 #7 type] 
Type domain.Ride is not enhanced.

[2024-02-25 15:59:45 #8 type.registry] 
New type java.util.Vector<java.lang.Object>

[2024-02-25 15:59:45 #9 type.registry] 
New type java.util.Vector<domain.Ride>

[2024-02-25 15:59:45 #10 type.registry] 
New type domain.Traveler

[2024-02-25 15:59:45 #11 type] 
Type domain.Traveler is not enhanced.

------------------------------------------------------------------------------------------------------------------------

[2024-02-25 15:59:51 #1 store] 
Database 'C:\Users\Xabi\git\Rides24\src\main\resources\rides.temp' is opened by 8072@DESKTOP-PNFEN4V

------------------------------------------------------------------------------------------------------------------------

[2024-02-25 16:21:06 #1 store] 
Database 'C:\Users\Xabi\git\Rides24\src\main\resources\rides.temp' is opened by 17844@DESKTOP-PNFEN4V

[2024-02-25 16:21:22 #2 type.registry] 
New type domain.User

[2024-02-25 16:21:22 #3 type] 
Type domain.User is not enhanced.

[2024-02-25 16:21:22 #4 type.registry] 
New type domain.Driver

[2024-02-25 16:21:22 #5 type] 
Type domain.Driver is not enhanced.

[2024-02-25 16:21:22 #6 type.registry] 
New type domain.Ride

[2024-02-25 16:21:22 #7 type] 
Type domain.Ride is not enhanced.

[2024-02-25 16:21:22 #8 type.registry] 
New type java.util.Vector<java.lang.Object>

[2024-02-25 16:21:22 #9 type.registry] 
New type java.util.Vector<domain.Ride>

------------------------------------------------------------------------------------------------------------------------

[2024-02-25 16:21:50 #1 store] 
Database 'C:\Users\Xabi\git\Rides24\src\main\resources\rides.temp' is opened by 16388@DESKTOP-PNFEN4V

[2024-02-25 16:21:57 #2 type.registry] 
New type domain.User

[2024-02-25 16:21:57 #3 type] 
Type domain.User is not enhanced.

[2024-02-25 16:21:57 #4 type.registry] 
New type domain.Driver

[2024-02-25 16:21:57 #5 type] 
Type domain.Driver is not enhanced.

[2024-02-25 16:21:57 #6 type.registry] 
New type domain.Ride

[2024-02-25 16:21:57 #7 type] 
Type domain.Ride is not enhanced.

[2024-02-25 16:21:57 #8 type.registry] 
New type java.util.Vector<java.lang.Object>

[2024-02-25 16:21:57 #9 type.registry] 
New type java.util.Vector<domain.Ride>

------------------------------------------------------------------------------------------------------------------------

[2024-02-25 16:23:23 #1 store] 
Database 'C:\Users\Xabi\git\Rides24\src\main\resources\rides.temp' is opened by 11000@DESKTOP-PNFEN4V

[2024-02-25 16:23:30 #2 type.registry] 
New type domain.User

[2024-02-25 16:23:30 #3 type] 
Type domain.User is not enhanced.

[2024-02-25 16:23:30 #4 type.registry] 
New type domain.Driver

[2024-02-25 16:23:30 #5 type] 
Type domain.Driver is not enhanced.

[2024-02-25 16:23:30 #6 type.registry] 
New type domain.Ride

[2024-02-25 16:23:30 #7 type] 
Type domain.Ride is not enhanced.

[2024-02-25 16:23:30 #8 type.registry] 
New type java.util.Vector<java.lang.Object>

[2024-02-25 16:23:30 #9 type.registry] 
New type java.util.Vector<domain.Ride>

------------------------------------------------------------------------------------------------------------------------

[2024-02-25 16:24:15 #1 store] 
Database 'C:\Users\Xabi\git\Rides24\src\main\resources\rides.temp' is opened by 12252@DESKTOP-PNFEN4V

[2024-02-25 16:24:20 #2 type.registry] 
New type domain.User

[2024-02-25 16:24:20 #3 type] 
Type domain.User is not enhanced.

[2024-02-25 16:24:20 #4 type.registry] 
New type domain.Driver

[2024-02-25 16:24:20 #5 type] 
Type domain.Driver is not enhanced.

[2024-02-25 16:24:20 #6 type.registry] 
New type domain.Ride

[2024-02-25 16:24:20 #7 type] 
Type domain.Ride is not enhanced.

[2024-02-25 16:24:20 #8 type.registry] 
New type java.util.Vector<java.lang.Object>

[2024-02-25 16:24:20 #9 type.registry] 
New type java.util.Vector<domain.Ride>

------------------------------------------------------------------------------------------------------------------------

[2024-02-25 16:26:16 #1 store] 
Database 'C:\Users\Xabi\git\Rides24\src\main\resources\rides.temp' is opened by 7760@DESKTOP-PNFEN4V

[2024-02-25 16:26:35 #2 type.registry] 
New type domain.User

[2024-02-25 16:26:35 #3 type] 
Type domain.User is not enhanced.

[2024-02-25 16:26:35 #4 type.registry] 
New type domain.Driver

[2024-02-25 16:26:35 #5 type] 
Type domain.Driver is not enhanced.

[2024-02-25 16:26:35 #6 type.registry] 
New type domain.Ride

[2024-02-25 16:26:35 #7 type] 
Type domain.Ride is not enhanced.

[2024-02-25 16:26:36 #8 type.registry] 
New type java.util.Vector<java.lang.Object>

[2024-02-25 16:26:36 #9 type.registry] 
New type java.util.Vector<domain.Ride>

------------------------------------------------------------------------------------------------------------------------

[2024-02-25 16:33:40 #1 store] 
Database 'C:\Users\Xabi\git\Rides24\src\main\resources\rides.temp' has been recovered (tr. 1-7)

[2024-02-25 16:33:40 #2 store] 
Database 'C:\Users\Xabi\git\Rides24\src\main\resources\rides.temp' is opened by 10860@DESKTOP-PNFEN4V

[2024-02-25 16:33:40 #3 type] 
Type domain.User is not enhanced.

[2024-02-25 16:33:40 #4 type] 
Type domain.Driver is not enhanced.

[2024-02-25 16:33:40 #5 type] 
Type domain.Ride is not enhanced.

------------------------------------------------------------------------------------------------------------------------

[2024-02-25 16:37:00 #1 store] 
Database 'C:\Users\Xabi\git\Rides24\src\main\resources\rides.temp' is opened by 5392@DESKTOP-PNFEN4V

[2024-02-25 16:37:00 #2 type] 
Type domain.User is not enhanced.

[2024-02-25 16:37:00 #3 type] 
Type domain.Driver is not enhanced.

[2024-02-25 16:37:00 #4 type] 
Type domain.Ride is not enhanced.

[2024-02-25 16:37:11 #5 type.registry] 
New type domain.Traveler

[2024-02-25 16:37:11 #6 type] 
Type domain.Traveler is not enhanced.

