------------------------------------------------------------------------------------------------------------------------

[2025-04-05 20:52:49 #1 store] 
Database 'C:\Users\itxas\git\Rides24\src\main\resources\rides.temp' is opened by 5500@Itxaso

[2025-04-05 20:52:49 #2 type] 
Type domain.User is not enhanced.

[2025-04-05 20:52:50 #3 type] 
Type domain.Driver is not enhanced.

[2025-04-05 20:52:50 #4 type] 
Type domain.Ride is not enhanced.

[2025-04-05 20:52:50 #5 type] 
Type domain.Bidaiari is not enhanced.

[2025-04-05 20:52:50 #6 type] 
Type domain.Eskaera is not enhanced.

[2025-04-05 20:52:50 #7 type] 
Type domain.Car is not enhanced.

[2025-04-05 20:52:50 #8 type] 
Type domain.Movement is not enhanced.

------------------------------------------------------------------------------------------------------------------------

[2025-04-05 21:00:26 #1 store] 
Database 'C:\Users\itxas\git\Rides24\src\main\resources\rides.temp' is opened by 13740@Itxaso

[2025-04-05 21:00:26 #2 type] 
Type domain.User is not enhanced.

[2025-04-05 21:00:27 #3 type] 
Type domain.Driver is not enhanced.

[2025-04-05 21:00:27 #4 type] 
Type domain.Ride is not enhanced.

[2025-04-05 21:00:27 #5 type] 
Type domain.Bidaiari is not enhanced.

[2025-04-05 21:00:27 #6 type] 
Type domain.Eskaera is not enhanced.

[2025-04-05 21:00:27 #7 type] 
Type domain.Car is not enhanced.

[2025-04-05 21:00:27 #8 type] 
Type domain.Movement is not enhanced.

------------------------------------------------------------------------------------------------------------------------

[2025-04-05 21:01:51 #1 store] 
Database 'C:\Users\itxas\git\Rides24\src\main\resources\rides.temp' is opened by 12916@Itxaso

[2025-04-05 21:01:51 #2 type] 
Type domain.User is not enhanced.

[2025-04-05 21:01:51 #3 type] 
Type domain.Driver is not enhanced.

[2025-04-05 21:01:51 #4 type] 
Type domain.Ride is not enhanced.

[2025-04-05 21:01:51 #5 type] 
Type domain.Bidaiari is not enhanced.

[2025-04-05 21:01:51 #6 type] 
Type domain.Eskaera is not enhanced.

[2025-04-05 21:01:51 #7 type] 
Type domain.Car is not enhanced.

[2025-04-05 21:01:51 #8 type] 
Type domain.Movement is not enhanced.

------------------------------------------------------------------------------------------------------------------------

[2025-04-05 22:06:28 #1 store] 
Database 'C:\Users\itxas\git\Rides24\src\main\resources\rides.temp' is opened by 27048@Itxaso

[2025-04-05 22:06:28 #2 type] 
Type domain.User is not enhanced.

[2025-04-05 22:06:28 #3 type] 
Type domain.Driver is not enhanced.

[2025-04-05 22:06:28 #4 type] 
Type domain.Ride is not enhanced.

[2025-04-05 22:06:28 #5 type] 
Type domain.Bidaiari is not enhanced.

[2025-04-05 22:06:28 #6 type] 
Type domain.Eskaera is not enhanced.

[2025-04-05 22:06:28 #7 type] 
Type domain.Car is not enhanced.

[2025-04-05 22:06:28 #8 type] 
Type domain.Movement is not enhanced.

------------------------------------------------------------------------------------------------------------------------

[2025-04-05 22:09:37 #1 store] 
Database 'C:\Users\itxas\git\Rides24\src\main\resources\rides.temp' is opened by 20440@Itxaso

[2025-04-05 22:09:37 #2 type] 
Type domain.User is not enhanced.

[2025-04-05 22:09:37 #3 type] 
Type domain.Driver is not enhanced.

[2025-04-05 22:09:37 #4 type] 
Type domain.Ride is not enhanced.

[2025-04-05 22:09:37 #5 type] 
Type domain.Bidaiari is not enhanced.

[2025-04-05 22:09:37 #6 type] 
Type domain.Eskaera is not enhanced.

[2025-04-05 22:09:37 #7 type] 
Type domain.Car is not enhanced.

[2025-04-05 22:09:37 #8 type] 
Type domain.Movement is not enhanced.

------------------------------------------------------------------------------------------------------------------------

[2025-04-05 22:13:24 #1 store] 
Database 'C:\Users\itxas\git\Rides24\src\main\resources\rides.temp' is opened by 17296@Itxaso

[2025-04-05 22:13:24 #2 type] 
Type domain.User is not enhanced.

[2025-04-05 22:13:24 #3 type] 
Type domain.Driver is not enhanced.

[2025-04-05 22:13:24 #4 type] 
Type domain.Ride is not enhanced.

[2025-04-05 22:13:24 #5 type] 
Type domain.Bidaiari is not enhanced.

[2025-04-05 22:13:24 #6 type] 
Type domain.Eskaera is not enhanced.

[2025-04-05 22:13:24 #7 type] 
Type domain.Car is not enhanced.

[2025-04-05 22:13:24 #8 type] 
Type domain.Movement is not enhanced.

------------------------------------------------------------------------------------------------------------------------

[2025-04-05 22:21:22 #1 store] 
Database 'C:\Users\itxas\git\Rides24\src\main\resources\rides.temp' is opened by 4112@Itxaso

[2025-04-05 22:21:22 #2 type] 
Type domain.User is not enhanced.

[2025-04-05 22:21:22 #3 type] 
Type domain.Driver is not enhanced.

[2025-04-05 22:21:22 #4 type] 
Type domain.Ride is not enhanced.

[2025-04-05 22:21:22 #5 type] 
Type domain.Bidaiari is not enhanced.

[2025-04-05 22:21:22 #6 type] 
Type domain.Eskaera is not enhanced.

[2025-04-05 22:21:22 #7 type] 
Type domain.Car is not enhanced.

[2025-04-05 22:21:22 #8 type] 
Type domain.Movement is not enhanced.

------------------------------------------------------------------------------------------------------------------------

[2025-04-05 22:31:24 #1 store] 
Database 'C:\Users\itxas\git\Rides24\src\main\resources\rides.temp' has been recovered (tr. 95-95)

[2025-04-05 22:31:24 #2 store] 
Database 'C:\Users\itxas\git\Rides24\src\main\resources\rides.temp' is opened by 16584@Itxaso

[2025-04-05 22:31:25 #3 type] 
Type domain.User is not enhanced.

[2025-04-05 22:31:25 #4 type] 
Type domain.Driver is not enhanced.

[2025-04-05 22:31:25 #5 type] 
Type domain.Ride is not enhanced.

[2025-04-05 22:31:25 #6 type] 
Type domain.Bidaiari is not enhanced.

[2025-04-05 22:31:25 #7 type] 
Type domain.Eskaera is not enhanced.

[2025-04-05 22:31:25 #8 type] 
Type domain.Car is not enhanced.

[2025-04-05 22:31:25 #9 type] 
Type domain.Movement is not enhanced.

------------------------------------------------------------------------------------------------------------------------

[2025-04-05 22:34:22 #1 store] 
Database 'C:\Users\itxas\git\Rides24\src\main\resources\rides.temp' has been recovered (tr. 96-98)

[2025-04-05 22:34:23 #2 store] 
Database 'C:\Users\itxas\git\Rides24\src\main\resources\rides.temp' is opened by 1072@Itxaso

[2025-04-05 22:34:23 #3 type] 
Type domain.User is not enhanced.

[2025-04-05 22:34:23 #4 type] 
Type domain.Driver is not enhanced.

[2025-04-05 22:34:23 #5 type] 
Type domain.Ride is not enhanced.

[2025-04-05 22:34:23 #6 type] 
Type domain.Bidaiari is not enhanced.

[2025-04-05 22:34:23 #7 type] 
Type domain.Eskaera is not enhanced.

[2025-04-05 22:34:23 #8 type] 
Type domain.Car is not enhanced.

[2025-04-05 22:34:23 #9 type] 
Type domain.Movement is not enhanced.

------------------------------------------------------------------------------------------------------------------------

[2025-04-05 22:36:25 #1 store] 
Database 'C:\Users\itxas\git\Rides24\src\main\resources\rides.temp' is opened by 19512@Itxaso

[2025-04-05 22:36:26 #2 type] 
Type domain.User is not enhanced.

[2025-04-05 22:36:26 #3 type] 
Type domain.Driver is not enhanced.

[2025-04-05 22:36:26 #4 type] 
Type domain.Ride is not enhanced.

[2025-04-05 22:36:26 #5 type] 
Type domain.Bidaiari is not enhanced.

[2025-04-05 22:36:26 #6 type] 
Type domain.Eskaera is not enhanced.

[2025-04-05 22:36:26 #7 type] 
Type domain.Car is not enhanced.

[2025-04-05 22:36:26 #8 type] 
Type domain.Movement is not enhanced.

------------------------------------------------------------------------------------------------------------------------

[2025-04-05 22:43:01 #1 store] 
Database 'C:\Users\itxas\git\Rides24\src\main\resources\rides.temp' is opened by 6696@Itxaso

[2025-04-05 22:43:01 #2 type] 
Type domain.User is not enhanced.

[2025-04-05 22:43:01 #3 type] 
Type domain.Driver is not enhanced.

[2025-04-05 22:43:01 #4 type] 
Type domain.Ride is not enhanced.

[2025-04-05 22:43:01 #5 type] 
Type domain.Bidaiari is not enhanced.

[2025-04-05 22:43:01 #6 type] 
Type domain.Eskaera is not enhanced.

[2025-04-05 22:43:01 #7 type] 
Type domain.Car is not enhanced.

[2025-04-05 22:43:01 #8 type] 
Type domain.Movement is not enhanced.

------------------------------------------------------------------------------------------------------------------------

[2025-04-05 22:48:18 #1 store] 
Database 'C:\Users\itxas\git\Rides24\src\main\resources\rides.temp' is opened by 26220@Itxaso

[2025-04-05 22:48:18 #2 type] 
Type domain.User is not enhanced.

[2025-04-05 22:48:18 #3 type] 
Type domain.Driver is not enhanced.

[2025-04-05 22:48:18 #4 type] 
Type domain.Ride is not enhanced.

[2025-04-05 22:48:18 #5 type] 
Type domain.Bidaiari is not enhanced.

[2025-04-05 22:48:18 #6 type] 
Type domain.Eskaera is not enhanced.

[2025-04-05 22:48:18 #7 type] 
Type domain.Car is not enhanced.

[2025-04-05 22:48:18 #8 type] 
Type domain.Movement is not enhanced.

------------------------------------------------------------------------------------------------------------------------

[2025-04-05 22:50:52 #1 store] 
Database 'C:\Users\itxas\git\Rides24\src\main\resources\rides.temp' has been recovered (tr. 101-106)

[2025-04-05 22:50:52 #2 store] 
Database 'C:\Users\itxas\git\Rides24\src\main\resources\rides.temp' is opened by 18500@Itxaso

[2025-04-05 22:50:52 #3 type] 
Type domain.User is not enhanced.

[2025-04-05 22:50:53 #4 type] 
Type domain.Driver is not enhanced.

[2025-04-05 22:50:53 #5 type] 
Type domain.Ride is not enhanced.

[2025-04-05 22:50:53 #6 type] 
Type domain.Bidaiari is not enhanced.

[2025-04-05 22:50:53 #7 type] 
Type domain.Eskaera is not enhanced.

[2025-04-05 22:50:53 #8 type] 
Type domain.Car is not enhanced.

[2025-04-05 22:50:53 #9 type] 
Type domain.Movement is not enhanced.

------------------------------------------------------------------------------------------------------------------------

[2025-04-05 22:53:03 #1 store] 
Database 'C:\Users\itxas\git\Rides24\src\main\resources\rides.temp' is opened by 13808@Itxaso

[2025-04-05 22:53:03 #2 type] 
Type domain.User is not enhanced.

[2025-04-05 22:53:03 #3 type] 
Type domain.Driver is not enhanced.

[2025-04-05 22:53:03 #4 type] 
Type domain.Ride is not enhanced.

[2025-04-05 22:53:03 #5 type] 
Type domain.Bidaiari is not enhanced.

[2025-04-05 22:53:03 #6 type] 
Type domain.Eskaera is not enhanced.

[2025-04-05 22:53:03 #7 type] 
Type domain.Car is not enhanced.

[2025-04-05 22:53:03 #8 type] 
Type domain.Movement is not enhanced.

------------------------------------------------------------------------------------------------------------------------

[2025-04-05 22:58:20 #1 store] 
Database 'C:\Users\itxas\git\Rides24\src\main\resources\rides.temp' is opened by 12484@Itxaso

[2025-04-05 22:58:21 #2 type] 
Type domain.User is not enhanced.

[2025-04-05 22:58:21 #3 type] 
Type domain.Driver is not enhanced.

[2025-04-05 22:58:21 #4 type] 
Type domain.Ride is not enhanced.

[2025-04-05 22:58:21 #5 type] 
Type domain.Bidaiari is not enhanced.

[2025-04-05 22:58:21 #6 type] 
Type domain.Eskaera is not enhanced.

[2025-04-05 22:58:21 #7 type] 
Type domain.Car is not enhanced.

[2025-04-05 22:58:21 #8 type] 
Type domain.Movement is not enhanced.

------------------------------------------------------------------------------------------------------------------------

[2025-04-05 23:16:27 #1 store] 
Database 'C:\Users\itxas\git\Rides24\src\main\resources\rides.temp' is opened by 932@Itxaso

[2025-04-05 23:16:27 #2 type] 
Type domain.User is not enhanced.

[2025-04-05 23:16:27 #3 type] 
Type domain.Driver is not enhanced.

[2025-04-05 23:16:27 #4 type] 
Type domain.Ride is not enhanced.

[2025-04-05 23:16:27 #5 type] 
Type domain.Bidaiari is not enhanced.

[2025-04-05 23:16:27 #6 type] 
Type domain.Eskaera is not enhanced.

[2025-04-05 23:16:27 #7 type] 
Type domain.Car is not enhanced.

[2025-04-05 23:16:27 #8 type] 
Type domain.Movement is not enhanced.

------------------------------------------------------------------------------------------------------------------------

[2025-04-05 23:18:11 #1 store] 
Database 'C:\Users\itxas\git\Rides24\src\main\resources\rides.temp' is opened by 24292@Itxaso

[2025-04-05 23:18:11 #2 type] 
Type domain.User is not enhanced.

[2025-04-05 23:18:11 #3 type] 
Type domain.Driver is not enhanced.

[2025-04-05 23:18:11 #4 type] 
Type domain.Ride is not enhanced.

[2025-04-05 23:18:11 #5 type] 
Type domain.Bidaiari is not enhanced.

[2025-04-05 23:18:11 #6 type] 
Type domain.Eskaera is not enhanced.

[2025-04-05 23:18:11 #7 type] 
Type domain.Car is not enhanced.

[2025-04-05 23:18:11 #8 type] 
Type domain.Movement is not enhanced.

