------------------------------------------------------------------------------------------------------------------------

[2025-03-02 10:57:32 #1 store] 
Database 'C:\Users\itxas\git\Rides24\src\main\resources\rides.temp' is opened by 3340@Itxaso

[2025-03-02 10:57:33 #2 type] 
Type domain.User is not enhanced.

[2025-03-02 10:57:33 #3 type] 
Type domain.Driver is not enhanced.

[2025-03-02 10:57:33 #4 type] 
Type domain.Ride is not enhanced.

[2025-03-02 10:57:33 #5 type] 
Type domain.Bidaiari is not enhanced.

[2025-03-02 10:57:33 #6 type] 
Type domain.Eskaera is not enhanced.

------------------------------------------------------------------------------------------------------------------------

[2025-03-02 11:06:19 #1 store] 
Database 'C:\Users\itxas\git\Rides24\src\main\resources\rides.temp' is opened by 19276@Itxaso

[2025-03-02 11:06:19 #2 type] 
Type domain.User is not enhanced.

[2025-03-02 11:06:19 #3 type] 
Type domain.Driver is not enhanced.

[2025-03-02 11:06:19 #4 type] 
Type domain.Ride is not enhanced.

[2025-03-02 11:06:19 #5 type] 
Type domain.Bidaiari is not enhanced.

[2025-03-02 11:06:19 #6 type] 
Type domain.Eskaera is not enhanced.

------------------------------------------------------------------------------------------------------------------------

[2025-03-02 11:11:49 #1 store] 
Database 'C:\Users\itxas\git\Rides24\src\main\resources\rides.temp' is opened by 17640@Itxaso

[2025-03-02 11:11:49 #2 type] 
Type domain.User is not enhanced.

[2025-03-02 11:11:49 #3 type] 
Type domain.Driver is not enhanced.

[2025-03-02 11:11:49 #4 type] 
Type domain.Ride is not enhanced.

[2025-03-02 11:11:49 #5 type] 
Type domain.Bidaiari is not enhanced.

[2025-03-02 11:11:49 #6 type] 
Type domain.Eskaera is not enhanced.

------------------------------------------------------------------------------------------------------------------------

[2025-03-02 11:13:20 #1 store] 
Database 'C:\Users\itxas\git\Rides24\src\main\resources\rides.temp' is opened by 14732@Itxaso

[2025-03-02 11:13:21 #2 type] 
Type domain.User is not enhanced.

[2025-03-02 11:13:21 #3 type] 
Type domain.Driver is not enhanced.

[2025-03-02 11:13:21 #4 type] 
Type domain.Ride is not enhanced.

[2025-03-02 11:13:21 #5 type] 
Type domain.Bidaiari is not enhanced.

[2025-03-02 11:13:21 #6 type] 
Type domain.Eskaera is not enhanced.

------------------------------------------------------------------------------------------------------------------------

[2025-03-02 11:17:14 #1 store] 
Database 'C:\Users\itxas\git\Rides24\src\main\resources\rides.temp' is opened by 13800@Itxaso

[2025-03-02 11:17:14 #2 type] 
Type domain.User is not enhanced.

[2025-03-02 11:17:14 #3 type] 
Type domain.Driver is not enhanced.

[2025-03-02 11:17:14 #4 type] 
Type domain.Ride is not enhanced.

[2025-03-02 11:17:14 #5 type] 
Type domain.Bidaiari is not enhanced.

[2025-03-02 11:17:14 #6 type] 
Type domain.Eskaera is not enhanced.

------------------------------------------------------------------------------------------------------------------------

[2025-03-02 11:18:22 #1 store] 
Database 'C:\Users\itxas\git\Rides24\src\main\resources\rides.temp' has been recovered (tr. 31-34)

[2025-03-02 11:18:22 #2 store] 
Database 'C:\Users\itxas\git\Rides24\src\main\resources\rides.temp' is opened by 19776@Itxaso

[2025-03-02 11:18:23 #3 type] 
Type domain.User is not enhanced.

[2025-03-02 11:18:23 #4 type] 
Type domain.Driver is not enhanced.

[2025-03-02 11:18:23 #5 type] 
Type domain.Ride is not enhanced.

[2025-03-02 11:18:23 #6 type] 
Type domain.Bidaiari is not enhanced.

[2025-03-02 11:18:23 #7 type] 
Type domain.Eskaera is not enhanced.

------------------------------------------------------------------------------------------------------------------------

[2025-03-02 11:22:35 #1 store] 
Database 'C:\Users\itxas\git\Rides24\src\main\resources\rides.temp' is opened by 25556@Itxaso

[2025-03-02 11:22:35 #2 type] 
Type domain.User is not enhanced.

[2025-03-02 11:22:35 #3 type] 
Type domain.Driver is not enhanced.

[2025-03-02 11:22:35 #4 type] 
Type domain.Ride is not enhanced.

[2025-03-02 11:22:35 #5 type] 
Type domain.Bidaiari is not enhanced.

[2025-03-02 11:22:35 #6 type] 
Type domain.Eskaera is not enhanced.

------------------------------------------------------------------------------------------------------------------------

[2025-03-02 11:24:08 #1 store] 
Database 'C:\Users\itxas\git\Rides24\src\main\resources\rides.temp' is opened by 25512@Itxaso

[2025-03-02 11:24:08 #2 type] 
Type domain.User is not enhanced.

[2025-03-02 11:24:08 #3 type] 
Type domain.Driver is not enhanced.

[2025-03-02 11:24:08 #4 type] 
Type domain.Ride is not enhanced.

[2025-03-02 11:24:08 #5 type] 
Type domain.Bidaiari is not enhanced.

[2025-03-02 11:24:08 #6 type] 
Type domain.Eskaera is not enhanced.

------------------------------------------------------------------------------------------------------------------------

[2025-03-02 11:26:59 #1 store] 
Database 'C:\Users\itxas\git\Rides24\src\main\resources\rides.temp' has been recovered (tr. 36-36)

[2025-03-02 11:26:59 #2 store] 
Database 'C:\Users\itxas\git\Rides24\src\main\resources\rides.temp' is opened by 1348@Itxaso

[2025-03-02 11:26:59 #3 type] 
Type domain.User is not enhanced.

[2025-03-02 11:26:59 #4 type] 
Type domain.Driver is not enhanced.

[2025-03-02 11:26:59 #5 type] 
Type domain.Ride is not enhanced.

[2025-03-02 11:26:59 #6 type] 
Type domain.Bidaiari is not enhanced.

[2025-03-02 11:26:59 #7 type] 
Type domain.Eskaera is not enhanced.

------------------------------------------------------------------------------------------------------------------------

[2025-03-02 13:45:39 #1 store] 
Database 'C:\Users\itxas\git\Rides24\src\main\resources\rides.temp' is opened by 17984@Itxaso

[2025-03-02 13:45:40 #2 type] 
Type domain.User is not enhanced.

[2025-03-02 13:45:40 #3 type] 
Type domain.Driver is not enhanced.

[2025-03-02 13:45:40 #4 type] 
Type domain.Ride is not enhanced.

[2025-03-02 13:45:40 #5 type] 
Type domain.Bidaiari is not enhanced.

[2025-03-02 13:45:40 #6 type] 
Type domain.Eskaera is not enhanced.

------------------------------------------------------------------------------------------------------------------------

[2025-03-02 13:47:55 #1 store] 
Database 'C:\Users\itxas\git\Rides24\src\main\resources\rides.temp' is opened by 3292@Itxaso

[2025-03-02 13:47:55 #2 type] 
Type domain.User is not enhanced.

[2025-03-02 13:47:55 #3 type] 
Type domain.Driver is not enhanced.

[2025-03-02 13:47:55 #4 type] 
Type domain.Ride is not enhanced.

[2025-03-02 13:47:55 #5 type] 
Type domain.Bidaiari is not enhanced.

[2025-03-02 13:47:55 #6 type] 
Type domain.Eskaera is not enhanced.

------------------------------------------------------------------------------------------------------------------------

[2025-03-02 13:49:19 #1 store] 
Database 'C:\Users\itxas\git\Rides24\src\main\resources\rides.temp' has been recovered (tr. 38-38)

[2025-03-02 13:49:19 #2 store] 
Database 'C:\Users\itxas\git\Rides24\src\main\resources\rides.temp' is opened by 18252@Itxaso

[2025-03-02 13:49:19 #3 type] 
Type domain.User is not enhanced.

[2025-03-02 13:49:19 #4 type] 
Type domain.Driver is not enhanced.

[2025-03-02 13:49:19 #5 type] 
Type domain.Ride is not enhanced.

[2025-03-02 13:49:19 #6 type] 
Type domain.Bidaiari is not enhanced.

[2025-03-02 13:49:19 #7 type] 
Type domain.Eskaera is not enhanced.

------------------------------------------------------------------------------------------------------------------------

[2025-03-02 13:52:53 #1 store] 
Database 'C:\Users\itxas\git\Rides24\src\main\resources\rides.temp' is opened by 13664@Itxaso

[2025-03-02 13:52:53 #2 type] 
Type domain.User is not enhanced.

[2025-03-02 13:52:53 #3 type] 
Type domain.Driver is not enhanced.

[2025-03-02 13:52:53 #4 type] 
Type domain.Ride is not enhanced.

[2025-03-02 13:52:53 #5 type] 
Type domain.Bidaiari is not enhanced.

[2025-03-02 13:52:53 #6 type] 
Type domain.Eskaera is not enhanced.

------------------------------------------------------------------------------------------------------------------------

[2025-03-02 13:53:45 #1 store] 
Database 'C:\Users\itxas\git\Rides24\src\main\resources\rides.temp' is opened by 1300@Itxaso

[2025-03-02 13:53:45 #2 type] 
Type domain.User is not enhanced.

[2025-03-02 13:53:45 #3 type] 
Type domain.Driver is not enhanced.

[2025-03-02 13:53:45 #4 type] 
Type domain.Ride is not enhanced.

[2025-03-02 13:53:45 #5 type] 
Type domain.Bidaiari is not enhanced.

[2025-03-02 13:53:45 #6 type] 
Type domain.Eskaera is not enhanced.

------------------------------------------------------------------------------------------------------------------------

[2025-03-02 13:54:48 #1 store] 
Database 'C:\Users\itxas\git\Rides24\src\main\resources\rides.temp' has been recovered (tr. 39-39)

[2025-03-02 13:54:48 #2 store] 
Database 'C:\Users\itxas\git\Rides24\src\main\resources\rides.temp' is opened by 19848@Itxaso

[2025-03-02 13:54:48 #3 type] 
Type domain.User is not enhanced.

[2025-03-02 13:54:48 #4 type] 
Type domain.Driver is not enhanced.

[2025-03-02 13:54:48 #5 type] 
Type domain.Ride is not enhanced.

[2025-03-02 13:54:48 #6 type] 
Type domain.Bidaiari is not enhanced.

[2025-03-02 13:54:48 #7 type] 
Type domain.Eskaera is not enhanced.

------------------------------------------------------------------------------------------------------------------------

[2025-03-02 13:57:42 #1 store] 
Database 'C:\Users\itxas\git\Rides24\src\main\resources\rides.temp' has been recovered (tr. 40-40)

[2025-03-02 13:57:42 #2 store] 
Database 'C:\Users\itxas\git\Rides24\src\main\resources\rides.temp' is opened by 12056@Itxaso

[2025-03-02 13:57:42 #3 type] 
Type domain.User is not enhanced.

[2025-03-02 13:57:42 #4 type] 
Type domain.Driver is not enhanced.

[2025-03-02 13:57:42 #5 type] 
Type domain.Ride is not enhanced.

[2025-03-02 13:57:42 #6 type] 
Type domain.Bidaiari is not enhanced.

[2025-03-02 13:57:42 #7 type] 
Type domain.Eskaera is not enhanced.

------------------------------------------------------------------------------------------------------------------------

[2025-03-02 13:59:47 #1 store] 
Database 'C:\Users\itxas\git\Rides24\src\main\resources\rides.temp' is opened by 3820@Itxaso

[2025-03-02 13:59:47 #2 type] 
Type domain.User is not enhanced.

[2025-03-02 13:59:47 #3 type] 
Type domain.Driver is not enhanced.

[2025-03-02 13:59:47 #4 type] 
Type domain.Ride is not enhanced.

[2025-03-02 13:59:47 #5 type] 
Type domain.Bidaiari is not enhanced.

[2025-03-02 13:59:47 #6 type] 
Type domain.Eskaera is not enhanced.

------------------------------------------------------------------------------------------------------------------------

[2025-03-02 14:05:10 #1 store] 
Database 'C:\Users\itxas\git\Rides24\src\main\resources\rides.temp' is opened by 22828@Itxaso

[2025-03-02 14:05:10 #2 type] 
Type domain.User is not enhanced.

[2025-03-02 14:05:10 #3 type] 
Type domain.Driver is not enhanced.

[2025-03-02 14:05:10 #4 type] 
Type domain.Ride is not enhanced.

[2025-03-02 14:05:10 #5 type] 
Type domain.Bidaiari is not enhanced.

[2025-03-02 14:05:10 #6 type] 
Type domain.Eskaera is not enhanced.

------------------------------------------------------------------------------------------------------------------------

[2025-03-02 14:05:40 #1 store] 
Database 'C:\Users\itxas\git\Rides24\src\main\resources\rides.temp' is opened by 22168@Itxaso

[2025-03-02 14:05:40 #2 type] 
Type domain.User is not enhanced.

[2025-03-02 14:05:40 #3 type] 
Type domain.Driver is not enhanced.

[2025-03-02 14:05:40 #4 type] 
Type domain.Ride is not enhanced.

[2025-03-02 14:05:40 #5 type] 
Type domain.Bidaiari is not enhanced.

[2025-03-02 14:05:40 #6 type] 
Type domain.Eskaera is not enhanced.

------------------------------------------------------------------------------------------------------------------------

[2025-03-02 14:07:11 #1 store] 
Database 'C:\Users\itxas\git\Rides24\src\main\resources\rides.temp' has been recovered (tr. 42-42)

[2025-03-02 14:07:11 #2 store] 
Database 'C:\Users\itxas\git\Rides24\src\main\resources\rides.temp' is opened by 27212@Itxaso

[2025-03-02 14:07:11 #3 type] 
Type domain.User is not enhanced.

[2025-03-02 14:07:11 #4 type] 
Type domain.Driver is not enhanced.

[2025-03-02 14:07:11 #5 type] 
Type domain.Ride is not enhanced.

[2025-03-02 14:07:11 #6 type] 
Type domain.Bidaiari is not enhanced.

[2025-03-02 14:07:11 #7 type] 
Type domain.Eskaera is not enhanced.

