------------------------------------------------------------------------------------------------------------------------

[2024-03-01 16:48:58 #1 store] 
Database 'C:\Users\Xabi\OneDrive\Escritorio\ECLIPSE\Rides24\src\main\resources\rides.temp' is opened by 8256@DESKTOP-PNFEN4V

------------------------------------------------------------------------------------------------------------------------

[2024-03-01 16:50:20 #1 store] 
Database 'C:\Users\Xabi\OneDrive\Escritorio\ECLIPSE\Rides24\src\main\resources\rides.temp' is opened by 13172@DESKTOP-PNFEN4V

[2024-03-01 16:50:27 #2 type.registry] 
New type domain.User

[2024-03-01 16:50:27 #3 type] 
Type domain.User is not enhanced.

[2024-03-01 16:50:28 #4 type.registry] 
New type domain.Driver

[2024-03-01 16:50:28 #5 type] 
Type domain.Driver is not enhanced.

[2024-03-01 16:50:28 #6 type.registry] 
New type domain.Ride

[2024-03-01 16:50:28 #7 type] 
Type domain.Ride is not enhanced.

[2024-03-01 16:50:28 #8 type.registry] 
New type domain.ReserveStatus

[2024-03-01 16:50:28 #9 type.registry] 
New type java.util.ArrayList<domain.ReserveStatus>

[2024-03-01 16:50:28 #10 type.registry] 
New type java.util.Vector<java.lang.Object>

[2024-03-01 16:50:28 #11 type.registry] 
New type java.util.Vector<domain.Ride>

[2024-03-01 16:50:28 #12 type.registry] 
New type domain.Traveler

[2024-03-01 16:50:28 #13 type] 
Type domain.Traveler is not enhanced.

------------------------------------------------------------------------------------------------------------------------

[2024-03-01 16:51:39 #1 store] 
Database 'C:\Users\Xabi\OneDrive\Escritorio\ECLIPSE\Rides24\src\main\resources\rides.temp' is opened by 15008@DESKTOP-PNFEN4V

[2024-03-01 16:51:41 #2 type.registry] 
New type domain.User

[2024-03-01 16:51:41 #3 type] 
Type domain.User is not enhanced.

[2024-03-01 16:51:41 #4 type.registry] 
New type domain.Driver

[2024-03-01 16:51:41 #5 type] 
Type domain.Driver is not enhanced.

[2024-03-01 16:51:41 #6 type.registry] 
New type domain.Ride

[2024-03-01 16:51:41 #7 type] 
Type domain.Ride is not enhanced.

[2024-03-01 16:51:41 #8 type.registry] 
New type domain.ReserveStatus

[2024-03-01 16:51:41 #9 type.registry] 
New type java.util.ArrayList<domain.ReserveStatus>

[2024-03-01 16:51:41 #10 type.registry] 
New type java.util.Vector<java.lang.Object>

[2024-03-01 16:51:41 #11 type.registry] 
New type java.util.Vector<domain.Ride>

[2024-03-01 16:51:41 #12 type.registry] 
New type domain.Traveler

[2024-03-01 16:51:41 #13 type] 
Type domain.Traveler is not enhanced.

------------------------------------------------------------------------------------------------------------------------

[2024-03-01 16:54:24 #1 store] 
Database 'C:\Users\Xabi\OneDrive\Escritorio\ECLIPSE\Rides24\src\main\resources\rides.temp' is opened by 1796@DESKTOP-PNFEN4V

[2024-03-01 16:54:26 #2 type.registry] 
New type domain.User

[2024-03-01 16:54:26 #3 type] 
Type domain.User is not enhanced.

[2024-03-01 16:54:26 #4 type.registry] 
New type domain.Driver

[2024-03-01 16:54:26 #5 type] 
Type domain.Driver is not enhanced.

[2024-03-01 16:54:26 #6 type.registry] 
New type domain.Ride

[2024-03-01 16:54:26 #7 type] 
Type domain.Ride is not enhanced.

[2024-03-01 16:54:26 #8 type.registry] 
New type domain.ReserveStatus

[2024-03-01 16:54:26 #9 type.registry] 
New type java.util.ArrayList<domain.ReserveStatus>

[2024-03-01 16:54:26 #10 type.registry] 
New type java.util.Vector<java.lang.Object>

[2024-03-01 16:54:26 #11 type.registry] 
New type java.util.Vector<domain.Ride>

[2024-03-01 16:54:26 #12 type.registry] 
New type domain.Traveler

[2024-03-01 16:54:26 #13 type] 
Type domain.Traveler is not enhanced.

------------------------------------------------------------------------------------------------------------------------

[2024-03-01 16:54:40 #1 store] 
Database 'C:\Users\Xabi\OneDrive\Escritorio\ECLIPSE\Rides24\src\main\resources\rides.temp' is opened by 4360@DESKTOP-PNFEN4V

[2024-03-01 16:54:41 #2 type.registry] 
New type domain.User

[2024-03-01 16:54:41 #3 type] 
Type domain.User is not enhanced.

[2024-03-01 16:54:41 #4 type.registry] 
New type domain.Driver

[2024-03-01 16:54:41 #5 type] 
Type domain.Driver is not enhanced.

[2024-03-01 16:54:41 #6 type.registry] 
New type domain.Ride

[2024-03-01 16:54:41 #7 type] 
Type domain.Ride is not enhanced.

[2024-03-01 16:54:41 #8 type.registry] 
New type domain.ReserveStatus

[2024-03-01 16:54:41 #9 type.registry] 
New type java.util.ArrayList<domain.ReserveStatus>

[2024-03-01 16:54:41 #10 type.registry] 
New type java.util.Vector<java.lang.Object>

[2024-03-01 16:54:41 #11 type.registry] 
New type java.util.Vector<domain.Ride>

[2024-03-01 16:54:41 #12 type.registry] 
New type domain.Traveler

[2024-03-01 16:54:41 #13 type] 
Type domain.Traveler is not enhanced.

------------------------------------------------------------------------------------------------------------------------

[2024-03-01 16:56:41 #1 store] 
Database 'C:\Users\Xabi\OneDrive\Escritorio\ECLIPSE\Rides24\src\main\resources\rides.temp' is opened by 2356@DESKTOP-PNFEN4V

[2024-03-01 16:56:43 #2 type.registry] 
New type domain.User

[2024-03-01 16:56:43 #3 type] 
Type domain.User is not enhanced.

[2024-03-01 16:56:43 #4 type.registry] 
New type domain.Driver

[2024-03-01 16:56:43 #5 type] 
Type domain.Driver is not enhanced.

[2024-03-01 16:56:43 #6 type.registry] 
New type domain.Ride

[2024-03-01 16:56:43 #7 type] 
Type domain.Ride is not enhanced.

[2024-03-01 16:56:43 #8 type.registry] 
New type domain.ReserveStatus

[2024-03-01 16:56:43 #9 type.registry] 
New type java.util.ArrayList<domain.ReserveStatus>

[2024-03-01 16:56:43 #10 type.registry] 
New type java.util.Vector<java.lang.Object>

[2024-03-01 16:56:43 #11 type.registry] 
New type java.util.Vector<domain.Ride>

[2024-03-01 16:56:43 #12 type.registry] 
New type domain.Traveler

[2024-03-01 16:56:43 #13 type] 
Type domain.Traveler is not enhanced.

------------------------------------------------------------------------------------------------------------------------

[2024-03-01 16:57:19 #1 store] 
Database 'C:\Users\Xabi\OneDrive\Escritorio\ECLIPSE\Rides24\src\main\resources\rides.temp' is opened by 17892@DESKTOP-PNFEN4V

[2024-03-01 16:57:20 #2 type.registry] 
New type domain.User

[2024-03-01 16:57:20 #3 type] 
Type domain.User is not enhanced.

[2024-03-01 16:57:20 #4 type.registry] 
New type domain.Driver

[2024-03-01 16:57:20 #5 type] 
Type domain.Driver is not enhanced.

[2024-03-01 16:57:20 #6 type.registry] 
New type domain.Ride

[2024-03-01 16:57:20 #7 type] 
Type domain.Ride is not enhanced.

[2024-03-01 16:57:20 #8 type.registry] 
New type domain.ReserveStatus

[2024-03-01 16:57:20 #9 type.registry] 
New type java.util.ArrayList<domain.ReserveStatus>

[2024-03-01 16:57:20 #10 type.registry] 
New type java.util.Vector<java.lang.Object>

[2024-03-01 16:57:20 #11 type.registry] 
New type java.util.Vector<domain.Ride>

[2024-03-01 16:57:20 #12 type.registry] 
New type domain.Traveler

[2024-03-01 16:57:20 #13 type] 
Type domain.Traveler is not enhanced.

------------------------------------------------------------------------------------------------------------------------

[2024-03-01 17:00:32 #1 store] 
Database 'C:\Users\Xabi\OneDrive\Escritorio\ECLIPSE\Rides24\src\main\resources\rides.temp' is opened by 2284@DESKTOP-PNFEN4V

[2024-03-01 17:00:33 #2 type.registry] 
New type domain.User

[2024-03-01 17:00:33 #3 type] 
Type domain.User is not enhanced.

[2024-03-01 17:00:33 #4 type.registry] 
New type domain.Driver

[2024-03-01 17:00:33 #5 type] 
Type domain.Driver is not enhanced.

[2024-03-01 17:00:33 #6 type.registry] 
New type domain.Ride

[2024-03-01 17:00:33 #7 type] 
Type domain.Ride is not enhanced.

[2024-03-01 17:00:33 #8 type.registry] 
New type domain.ReserveStatus

[2024-03-01 17:00:33 #9 type.registry] 
New type java.util.ArrayList<domain.ReserveStatus>

[2024-03-01 17:00:33 #10 type.registry] 
New type java.util.Vector<java.lang.Object>

[2024-03-01 17:00:33 #11 type.registry] 
New type java.util.Vector<domain.Ride>

[2024-03-01 17:00:33 #12 type.registry] 
New type domain.Traveler

[2024-03-01 17:00:33 #13 type] 
Type domain.Traveler is not enhanced.

------------------------------------------------------------------------------------------------------------------------

[2024-03-01 17:01:46 #1 store] 
Database 'C:\Users\Xabi\OneDrive\Escritorio\ECLIPSE\Rides24\src\main\resources\rides.temp' is opened by 17404@DESKTOP-PNFEN4V

[2024-03-01 17:01:48 #2 type.registry] 
New type domain.User

[2024-03-01 17:01:48 #3 type] 
Type domain.User is not enhanced.

[2024-03-01 17:01:48 #4 type.registry] 
New type domain.Driver

[2024-03-01 17:01:48 #5 type] 
Type domain.Driver is not enhanced.

[2024-03-01 17:01:48 #6 type.registry] 
New type domain.Ride

[2024-03-01 17:01:48 #7 type] 
Type domain.Ride is not enhanced.

[2024-03-01 17:01:48 #8 type.registry] 
New type domain.ReserveStatus

[2024-03-01 17:01:48 #9 type.registry] 
New type java.util.ArrayList<domain.ReserveStatus>

[2024-03-01 17:01:48 #10 type.registry] 
New type java.util.Vector<java.lang.Object>

[2024-03-01 17:01:48 #11 type.registry] 
New type java.util.Vector<domain.Ride>

[2024-03-01 17:01:48 #12 type.registry] 
New type domain.Traveler

[2024-03-01 17:01:48 #13 type] 
Type domain.Traveler is not enhanced.

[2024-03-01 17:02:13 #14 type.registry] 
New type java.util.ArrayList<java.lang.Object>

