------------------------------------------------------------------------------------------------------------------------

[2025-04-26 13:04:53 #1 store] 
Database 'C:\Users\itxas\git\Rides24\src\main\resources\rides.temp' has been recovered (tr. 64-64)

[2025-04-26 13:04:53 #2 store] 
Database 'C:\Users\itxas\git\Rides24\src\main\resources\rides.temp' is opened by 8844@Itxaso

[2025-04-26 13:04:53 #3 type] 
Type domain.User is not enhanced.

[2025-04-26 13:04:53 #4 type] 
Type domain.Movement is not enhanced.

[2025-04-26 13:04:53 #5 type] 
Type domain.Driver is not enhanced.

[2025-04-26 13:04:53 #6 type] 
Type domain.Car is not enhanced.

[2025-04-26 13:04:53 #7 type] 
Type domain.Ride is not enhanced.

[2025-04-26 13:04:53 #8 type] 
Type domain.Eskaera is not enhanced.

[2025-04-26 13:04:53 #9 type] 
Type domain.Bidaiari is not enhanced.

------------------------------------------------------------------------------------------------------------------------

[2025-04-26 13:10:20 #1 store] 
Database 'C:\Users\itxas\git\Rides24\src\main\resources\rides.temp' has been recovered (tr. 65-69)

[2025-04-26 13:10:20 #2 store] 
Database 'C:\Users\itxas\git\Rides24\src\main\resources\rides.temp' is opened by 14928@Itxaso

[2025-04-26 13:10:20 #3 type] 
Type domain.User is not enhanced.

[2025-04-26 13:10:20 #4 type] 
Type domain.Movement is not enhanced.

[2025-04-26 13:10:20 #5 type] 
Type domain.Driver is not enhanced.

[2025-04-26 13:10:20 #6 type] 
Type domain.Car is not enhanced.

[2025-04-26 13:10:20 #7 type] 
Type domain.Ride is not enhanced.

[2025-04-26 13:10:20 #8 type] 
Type domain.Eskaera is not enhanced.

[2025-04-26 13:10:20 #9 type] 
Type domain.Bidaiari is not enhanced.

